2023-05-08 19:11:25,275 Namespace(cfg='experiments/coco/mobilenet/mobile.yaml', opts=[], gpu=None, world_size=1, dist_url='tcp://127.0.0.1:23459', rank=0, superconfig='mobile_configs/config.json', teacher=False)
2023-05-08 19:11:25,278 AUTO_RESUME: True
CUDNN:
  BENCHMARK: True
  DETERMINISTIC: False
  ENABLED: True
DATASET:
  BASE_SIGMA: 2.0
  BASE_SIZE: 256.0
  DATASET: coco_kpt
  DATASET_TEST: coco
  DATA_FORMAT: jpg
  FLIP: 0.5
  INPUT_SIZE: 256
  INT_SIGMA: False
  MAX_NUM_PEOPLE: 30
  MAX_ROTATION: 30
  MAX_SCALE: 1.5
  MAX_TRANSLATE: 40
  MIN_SCALE: 0.75
  NUM_JOINTS: 17
  OUTPUT_SIZE: [64, 128]
  ROOT: /content
  SCALE_AWARE_SIGMA: False
  SCALE_TYPE: short
  SIGMA: 2
  TEST: val2017
  TRAIN: train2017
  WITH_CENTER: False
DATA_DIR: 
DEBUG:
  DEBUG: True
  SAVE_BATCH_IMAGES_GT: False
  SAVE_BATCH_IMAGES_PRED: False
  SAVE_HEATMAPS_GT: True
  SAVE_HEATMAPS_PRED: True
  SAVE_TAGMAPS_PRED: True
DIST_BACKEND: nccl
FP16:
  DYNAMIC_LOSS_SCALE: False
  ENABLED: False
  STATIC_LOSS_SCALE: 1.0
GPUS: (0,)
LOG_DIR: log
LOSS:
  AE_LOSS_TYPE: exp
  HEATMAPS_LOSS_FACTOR: (1.0, 1.0)
  NUM_STAGES: 2
  PULL_LOSS_FACTOR: (0.001, 0.001)
  PUSH_LOSS_FACTOR: (0.001, 0.001)
  WITH_AE_LOSS: (True, False)
  WITH_HEATMAPS_LOSS: (True, True)
MODEL:
  EXTRA:
    FINAL_CONV_KERNEL: 1
    NUM_DECONV_FILTERS: [64, 48, 32]
    NUM_DECONV_KERNELS: [4, 4, 4]
    NUM_DECONV_LAYERS: 3
    PRETRAINED_LAYERS: ['*']
  INIT_WEIGHTS: True
  NAME: pose_transmobilenet
  NUM_JOINTS: 17
  PRETRAINED: 
  SYNC_BN: False
  TAG_PER_JOINT: True
MULTIPROCESSING_DISTRIBUTED: True
OUTPUT_DIR: output
PIN_MEMORY: True
PRINT_FREQ: 100
RANK: 0
TEST:
  ADJUST: True
  DETECTION_THRESHOLD: 0.1
  FLIP_TEST: True
  IGNORE_CENTER: True
  IGNORE_TOO_MUCH: False
  IMAGES_PER_GPU: 1
  LOG_PROGRESS: False
  MODEL_FILE: 
  NMS_KERNEL: 5
  NMS_PADDING: 2
  PROJECT2IMAGE: True
  REFINE: True
  SCALE_FACTOR: [1]
  TAG_THRESHOLD: 1.0
  USE_DETECTION_VAL: True
  WITH_AE: (True, False)
  WITH_HEATMAPS: (True, True)
TRAIN:
  BEGIN_EPOCH: 0
  CHECKPOINT: 
  END_EPOCH: 20
  GAMMA1: 0.99
  GAMMA2: 0.0
  IMAGES_PER_GPU: 16
  LR: 0.004
  LR_FACTOR: 0.1
  LR_STEP: [350, 480]
  MOMENTUM: 0.9
  NESTEROV: False
  OPTIMIZER: adam
  RESUME: False
  SHUFFLE: True
  WD: 0.0001
VERBOSE: True
WORKERS: 2
2023-05-08 19:11:28,040 
Total Parameters: 818.46 k
----------------------------------------------------------------------------------------------------------------------------------
Total Multiply Adds: 983.13 MMac
----------------------------------------------------------------------------------------------------------------------------------
Number of Layers

2023-05-08 19:11:41,741 => classes: ['__background__', 'person']
2023-05-08 19:11:42,184 Dataset CocoKeypoints
    Number of datapoints: 64115
    Root Location: /content
    Transforms (if any): None
    Target Transforms (if any): None
2023-05-08 19:12:10,990 Epoch: [0][0/4008]	Time: 28.802s (28.802s)	Speed: 0.6 samples/s	Data: 19.549s (19.549s)	Stage0-heatmaps: 2.503e-01 (2.503e-01)	Stage1-heatmaps: 2.209e-01 (2.209e-01)	Stage0-push: 2.387e-04 (2.387e-04)	Stage1-push: 0.000e+00 (0.000e+00)	Stage0-pull: 3.284e-04 (3.284e-04)	Stage1-pull: 0.000e+00 (0.000e+00)	
2023-05-08 19:12:28,586 Epoch: [0][100/4008]	Time: 0.121s (0.459s)	Speed: 132.7 samples/s	Data: 0.017s (0.268s)	Stage0-heatmaps: 3.682e-03 (1.275e-02)	Stage1-heatmaps: 1.347e-03 (1.122e-02)	Stage0-push: 9.374e-05 (2.060e-04)	Stage1-push: 0.000e+00 (0.000e+00)	Stage0-pull: 1.547e-07 (1.079e-05)	Stage1-pull: 0.000e+00 (0.000e+00)	
2023-05-08 19:12:46,176 Epoch: [0][200/4008]	Time: 0.102s (0.318s)	Speed: 157.0 samples/s	Data: 0.000s (0.172s)	Stage0-heatmaps: 3.552e-03 (8.193e-03)	Stage1-heatmaps: 1.086e-03 (6.210e-03)	Stage0-push: 1.875e-04 (2.114e-04)	Stage1-push: 0.000e+00 (0.000e+00)	Stage0-pull: 8.945e-08 (5.522e-06)	Stage1-pull: 0.000e+00 (0.000e+00)	
2023-05-08 19:13:04,209 Epoch: [0][300/4008]	Time: 0.104s (0.272s)	Speed: 154.3 samples/s	Data: 0.000s (0.142s)	Stage0-heatmaps: 3.105e-03 (6.611e-03)	Stage1-heatmaps: 9.126e-04 (4.482e-03)	Stage0-push: 2.500e-04 (2.105e-04)	Stage1-push: 0.000e+00 (0.000e+00)	Stage0-pull: 1.354e-07 (3.728e-06)	Stage1-pull: 0.000e+00 (0.000e+00)	
2023-05-08 19:13:23,093 Epoch: [0][400/4008]	Time: 0.099s (0.252s)	Speed: 161.1 samples/s	Data: 0.000s (0.128s)	Stage0-heatmaps: 3.391e-03 (5.830e-03)	Stage1-heatmaps: 7.623e-04 (3.610e-03)	Stage0-push: 2.187e-04 (2.109e-04)	Stage1-push: 0.000e+00 (0.000e+00)	Stage0-pull: 8.534e-08 (2.821e-06)	Stage1-pull: 0.000e+00 (0.000e+00)	
