2023-05-08 17:47:14,711 Namespace(cfg='experiments/coco/mobilenet/mobile.yaml', opts=[], gpu=None, world_size=1, dist_url='tcp://127.0.0.1:23459', rank=0, superconfig='mobile_configs/config.json', teacher=False)
2023-05-08 17:47:14,712 AUTO_RESUME: True
CUDNN:
  BENCHMARK: True
  DETERMINISTIC: False
  ENABLED: True
DATASET:
  BASE_SIGMA: 2.0
  BASE_SIZE: 256.0
  DATASET: coco_kpt
  DATASET_TEST: coco
  DATA_FORMAT: jpg
  FLIP: 0.5
  INPUT_SIZE: 256
  INT_SIGMA: False
  MAX_NUM_PEOPLE: 30
  MAX_ROTATION: 30
  MAX_SCALE: 1.5
  MAX_TRANSLATE: 40
  MIN_SCALE: 0.75
  NUM_JOINTS: 17
  OUTPUT_SIZE: [64, 128]
  ROOT: /content
  SCALE_AWARE_SIGMA: False
  SCALE_TYPE: short
  SIGMA: 2
  TEST: val2017
  TRAIN: train2017
  WITH_CENTER: False
DATA_DIR: 
DEBUG:
  DEBUG: True
  SAVE_BATCH_IMAGES_GT: False
  SAVE_BATCH_IMAGES_PRED: False
  SAVE_HEATMAPS_GT: True
  SAVE_HEATMAPS_PRED: True
  SAVE_TAGMAPS_PRED: True
DIST_BACKEND: nccl
FP16:
  DYNAMIC_LOSS_SCALE: False
  ENABLED: False
  STATIC_LOSS_SCALE: 1.0
GPUS: (0,)
LOG_DIR: log
LOSS:
  AE_LOSS_TYPE: exp
  HEATMAPS_LOSS_FACTOR: (1.0, 1.0)
  NUM_STAGES: 2
  PULL_LOSS_FACTOR: (0.001, 0.001)
  PUSH_LOSS_FACTOR: (0.001, 0.001)
  WITH_AE_LOSS: (True, False)
  WITH_HEATMAPS_LOSS: (True, True)
MODEL:
  EXTRA:
    FINAL_CONV_KERNEL: 1
    NUM_DECONV_FILTERS: [64, 48, 32]
    NUM_DECONV_KERNELS: [4, 4, 4]
    NUM_DECONV_LAYERS: 3
    PRETRAINED_LAYERS: ['*']
  INIT_WEIGHTS: True
  NAME: pose_transmobilenet
  NUM_JOINTS: 17
  PRETRAINED: 
  SYNC_BN: False
  TAG_PER_JOINT: True
MULTIPROCESSING_DISTRIBUTED: True
OUTPUT_DIR: output
PIN_MEMORY: True
PRINT_FREQ: 100
RANK: 0
TEST:
  ADJUST: True
  DETECTION_THRESHOLD: 0.1
  FLIP_TEST: True
  IGNORE_CENTER: True
  IGNORE_TOO_MUCH: False
  IMAGES_PER_GPU: 1
  LOG_PROGRESS: False
  MODEL_FILE: 
  NMS_KERNEL: 5
  NMS_PADDING: 2
  PROJECT2IMAGE: True
  REFINE: True
  SCALE_FACTOR: [1]
  TAG_THRESHOLD: 1.0
  USE_DETECTION_VAL: True
  WITH_AE: (True, False)
  WITH_HEATMAPS: (True, True)
TRAIN:
  BEGIN_EPOCH: 0
  CHECKPOINT: 
  END_EPOCH: 20
  GAMMA1: 0.99
  GAMMA2: 0.0
  IMAGES_PER_GPU: 16
  LR: 0.004
  LR_FACTOR: 0.1
  LR_STEP: [350, 480]
  MOMENTUM: 0.9
  NESTEROV: False
  OPTIMIZER: adam
  RESUME: False
  SHUFFLE: True
  WD: 0.0001
VERBOSE: True
WORKERS: 2
2023-05-08 17:47:17,276 
Total Parameters: 734.07 k
----------------------------------------------------------------------------------------------------------------------------------
Total Multiply Adds: 961.68 MMac
----------------------------------------------------------------------------------------------------------------------------------
Number of Layers

2023-05-08 17:47:30,904 => classes: ['__background__', 'person']
2023-05-08 17:47:31,304 Dataset CocoKeypoints
    Number of datapoints: 64115
    Root Location: /content
    Transforms (if any): None
    Target Transforms (if any): None
2023-05-08 17:47:31,307 => loading checkpoint 'output/coco_kpt/pose_transmobilenet/mobile/checkpoint.pth.tar'
2023-05-08 17:47:32,544 => loaded checkpoint 'output/coco_kpt/pose_transmobilenet/mobile/checkpoint.pth.tar' (epoch 8)
2023-05-08 17:47:59,912 Epoch: [8][0/4008]	Time: 27.366s (27.366s)	Speed: 0.6 samples/s	Data: 17.964s (17.964s)	Stage0-heatmaps: 1.874e-03 (1.874e-03)	Stage1-heatmaps: 5.578e-04 (5.578e-04)	Stage0-push: 2.020e-04 (2.020e-04)	Stage1-push: 0.000e+00 (0.000e+00)	Stage0-pull: 2.493e-05 (2.493e-05)	Stage1-pull: 0.000e+00 (0.000e+00)	
2023-05-08 17:48:15,409 Epoch: [8][100/4008]	Time: 0.212s (0.424s)	Speed: 75.3 samples/s	Data: 0.130s (0.249s)	Stage0-heatmaps: 2.228e-03 (2.162e-03)	Stage1-heatmaps: 6.760e-04 (6.687e-04)	Stage0-push: 1.117e-04 (1.707e-04)	Stage1-push: 0.000e+00 (0.000e+00)	Stage0-pull: 1.266e-05 (1.897e-05)	Stage1-pull: 0.000e+00 (0.000e+00)	
2023-05-08 17:48:30,796 Epoch: [8][200/4008]	Time: 0.190s (0.290s)	Speed: 84.2 samples/s	Data: 0.132s (0.161s)	Stage0-heatmaps: 2.133e-03 (2.171e-03)	Stage1-heatmaps: 6.561e-04 (6.747e-04)	Stage0-push: 2.007e-04 (1.785e-04)	Stage1-push: 0.000e+00 (0.000e+00)	Stage0-pull: 9.383e-06 (1.942e-05)	Stage1-pull: 0.000e+00 (0.000e+00)	
2023-05-08 17:48:46,322 Epoch: [8][300/4008]	Time: 0.112s (0.245s)	Speed: 142.3 samples/s	Data: 0.025s (0.133s)	Stage0-heatmaps: 2.269e-03 (2.167e-03)	Stage1-heatmaps: 6.862e-04 (6.722e-04)	Stage0-push: 1.611e-04 (1.760e-04)	Stage1-push: 0.000e+00 (0.000e+00)	Stage0-pull: 2.335e-05 (1.939e-05)	Stage1-pull: 0.000e+00 (0.000e+00)	
2023-05-08 17:49:01,802 Epoch: [8][400/4008]	Time: 0.080s (0.223s)	Speed: 200.2 samples/s	Data: 0.000s (0.118s)	Stage0-heatmaps: 1.857e-03 (2.169e-03)	Stage1-heatmaps: 5.157e-04 (6.727e-04)	Stage0-push: 2.257e-04 (1.757e-04)	Stage1-push: 0.000e+00 (0.000e+00)	Stage0-pull: 1.650e-05 (1.948e-05)	Stage1-pull: 0.000e+00 (0.000e+00)	
2023-05-08 17:49:17,329 Epoch: [8][500/4008]	Time: 0.176s (0.209s)	Speed: 91.0 samples/s	Data: 0.111s (0.109s)	Stage0-heatmaps: 2.397e-03 (2.161e-03)	Stage1-heatmaps: 7.185e-04 (6.694e-04)	Stage0-push: 2.297e-04 (1.761e-04)	Stage1-push: 0.000e+00 (0.000e+00)	Stage0-pull: 1.313e-05 (1.959e-05)	Stage1-pull: 0.000e+00 (0.000e+00)	
2023-05-08 17:49:32,745 Epoch: [8][600/4008]	Time: 0.231s (0.200s)	Speed: 69.3 samples/s	Data: 0.167s (0.103s)	Stage0-heatmaps: 1.861e-03 (2.156e-03)	Stage1-heatmaps: 5.411e-04 (6.683e-04)	Stage0-push: 1.643e-04 (1.759e-04)	Stage1-push: 0.000e+00 (0.000e+00)	Stage0-pull: 1.894e-05 (1.974e-05)	Stage1-pull: 0.000e+00 (0.000e+00)	
2023-05-08 17:49:48,332 Epoch: [8][700/4008]	Time: 0.234s (0.194s)	Speed: 68.5 samples/s	Data: 0.147s (0.099s)	Stage0-heatmaps: 2.404e-03 (2.181e-03)	Stage1-heatmaps: 7.511e-04 (6.758e-04)	Stage0-push: 2.495e-04 (1.774e-04)	Stage1-push: 0.000e+00 (0.000e+00)	Stage0-pull: 1.126e-05 (1.980e-05)	Stage1-pull: 0.000e+00 (0.000e+00)	
2023-05-08 17:50:04,011 Epoch: [8][800/4008]	Time: 0.280s (0.189s)	Speed: 57.2 samples/s	Data: 0.169s (0.096s)	Stage0-heatmaps: 2.232e-03 (2.186e-03)	Stage1-heatmaps: 6.924e-04 (6.778e-04)	Stage0-push: 1.756e-04 (1.775e-04)	Stage1-push: 0.000e+00 (0.000e+00)	Stage0-pull: 2.182e-05 (1.979e-05)	Stage1-pull: 0.000e+00 (0.000e+00)	
2023-05-08 17:50:19,617 Epoch: [8][900/4008]	Time: 0.172s (0.185s)	Speed: 92.9 samples/s	Data: 0.114s (0.094s)	Stage0-heatmaps: 2.162e-03 (2.183e-03)	Stage1-heatmaps: 6.387e-04 (6.772e-04)	Stage0-push: 1.658e-04 (1.779e-04)	Stage1-push: 0.000e+00 (0.000e+00)	Stage0-pull: 1.266e-05 (1.984e-05)	Stage1-pull: 0.000e+00 (0.000e+00)	
2023-05-08 17:50:34,954 Epoch: [8][1000/4008]	Time: 0.192s (0.182s)	Speed: 83.5 samples/s	Data: 0.125s (0.091s)	Stage0-heatmaps: 1.958e-03 (2.191e-03)	Stage1-heatmaps: 6.486e-04 (6.801e-04)	Stage0-push: 1.893e-04 (1.785e-04)	Stage1-push: 0.000e+00 (0.000e+00)	Stage0-pull: 1.437e-05 (1.996e-05)	Stage1-pull: 0.000e+00 (0.000e+00)	
2023-05-08 17:50:50,214 Epoch: [8][1100/4008]	Time: 0.081s (0.180s)	Speed: 198.0 samples/s	Data: 0.000s (0.090s)	Stage0-heatmaps: 1.925e-03 (2.195e-03)	Stage1-heatmaps: 5.823e-04 (6.815e-04)	Stage0-push: 1.541e-04 (1.781e-04)	Stage1-push: 0.000e+00 (0.000e+00)	Stage0-pull: 2.334e-05 (1.988e-05)	Stage1-pull: 0.000e+00 (0.000e+00)	
2023-05-08 17:51:06,121 Epoch: [8][1200/4008]	Time: 0.075s (0.178s)	Speed: 212.4 samples/s	Data: 0.000s (0.088s)	Stage0-heatmaps: 3.229e-03 (2.195e-03)	Stage1-heatmaps: 1.000e-03 (6.807e-04)	Stage0-push: 1.996e-04 (1.780e-04)	Stage1-push: 0.000e+00 (0.000e+00)	Stage0-pull: 1.754e-05 (2.001e-05)	Stage1-pull: 0.000e+00 (0.000e+00)	
2023-05-08 17:51:21,401 Epoch: [8][1300/4008]	Time: 0.077s (0.176s)	Speed: 207.4 samples/s	Data: 0.000s (0.087s)	Stage0-heatmaps: 3.108e-03 (2.194e-03)	Stage1-heatmaps: 1.145e-03 (6.805e-04)	Stage0-push: 2.885e-04 (1.778e-04)	Stage1-push: 0.000e+00 (0.000e+00)	Stage0-pull: 3.066e-05 (1.993e-05)	Stage1-pull: 0.000e+00 (0.000e+00)	
2023-05-08 17:51:36,917 Epoch: [8][1400/4008]	Time: 0.241s (0.174s)	Speed: 66.5 samples/s	Data: 0.155s (0.086s)	Stage0-heatmaps: 2.015e-03 (2.192e-03)	Stage1-heatmaps: 5.761e-04 (6.800e-04)	Stage0-push: 9.575e-05 (1.775e-04)	Stage1-push: 0.000e+00 (0.000e+00)	Stage0-pull: 1.392e-05 (1.993e-05)	Stage1-pull: 0.000e+00 (0.000e+00)	
2023-05-08 17:51:52,285 Epoch: [8][1500/4008]	Time: 0.065s (0.173s)	Speed: 245.9 samples/s	Data: 0.006s (0.085s)	Stage0-heatmaps: 1.902e-03 (2.185e-03)	Stage1-heatmaps: 5.755e-04 (6.775e-04)	Stage0-push: 1.245e-04 (1.771e-04)	Stage1-push: 0.000e+00 (0.000e+00)	Stage0-pull: 1.832e-05 (1.981e-05)	Stage1-pull: 0.000e+00 (0.000e+00)	
2023-05-08 17:52:07,953 Epoch: [8][1600/4008]	Time: 0.090s (0.172s)	Speed: 177.7 samples/s	Data: 0.001s (0.084s)	Stage0-heatmaps: 2.149e-03 (2.186e-03)	Stage1-heatmaps: 7.138e-04 (6.780e-04)	Stage0-push: 1.223e-04 (1.773e-04)	Stage1-push: 0.000e+00 (0.000e+00)	Stage0-pull: 1.857e-05 (1.978e-05)	Stage1-pull: 0.000e+00 (0.000e+00)	
2023-05-08 17:52:23,721 Epoch: [8][1700/4008]	Time: 0.296s (0.171s)	Speed: 54.1 samples/s	Data: 0.220s (0.084s)	Stage0-heatmaps: 3.557e-03 (2.193e-03)	Stage1-heatmaps: 1.162e-03 (6.803e-04)	Stage0-push: 2.238e-04 (1.773e-04)	Stage1-push: 0.000e+00 (0.000e+00)	Stage0-pull: 2.264e-05 (1.986e-05)	Stage1-pull: 0.000e+00 (0.000e+00)	
2023-05-08 17:52:39,141 Epoch: [8][1800/4008]	Time: 0.204s (0.170s)	Speed: 78.6 samples/s	Data: 0.133s (0.083s)	Stage0-heatmaps: 2.400e-03 (2.191e-03)	Stage1-heatmaps: 7.174e-04 (6.794e-04)	Stage0-push: 2.748e-04 (1.771e-04)	Stage1-push: 0.000e+00 (0.000e+00)	Stage0-pull: 2.337e-05 (1.986e-05)	Stage1-pull: 0.000e+00 (0.000e+00)	
2023-05-08 17:52:54,158 Epoch: [8][1900/4008]	Time: 0.212s (0.169s)	Speed: 75.5 samples/s	Data: 0.131s (0.082s)	Stage0-heatmaps: 1.509e-03 (2.186e-03)	Stage1-heatmaps: 4.466e-04 (6.776e-04)	Stage0-push: 8.329e-05 (1.765e-04)	Stage1-push: 0.000e+00 (0.000e+00)	Stage0-pull: 2.797e-05 (1.991e-05)	Stage1-pull: 0.000e+00 (0.000e+00)	
2023-05-08 17:53:09,521 Epoch: [8][2000/4008]	Time: 0.218s (0.168s)	Speed: 73.3 samples/s	Data: 0.143s (0.082s)	Stage0-heatmaps: 3.054e-03 (2.189e-03)	Stage1-heatmaps: 9.592e-04 (6.786e-04)	Stage0-push: 2.042e-04 (1.768e-04)	Stage1-push: 0.000e+00 (0.000e+00)	Stage0-pull: 3.056e-05 (1.998e-05)	Stage1-pull: 0.000e+00 (0.000e+00)	
2023-05-08 17:53:24,866 Epoch: [8][2100/4008]	Time: 0.229s (0.168s)	Speed: 69.9 samples/s	Data: 0.155s (0.081s)	Stage0-heatmaps: 2.976e-03 (2.190e-03)	Stage1-heatmaps: 9.357e-04 (6.788e-04)	Stage0-push: 2.553e-04 (1.767e-04)	Stage1-push: 0.000e+00 (0.000e+00)	Stage0-pull: 1.705e-05 (2.001e-05)	Stage1-pull: 0.000e+00 (0.000e+00)	
2023-05-08 17:53:40,283 Epoch: [8][2200/4008]	Time: 0.199s (0.167s)	Speed: 80.2 samples/s	Data: 0.097s (0.081s)	Stage0-heatmaps: 1.354e-03 (2.196e-03)	Stage1-heatmaps: 3.769e-04 (6.803e-04)	Stage0-push: 6.249e-05 (1.769e-04)	Stage1-push: 0.000e+00 (0.000e+00)	Stage0-pull: 1.239e-05 (2.035e-05)	Stage1-pull: 0.000e+00 (0.000e+00)	
2023-05-08 17:53:55,738 Epoch: [8][2300/4008]	Time: 0.227s (0.167s)	Speed: 70.5 samples/s	Data: 0.135s (0.080s)	Stage0-heatmaps: 1.949e-03 (2.218e-03)	Stage1-heatmaps: 5.806e-04 (6.846e-04)	Stage0-push: 1.149e-04 (1.781e-04)	Stage1-push: 0.000e+00 (0.000e+00)	Stage0-pull: 1.036e-05 (2.904e-05)	Stage1-pull: 0.000e+00 (0.000e+00)	
2023-05-08 17:54:10,939 Epoch: [8][2400/4008]	Time: 0.205s (0.166s)	Speed: 78.1 samples/s	Data: 0.126s (0.080s)	Stage0-heatmaps: 2.509e-03 (2.227e-03)	Stage1-heatmaps: 7.333e-04 (6.869e-04)	Stage0-push: 1.425e-04 (1.782e-04)	Stage1-push: 0.000e+00 (0.000e+00)	Stage0-pull: 1.151e-05 (2.904e-05)	Stage1-pull: 0.000e+00 (0.000e+00)	
2023-05-08 17:54:26,030 Epoch: [8][2500/4008]	Time: 0.219s (0.165s)	Speed: 72.9 samples/s	Data: 0.158s (0.080s)	Stage0-heatmaps: 3.225e-03 (2.240e-03)	Stage1-heatmaps: 1.050e-03 (6.902e-04)	Stage0-push: 1.827e-04 (1.792e-04)	Stage1-push: 0.000e+00 (0.000e+00)	Stage0-pull: 1.406e-05 (2.855e-05)	Stage1-pull: 0.000e+00 (0.000e+00)	
2023-05-08 17:54:41,441 Epoch: [8][2600/4008]	Time: 0.198s (0.165s)	Speed: 81.0 samples/s	Data: 0.121s (0.079s)	Stage0-heatmaps: 2.294e-03 (2.247e-03)	Stage1-heatmaps: 6.520e-04 (6.922e-04)	Stage0-push: 1.239e-04 (1.797e-04)	Stage1-push: 0.000e+00 (0.000e+00)	Stage0-pull: 9.723e-06 (2.803e-05)	Stage1-pull: 0.000e+00 (0.000e+00)	
2023-05-08 17:54:56,779 Epoch: [8][2700/4008]	Time: 0.220s (0.164s)	Speed: 72.6 samples/s	Data: 0.140s (0.079s)	Stage0-heatmaps: 2.186e-03 (2.253e-03)	Stage1-heatmaps: 6.192e-04 (6.941e-04)	Stage0-push: 1.827e-04 (1.802e-04)	Stage1-push: 0.000e+00 (0.000e+00)	Stage0-pull: 1.586e-05 (2.760e-05)	Stage1-pull: 0.000e+00 (0.000e+00)	
2023-05-08 17:55:12,274 Epoch: [8][2800/4008]	Time: 0.188s (0.164s)	Speed: 85.3 samples/s	Data: 0.107s (0.079s)	Stage0-heatmaps: 4.142e-03 (2.255e-03)	Stage1-heatmaps: 1.397e-03 (6.947e-04)	Stage0-push: 3.032e-04 (1.806e-04)	Stage1-push: 0.000e+00 (0.000e+00)	Stage0-pull: 1.741e-05 (2.722e-05)	Stage1-pull: 0.000e+00 (0.000e+00)	
2023-05-08 17:55:27,388 Epoch: [8][2900/4008]	Time: 0.173s (0.164s)	Speed: 92.4 samples/s	Data: 0.116s (0.078s)	Stage0-heatmaps: 2.847e-03 (2.255e-03)	Stage1-heatmaps: 8.391e-04 (6.944e-04)	Stage0-push: 2.702e-04 (1.808e-04)	Stage1-push: 0.000e+00 (0.000e+00)	Stage0-pull: 1.296e-05 (2.695e-05)	Stage1-pull: 0.000e+00 (0.000e+00)	
2023-05-08 17:55:42,692 Epoch: [8][3000/4008]	Time: 0.185s (0.163s)	Speed: 86.6 samples/s	Data: 0.097s (0.078s)	Stage0-heatmaps: 2.243e-03 (2.259e-03)	Stage1-heatmaps: 6.814e-04 (6.958e-04)	Stage0-push: 1.752e-04 (1.809e-04)	Stage1-push: 0.000e+00 (0.000e+00)	Stage0-pull: 2.554e-05 (2.671e-05)	Stage1-pull: 0.000e+00 (0.000e+00)	
2023-05-08 17:55:58,333 Epoch: [8][3100/4008]	Time: 0.216s (0.163s)	Speed: 73.9 samples/s	Data: 0.147s (0.078s)	Stage0-heatmaps: 2.252e-03 (2.262e-03)	Stage1-heatmaps: 7.613e-04 (6.969e-04)	Stage0-push: 1.756e-04 (1.810e-04)	Stage1-push: 0.000e+00 (0.000e+00)	Stage0-pull: 2.190e-05 (2.663e-05)	Stage1-pull: 0.000e+00 (0.000e+00)	
2023-05-08 17:56:13,627 Epoch: [8][3200/4008]	Time: 0.208s (0.163s)	Speed: 77.0 samples/s	Data: 0.146s (0.078s)	Stage0-heatmaps: 2.173e-03 (2.262e-03)	Stage1-heatmaps: 6.565e-04 (6.968e-04)	Stage0-push: 2.158e-04 (1.813e-04)	Stage1-push: 0.000e+00 (0.000e+00)	Stage0-pull: 2.362e-05 (2.633e-05)	Stage1-pull: 0.000e+00 (0.000e+00)	
2023-05-08 17:56:28,808 Epoch: [8][3300/4008]	Time: 0.211s (0.162s)	Speed: 75.9 samples/s	Data: 0.140s (0.078s)	Stage0-heatmaps: 1.831e-03 (2.263e-03)	Stage1-heatmaps: 5.361e-04 (6.971e-04)	Stage0-push: 1.334e-04 (1.813e-04)	Stage1-push: 0.000e+00 (0.000e+00)	Stage0-pull: 1.873e-05 (2.609e-05)	Stage1-pull: 0.000e+00 (0.000e+00)	
2023-05-08 17:56:44,339 Epoch: [8][3400/4008]	Time: 0.217s (0.162s)	Speed: 73.8 samples/s	Data: 0.135s (0.077s)	Stage0-heatmaps: 2.173e-03 (2.265e-03)	Stage1-heatmaps: 7.307e-04 (6.980e-04)	Stage0-push: 1.929e-04 (1.814e-04)	Stage1-push: 0.000e+00 (0.000e+00)	Stage0-pull: 1.319e-05 (2.584e-05)	Stage1-pull: 0.000e+00 (0.000e+00)	
2023-05-08 17:56:59,643 Epoch: [8][3500/4008]	Time: 0.241s (0.162s)	Speed: 66.5 samples/s	Data: 0.165s (0.077s)	Stage0-heatmaps: 2.907e-03 (2.263e-03)	Stage1-heatmaps: 8.899e-04 (6.974e-04)	Stage0-push: 1.977e-04 (1.813e-04)	Stage1-push: 0.000e+00 (0.000e+00)	Stage0-pull: 3.538e-05 (2.562e-05)	Stage1-pull: 0.000e+00 (0.000e+00)	
2023-05-08 17:57:14,804 Epoch: [8][3600/4008]	Time: 0.264s (0.162s)	Speed: 60.6 samples/s	Data: 0.173s (0.077s)	Stage0-heatmaps: 2.133e-03 (2.259e-03)	Stage1-heatmaps: 6.400e-04 (6.964e-04)	Stage0-push: 1.671e-04 (1.812e-04)	Stage1-push: 0.000e+00 (0.000e+00)	Stage0-pull: 1.192e-05 (2.537e-05)	Stage1-pull: 0.000e+00 (0.000e+00)	
2023-05-08 17:57:30,279 Epoch: [8][3700/4008]	Time: 0.277s (0.162s)	Speed: 57.9 samples/s	Data: 0.175s (0.077s)	Stage0-heatmaps: 2.599e-03 (2.259e-03)	Stage1-heatmaps: 7.855e-04 (6.963e-04)	Stage0-push: 2.835e-04 (1.814e-04)	Stage1-push: 0.000e+00 (0.000e+00)	Stage0-pull: 1.379e-05 (2.515e-05)	Stage1-pull: 0.000e+00 (0.000e+00)	
2023-05-08 17:57:45,580 Epoch: [8][3800/4008]	Time: 0.293s (0.161s)	Speed: 54.6 samples/s	Data: 0.192s (0.077s)	Stage0-heatmaps: 2.253e-03 (2.257e-03)	Stage1-heatmaps: 7.121e-04 (6.959e-04)	Stage0-push: 1.577e-04 (1.814e-04)	Stage1-push: 0.000e+00 (0.000e+00)	Stage0-pull: 1.750e-05 (2.496e-05)	Stage1-pull: 0.000e+00 (0.000e+00)	
2023-05-08 17:58:00,795 Epoch: [8][3900/4008]	Time: 0.214s (0.161s)	Speed: 74.7 samples/s	Data: 0.131s (0.077s)	Stage0-heatmaps: 2.230e-03 (2.256e-03)	Stage1-heatmaps: 7.297e-04 (6.954e-04)	Stage0-push: 1.875e-04 (1.813e-04)	Stage1-push: 0.000e+00 (0.000e+00)	Stage0-pull: 1.511e-05 (2.478e-05)	Stage1-pull: 0.000e+00 (0.000e+00)	
2023-05-08 17:58:15,970 Epoch: [8][4000/4008]	Time: 0.195s (0.161s)	Speed: 82.0 samples/s	Data: 0.116s (0.076s)	Stage0-heatmaps: 2.002e-03 (2.254e-03)	Stage1-heatmaps: 5.803e-04 (6.949e-04)	Stage0-push: 1.447e-04 (1.813e-04)	Stage1-push: 0.000e+00 (0.000e+00)	Stage0-pull: 1.204e-05 (2.462e-05)	Stage1-pull: 0.000e+00 (0.000e+00)	
2023-05-08 17:58:21,536 => saving checkpoint to output/coco_kpt/pose_transmobilenet/mobile
2023-05-08 17:58:41,384 Epoch: [9][0/4008]	Time: 18.839s (18.839s)	Speed: 0.8 samples/s	Data: 18.747s (18.747s)	Stage0-heatmaps: 2.251e-03 (2.251e-03)	Stage1-heatmaps: 6.954e-04 (6.954e-04)	Stage0-push: 1.618e-04 (1.618e-04)	Stage1-push: 0.000e+00 (0.000e+00)	Stage0-pull: 2.801e-05 (2.801e-05)	Stage1-pull: 0.000e+00 (0.000e+00)	
2023-05-08 17:58:56,666 Epoch: [9][100/4008]	Time: 0.205s (0.338s)	Speed: 78.2 samples/s	Data: 0.127s (0.257s)	Stage0-heatmaps: 2.274e-03 (2.298e-03)	Stage1-heatmaps: 7.199e-04 (6.996e-04)	Stage0-push: 1.138e-04 (1.750e-04)	Stage1-push: 0.000e+00 (0.000e+00)	Stage0-pull: 8.081e-06 (4.237e-05)	Stage1-pull: 0.000e+00 (0.000e+00)	
2023-05-08 17:59:11,813 Epoch: [9][200/4008]	Time: 0.255s (0.245s)	Speed: 62.6 samples/s	Data: 0.164s (0.163s)	Stage0-heatmaps: 2.344e-03 (2.299e-03)	Stage1-heatmaps: 6.818e-04 (7.029e-04)	Stage0-push: 2.103e-04 (1.825e-04)	Stage1-push: 0.000e+00 (0.000e+00)	Stage0-pull: 7.792e-06 (3.236e-05)	Stage1-pull: 0.000e+00 (0.000e+00)	
2023-05-08 17:59:26,996 Epoch: [9][300/4008]	Time: 0.231s (0.214s)	Speed: 69.3 samples/s	Data: 0.149s (0.132s)	Stage0-heatmaps: 2.390e-03 (2.272e-03)	Stage1-heatmaps: 7.025e-04 (6.957e-04)	Stage0-push: 1.703e-04 (1.806e-04)	Stage1-push: 0.000e+00 (0.000e+00)	Stage0-pull: 1.412e-05 (2.894e-05)	Stage1-pull: 0.000e+00 (0.000e+00)	
2023-05-08 17:59:42,114 Epoch: [9][400/4008]	Time: 0.098s (0.198s)	Speed: 163.5 samples/s	Data: 0.000s (0.116s)	Stage0-heatmaps: 1.887e-03 (2.261e-03)	Stage1-heatmaps: 5.211e-04 (6.933e-04)	Stage0-push: 1.935e-04 (1.793e-04)	Stage1-push: 0.000e+00 (0.000e+00)	Stage0-pull: 3.095e-05 (2.630e-05)	Stage1-pull: 0.000e+00 (0.000e+00)	
2023-05-08 17:59:57,472 Epoch: [9][500/4008]	Time: 0.198s (0.189s)	Speed: 80.8 samples/s	Data: 0.114s (0.108s)	Stage0-heatmaps: 2.264e-03 (2.239e-03)	Stage1-heatmaps: 6.936e-04 (6.880e-04)	Stage0-push: 2.280e-04 (1.786e-04)	Stage1-push: 0.000e+00 (0.000e+00)	Stage0-pull: 1.273e-05 (2.456e-05)	Stage1-pull: 0.000e+00 (0.000e+00)	
2023-05-08 18:00:12,505 Epoch: [9][600/4008]	Time: 0.217s (0.183s)	Speed: 73.6 samples/s	Data: 0.145s (0.101s)	Stage0-heatmaps: 1.626e-03 (2.218e-03)	Stage1-heatmaps: 4.714e-04 (6.825e-04)	Stage0-push: 1.280e-04 (1.778e-04)	Stage1-push: 0.000e+00 (0.000e+00)	Stage0-pull: 1.903e-05 (2.356e-05)	Stage1-pull: 0.000e+00 (0.000e+00)	
2023-05-08 18:00:27,798 Epoch: [9][700/4008]	Time: 0.199s (0.179s)	Speed: 80.5 samples/s	Data: 0.116s (0.097s)	Stage0-heatmaps: 2.199e-03 (2.233e-03)	Stage1-heatmaps: 6.861e-04 (6.885e-04)	Stage0-push: 2.215e-04 (1.788e-04)	Stage1-push: 0.000e+00 (0.000e+00)	Stage0-pull: 8.783e-06 (2.288e-05)	Stage1-pull: 0.000e+00 (0.000e+00)	
2023-05-08 18:00:43,117 Epoch: [9][800/4008]	Time: 0.103s (0.175s)	Speed: 155.6 samples/s	Data: 0.000s (0.094s)	Stage0-heatmaps: 2.394e-03 (2.232e-03)	Stage1-heatmaps: 7.408e-04 (6.891e-04)	Stage0-push: 2.086e-04 (1.789e-04)	Stage1-push: 0.000e+00 (0.000e+00)	Stage0-pull: 2.065e-05 (2.244e-05)	Stage1-pull: 0.000e+00 (0.000e+00)	
2023-05-08 18:00:58,743 Epoch: [9][900/4008]	Time: 0.087s (0.173s)	Speed: 183.0 samples/s	Data: 0.000s (0.091s)	Stage0-heatmaps: 1.978e-03 (2.226e-03)	Stage1-heatmaps: 5.778e-04 (6.875e-04)	Stage0-push: 1.694e-04 (1.789e-04)	Stage1-push: 0.000e+00 (0.000e+00)	Stage0-pull: 1.944e-05 (2.203e-05)	Stage1-pull: 0.000e+00 (0.000e+00)	
2023-05-08 18:01:14,443 Epoch: [9][1000/4008]	Time: 0.092s (0.172s)	Speed: 174.5 samples/s	Data: 0.000s (0.089s)	Stage0-heatmaps: 1.964e-03 (2.228e-03)	Stage1-heatmaps: 6.483e-04 (6.887e-04)	Stage0-push: 1.223e-04 (1.797e-04)	Stage1-push: 0.000e+00 (0.000e+00)	Stage0-pull: 1.506e-05 (2.167e-05)	Stage1-pull: 0.000e+00 (0.000e+00)	
2023-05-08 18:01:29,843 Epoch: [9][1100/4008]	Time: 0.095s (0.170s)	Speed: 169.2 samples/s	Data: 0.000s (0.088s)	Stage0-heatmaps: 1.920e-03 (2.232e-03)	Stage1-heatmaps: 5.998e-04 (6.907e-04)	Stage0-push: 1.721e-04 (1.793e-04)	Stage1-push: 0.000e+00 (0.000e+00)	Stage0-pull: 1.205e-05 (2.140e-05)	Stage1-pull: 0.000e+00 (0.000e+00)	
2023-05-08 18:01:45,085 Epoch: [9][1200/4008]	Time: 0.084s (0.169s)	Speed: 190.1 samples/s	Data: 0.000s (0.086s)	Stage0-heatmaps: 3.767e-03 (2.226e-03)	Stage1-heatmaps: 1.159e-03 (6.887e-04)	Stage0-push: 1.853e-04 (1.793e-04)	Stage1-push: 0.000e+00 (0.000e+00)	Stage0-pull: 1.817e-05 (2.121e-05)	Stage1-pull: 0.000e+00 (0.000e+00)	
2023-05-08 18:02:00,531 Epoch: [9][1300/4008]	Time: 0.081s (0.168s)	Speed: 198.6 samples/s	Data: 0.000s (0.085s)	Stage0-heatmaps: 2.962e-03 (2.223e-03)	Stage1-heatmaps: 1.056e-03 (6.885e-04)	Stage0-push: 2.529e-04 (1.786e-04)	Stage1-push: 0.000e+00 (0.000e+00)	Stage0-pull: 1.576e-05 (2.097e-05)	Stage1-pull: 0.000e+00 (0.000e+00)	
2023-05-08 18:02:15,857 Epoch: [9][1400/4008]	Time: 0.116s (0.167s)	Speed: 138.0 samples/s	Data: 0.054s (0.084s)	Stage0-heatmaps: 1.690e-03 (2.215e-03)	Stage1-heatmaps: 4.881e-04 (6.864e-04)	Stage0-push: 1.098e-04 (1.782e-04)	Stage1-push: 0.000e+00 (0.000e+00)	Stage0-pull: 1.189e-05 (2.076e-05)	Stage1-pull: 0.000e+00 (0.000e+00)	
2023-05-08 18:02:31,091 Epoch: [9][1500/4008]	Time: 0.111s (0.166s)	Speed: 144.0 samples/s	Data: 0.030s (0.083s)	Stage0-heatmaps: 1.864e-03 (2.207e-03)	Stage1-heatmaps: 5.747e-04 (6.836e-04)	Stage0-push: 1.185e-04 (1.778e-04)	Stage1-push: 0.000e+00 (0.000e+00)	Stage0-pull: 1.495e-05 (2.056e-05)	Stage1-pull: 0.000e+00 (0.000e+00)	
2023-05-08 18:02:46,348 Epoch: [9][1600/4008]	Time: 0.085s (0.165s)	Speed: 188.4 samples/s	Data: 0.000s (0.082s)	Stage0-heatmaps: 2.077e-03 (2.207e-03)	Stage1-heatmaps: 7.045e-04 (6.839e-04)	Stage0-push: 1.173e-04 (1.779e-04)	Stage1-push: 0.000e+00 (0.000e+00)	Stage0-pull: 2.383e-05 (2.043e-05)	Stage1-pull: 0.000e+00 (0.000e+00)	
2023-05-08 18:03:02,249 Epoch: [9][1700/4008]	Time: 0.284s (0.164s)	Speed: 56.3 samples/s	Data: 0.204s (0.082s)	Stage0-heatmaps: 3.318e-03 (2.211e-03)	Stage1-heatmaps: 1.070e-03 (6.853e-04)	Stage0-push: 2.415e-04 (1.780e-04)	Stage1-push: 0.000e+00 (0.000e+00)	Stage0-pull: 1.948e-05 (2.039e-05)	Stage1-pull: 0.000e+00 (0.000e+00)	
2023-05-08 18:03:17,383 Epoch: [9][1800/4008]	Time: 0.258s (0.164s)	Speed: 62.1 samples/s	Data: 0.145s (0.081s)	Stage0-heatmaps: 2.229e-03 (2.203e-03)	Stage1-heatmaps: 6.688e-04 (6.830e-04)	Stage0-push: 2.907e-04 (1.776e-04)	Stage1-push: 0.000e+00 (0.000e+00)	Stage0-pull: 1.788e-05 (2.033e-05)	Stage1-pull: 0.000e+00 (0.000e+00)	
2023-05-08 18:03:32,755 Epoch: [9][1900/4008]	Time: 0.269s (0.163s)	Speed: 59.5 samples/s	Data: 0.193s (0.081s)	Stage0-heatmaps: 1.289e-03 (2.196e-03)	Stage1-heatmaps: 3.954e-04 (6.805e-04)	Stage0-push: 8.686e-05 (1.771e-04)	Stage1-push: 0.000e+00 (0.000e+00)	Stage0-pull: 5.586e-05 (2.030e-05)	Stage1-pull: 0.000e+00 (0.000e+00)	
2023-05-08 18:03:48,199 Epoch: [9][2000/4008]	Time: 0.184s (0.163s)	Speed: 87.2 samples/s	Data: 0.108s (0.080s)	Stage0-heatmaps: 3.108e-03 (2.200e-03)	Stage1-heatmaps: 9.529e-04 (6.816e-04)	Stage0-push: 2.292e-04 (1.775e-04)	Stage1-push: 0.000e+00 (0.000e+00)	Stage0-pull: 1.625e-05 (2.035e-05)	Stage1-pull: 0.000e+00 (0.000e+00)	
2023-05-08 18:04:03,587 Epoch: [9][2100/4008]	Time: 0.150s (0.162s)	Speed: 106.7 samples/s	Data: 0.067s (0.080s)	Stage0-heatmaps: 3.042e-03 (2.198e-03)	Stage1-heatmaps: 9.309e-04 (6.814e-04)	Stage0-push: 2.625e-04 (1.773e-04)	Stage1-push: 0.000e+00 (0.000e+00)	Stage0-pull: 1.433e-05 (2.032e-05)	Stage1-pull: 0.000e+00 (0.000e+00)	
2023-05-08 18:04:19,014 Epoch: [9][2200/4008]	Time: 0.085s (0.162s)	Speed: 188.8 samples/s	Data: 0.000s (0.080s)	Stage0-heatmaps: 1.328e-03 (2.198e-03)	Stage1-heatmaps: 3.655e-04 (6.812e-04)	Stage0-push: 9.143e-05 (1.773e-04)	Stage1-push: 0.000e+00 (0.000e+00)	Stage0-pull: 1.228e-05 (2.027e-05)	Stage1-pull: 0.000e+00 (0.000e+00)	
2023-05-08 18:04:35,127 Epoch: [9][2300/4008]	Time: 0.182s (0.162s)	Speed: 88.0 samples/s	Data: 0.103s (0.079s)	Stage0-heatmaps: 1.875e-03 (2.196e-03)	Stage1-heatmaps: 5.925e-04 (6.808e-04)	Stage0-push: 9.346e-05 (1.779e-04)	Stage1-push: 0.000e+00 (0.000e+00)	Stage0-pull: 2.166e-05 (2.025e-05)	Stage1-pull: 0.000e+00 (0.000e+00)	
2023-05-08 18:04:50,580 Epoch: [9][2400/4008]	Time: 0.100s (0.162s)	Speed: 159.3 samples/s	Data: 0.000s (0.079s)	Stage0-heatmaps: 2.010e-03 (2.194e-03)	Stage1-heatmaps: 6.518e-04 (6.805e-04)	Stage0-push: 1.119e-04 (1.775e-04)	Stage1-push: 0.000e+00 (0.000e+00)	Stage0-pull: 1.711e-05 (2.024e-05)	Stage1-pull: 0.000e+00 (0.000e+00)	
2023-05-08 18:05:06,021 Epoch: [9][2500/4008]	Time: 0.083s (0.161s)	Speed: 191.8 samples/s	Data: 0.000s (0.079s)	Stage0-heatmaps: 3.240e-03 (2.197e-03)	Stage1-heatmaps: 1.055e-03 (6.815e-04)	Stage0-push: 1.592e-04 (1.779e-04)	Stage1-push: 0.000e+00 (0.000e+00)	Stage0-pull: 2.312e-05 (2.024e-05)	Stage1-pull: 0.000e+00 (0.000e+00)	
2023-05-08 18:05:21,217 Epoch: [9][2600/4008]	Time: 0.200s (0.161s)	Speed: 80.0 samples/s	Data: 0.110s (0.078s)	Stage0-heatmaps: 2.069e-03 (2.198e-03)	Stage1-heatmaps: 6.047e-04 (6.820e-04)	Stage0-push: 1.212e-04 (1.780e-04)	Stage1-push: 0.000e+00 (0.000e+00)	Stage0-pull: 1.480e-05 (2.027e-05)	Stage1-pull: 0.000e+00 (0.000e+00)	
2023-05-08 18:05:36,392 Epoch: [9][2700/4008]	Time: 0.114s (0.161s)	Speed: 140.8 samples/s	Data: 0.032s (0.078s)	Stage0-heatmaps: 2.139e-03 (2.202e-03)	Stage1-heatmaps: 6.022e-04 (6.834e-04)	Stage0-push: 1.839e-04 (1.782e-04)	Stage1-push: 0.000e+00 (0.000e+00)	Stage0-pull: 1.206e-05 (2.029e-05)	Stage1-pull: 0.000e+00 (0.000e+00)	
2023-05-08 18:05:51,829 Epoch: [9][2800/4008]	Time: 0.272s (0.160s)	Speed: 58.9 samples/s	Data: 0.198s (0.078s)	Stage0-heatmaps: 3.966e-03 (2.200e-03)	Stage1-heatmaps: 1.362e-03 (6.830e-04)	Stage0-push: 2.952e-04 (1.786e-04)	Stage1-push: 0.000e+00 (0.000e+00)	Stage0-pull: 2.044e-05 (2.030e-05)	Stage1-pull: 0.000e+00 (0.000e+00)	
2023-05-08 18:06:07,372 Epoch: [9][2900/4008]	Time: 0.260s (0.160s)	Speed: 61.6 samples/s	Data: 0.177s (0.078s)	Stage0-heatmaps: 2.623e-03 (2.198e-03)	Stage1-heatmaps: 7.771e-04 (6.821e-04)	Stage0-push: 2.770e-04 (1.785e-04)	Stage1-push: 0.000e+00 (0.000e+00)	Stage0-pull: 1.564e-05 (2.028e-05)	Stage1-pull: 0.000e+00 (0.000e+00)	
2023-05-08 18:06:22,801 Epoch: [9][3000/4008]	Time: 0.067s (0.160s)	Speed: 238.0 samples/s	Data: 0.000s (0.077s)	Stage0-heatmaps: 2.299e-03 (2.200e-03)	Stage1-heatmaps: 7.143e-04 (6.829e-04)	Stage0-push: 1.536e-04 (1.785e-04)	Stage1-push: 0.000e+00 (0.000e+00)	Stage0-pull: 4.227e-05 (2.032e-05)	Stage1-pull: 0.000e+00 (0.000e+00)	
2023-05-08 18:06:38,423 Epoch: [9][3100/4008]	Time: 0.168s (0.160s)	Speed: 95.0 samples/s	Data: 0.110s (0.077s)	Stage0-heatmaps: 2.334e-03 (2.203e-03)	Stage1-heatmaps: 7.312e-04 (6.838e-04)	Stage0-push: 1.349e-04 (1.786e-04)	Stage1-push: 0.000e+00 (0.000e+00)	Stage0-pull: 3.182e-05 (2.032e-05)	Stage1-pull: 0.000e+00 (0.000e+00)	
2023-05-08 18:06:53,691 Epoch: [9][3200/4008]	Time: 0.180s (0.160s)	Speed: 89.0 samples/s	Data: 0.107s (0.077s)	Stage0-heatmaps: 2.396e-03 (2.201e-03)	Stage1-heatmaps: 7.425e-04 (6.833e-04)	Stage0-push: 2.466e-04 (1.789e-04)	Stage1-push: 0.000e+00 (0.000e+00)	Stage0-pull: 2.594e-05 (2.029e-05)	Stage1-pull: 0.000e+00 (0.000e+00)	
2023-05-08 18:07:08,957 Epoch: [9][3300/4008]	Time: 0.239s (0.159s)	Speed: 66.8 samples/s	Data: 0.161s (0.077s)	Stage0-heatmaps: 1.714e-03 (2.201e-03)	Stage1-heatmaps: 5.443e-04 (6.833e-04)	Stage0-push: 1.753e-04 (1.788e-04)	Stage1-push: 0.000e+00 (0.000e+00)	Stage0-pull: 2.700e-05 (2.028e-05)	Stage1-pull: 0.000e+00 (0.000e+00)	
2023-05-08 18:07:24,369 Epoch: [9][3400/4008]	Time: 0.206s (0.159s)	Speed: 77.6 samples/s	Data: 0.133s (0.077s)	Stage0-heatmaps: 2.054e-03 (2.203e-03)	Stage1-heatmaps: 6.971e-04 (6.840e-04)	Stage0-push: 2.161e-04 (1.789e-04)	Stage1-push: 0.000e+00 (0.000e+00)	Stage0-pull: 2.372e-05 (2.029e-05)	Stage1-pull: 0.000e+00 (0.000e+00)	
2023-05-08 18:07:39,647 Epoch: [9][3500/4008]	Time: 0.207s (0.159s)	Speed: 77.4 samples/s	Data: 0.145s (0.076s)	Stage0-heatmaps: 2.665e-03 (2.202e-03)	Stage1-heatmaps: 8.585e-04 (6.837e-04)	Stage0-push: 2.065e-04 (1.787e-04)	Stage1-push: 0.000e+00 (0.000e+00)	Stage0-pull: 3.555e-05 (2.029e-05)	Stage1-pull: 0.000e+00 (0.000e+00)	
2023-05-08 18:07:54,807 Epoch: [9][3600/4008]	Time: 0.235s (0.159s)	Speed: 68.0 samples/s	Data: 0.154s (0.076s)	Stage0-heatmaps: 2.199e-03 (2.198e-03)	Stage1-heatmaps: 7.060e-04 (6.826e-04)	Stage0-push: 1.711e-04 (1.788e-04)	Stage1-push: 0.000e+00 (0.000e+00)	Stage0-pull: 1.946e-05 (2.026e-05)	Stage1-pull: 0.000e+00 (0.000e+00)	
2023-05-08 18:08:10,672 Epoch: [9][3700/4008]	Time: 0.253s (0.159s)	Speed: 63.3 samples/s	Data: 0.173s (0.076s)	Stage0-heatmaps: 2.561e-03 (2.198e-03)	Stage1-heatmaps: 8.199e-04 (6.825e-04)	Stage0-push: 2.726e-04 (1.789e-04)	Stage1-push: 0.000e+00 (0.000e+00)	Stage0-pull: 1.326e-05 (2.024e-05)	Stage1-pull: 0.000e+00 (0.000e+00)	
2023-05-08 18:08:26,057 Epoch: [9][3800/4008]	Time: 0.260s (0.159s)	Speed: 61.5 samples/s	Data: 0.164s (0.076s)	Stage0-heatmaps: 2.269e-03 (2.197e-03)	Stage1-heatmaps: 7.188e-04 (6.821e-04)	Stage0-push: 1.710e-04 (1.790e-04)	Stage1-push: 0.000e+00 (0.000e+00)	Stage0-pull: 1.927e-05 (2.021e-05)	Stage1-pull: 0.000e+00 (0.000e+00)	
2023-05-08 18:08:41,419 Epoch: [9][3900/4008]	Time: 0.242s (0.159s)	Speed: 66.2 samples/s	Data: 0.159s (0.076s)	Stage0-heatmaps: 2.099e-03 (2.197e-03)	Stage1-heatmaps: 6.762e-04 (6.818e-04)	Stage0-push: 1.551e-04 (1.790e-04)	Stage1-push: 0.000e+00 (0.000e+00)	Stage0-pull: 2.563e-05 (2.021e-05)	Stage1-pull: 0.000e+00 (0.000e+00)	
2023-05-08 18:08:56,620 Epoch: [9][4000/4008]	Time: 0.206s (0.158s)	Speed: 77.5 samples/s	Data: 0.127s (0.076s)	Stage0-heatmaps: 1.873e-03 (2.196e-03)	Stage1-heatmaps: 5.561e-04 (6.815e-04)	Stage0-push: 1.399e-04 (1.790e-04)	Stage1-push: 0.000e+00 (0.000e+00)	Stage0-pull: 1.848e-05 (2.021e-05)	Stage1-pull: 0.000e+00 (0.000e+00)	
2023-05-08 18:09:01,970 => saving checkpoint to output/coco_kpt/pose_transmobilenet/mobile
2023-05-08 18:09:21,410 Epoch: [10][0/4008]	Time: 19.185s (19.185s)	Speed: 0.8 samples/s	Data: 19.103s (19.103s)	Stage0-heatmaps: 2.182e-03 (2.182e-03)	Stage1-heatmaps: 6.809e-04 (6.809e-04)	Stage0-push: 1.847e-04 (1.847e-04)	Stage1-push: 0.000e+00 (0.000e+00)	Stage0-pull: 2.439e-05 (2.439e-05)	Stage1-pull: 0.000e+00 (0.000e+00)	
2023-05-08 18:09:36,552 Epoch: [10][100/4008]	Time: 0.180s (0.340s)	Speed: 88.8 samples/s	Data: 0.103s (0.257s)	Stage0-heatmaps: 2.157e-03 (2.105e-03)	Stage1-heatmaps: 6.840e-04 (6.492e-04)	Stage0-push: 7.007e-05 (1.686e-04)	Stage1-push: 0.000e+00 (0.000e+00)	Stage0-pull: 1.630e-05 (2.121e-05)	Stage1-pull: 0.000e+00 (0.000e+00)	
2023-05-08 18:09:51,736 Epoch: [10][200/4008]	Time: 0.191s (0.246s)	Speed: 83.7 samples/s	Data: 0.099s (0.165s)	Stage0-heatmaps: 1.911e-03 (2.125e-03)	Stage1-heatmaps: 5.750e-04 (6.586e-04)	Stage0-push: 2.034e-04 (1.747e-04)	Stage1-push: 0.000e+00 (0.000e+00)	Stage0-pull: 1.028e-05 (2.136e-05)	Stage1-pull: 0.000e+00 (0.000e+00)	
2023-05-08 18:10:07,064 Epoch: [10][300/4008]	Time: 0.248s (0.215s)	Speed: 64.5 samples/s	Data: 0.166s (0.134s)	Stage0-heatmaps: 2.184e-03 (2.126e-03)	Stage1-heatmaps: 6.713e-04 (6.583e-04)	Stage0-push: 1.538e-04 (1.739e-04)	Stage1-push: 0.000e+00 (0.000e+00)	Stage0-pull: 2.157e-05 (2.070e-05)	Stage1-pull: 0.000e+00 (0.000e+00)	
2023-05-08 18:10:22,362 Epoch: [10][400/4008]	Time: 0.207s (0.200s)	Speed: 77.4 samples/s	Data: 0.128s (0.118s)	Stage0-heatmaps: 1.938e-03 (2.125e-03)	Stage1-heatmaps: 5.513e-04 (6.592e-04)	Stage0-push: 1.582e-04 (1.738e-04)	Stage1-push: 0.000e+00 (0.000e+00)	Stage0-pull: 3.221e-05 (2.071e-05)	Stage1-pull: 0.000e+00 (0.000e+00)	
2023-05-08 18:10:37,770 Epoch: [10][500/4008]	Time: 0.192s (0.191s)	Speed: 83.2 samples/s	Data: 0.115s (0.109s)	Stage0-heatmaps: 2.270e-03 (2.119e-03)	Stage1-heatmaps: 6.714e-04 (6.565e-04)	Stage0-push: 2.429e-04 (1.742e-04)	Stage1-push: 0.000e+00 (0.000e+00)	Stage0-pull: 8.898e-06 (2.045e-05)	Stage1-pull: 0.000e+00 (0.000e+00)	
2023-05-08 18:10:52,871 Epoch: [10][600/4008]	Time: 0.220s (0.184s)	Speed: 72.8 samples/s	Data: 0.137s (0.102s)	Stage0-heatmaps: 1.711e-03 (2.108e-03)	Stage1-heatmaps: 4.934e-04 (6.532e-04)	Stage0-push: 1.416e-04 (1.735e-04)	Stage1-push: 0.000e+00 (0.000e+00)	Stage0-pull: 1.982e-05 (2.046e-05)	Stage1-pull: 0.000e+00 (0.000e+00)	
2023-05-08 18:11:08,048 Epoch: [10][700/4008]	Time: 0.083s (0.179s)	Speed: 192.8 samples/s	Data: 0.000s (0.097s)	Stage0-heatmaps: 2.276e-03 (2.131e-03)	Stage1-heatmaps: 7.274e-04 (6.608e-04)	Stage0-push: 2.237e-04 (1.744e-04)	Stage1-push: 0.000e+00 (0.000e+00)	Stage0-pull: 1.718e-05 (2.052e-05)	Stage1-pull: 0.000e+00 (0.000e+00)	
2023-05-08 18:11:23,379 Epoch: [10][800/4008]	Time: 0.129s (0.176s)	Speed: 124.5 samples/s	Data: 0.000s (0.094s)	Stage0-heatmaps: 2.582e-03 (2.138e-03)	Stage1-heatmaps: 7.922e-04 (6.631e-04)	Stage0-push: 1.535e-04 (1.746e-04)	Stage1-push: 0.000e+00 (0.000e+00)	Stage0-pull: 1.727e-05 (2.059e-05)	Stage1-pull: 0.000e+00 (0.000e+00)	
2023-05-08 18:11:39,015 Epoch: [10][900/4008]	Time: 0.102s (0.174s)	Speed: 156.9 samples/s	Data: 0.000s (0.092s)	Stage0-heatmaps: 1.859e-03 (2.134e-03)	Stage1-heatmaps: 5.479e-04 (6.623e-04)	Stage0-push: 1.631e-04 (1.746e-04)	Stage1-push: 0.000e+00 (0.000e+00)	Stage0-pull: 1.741e-05 (2.060e-05)	Stage1-pull: 0.000e+00 (0.000e+00)	
2023-05-08 18:11:54,612 Epoch: [10][1000/4008]	Time: 0.089s (0.172s)	Speed: 180.7 samples/s	Data: 0.000s (0.090s)	Stage0-heatmaps: 2.086e-03 (2.143e-03)	Stage1-heatmaps: 7.098e-04 (6.653e-04)	Stage0-push: 1.791e-04 (1.754e-04)	Stage1-push: 0.000e+00 (0.000e+00)	Stage0-pull: 1.906e-05 (2.059e-05)	Stage1-pull: 0.000e+00 (0.000e+00)	
2023-05-08 18:12:09,968 Epoch: [10][1100/4008]	Time: 0.086s (0.171s)	Speed: 185.3 samples/s	Data: 0.000s (0.088s)	Stage0-heatmaps: 1.798e-03 (2.149e-03)	Stage1-heatmaps: 5.426e-04 (6.676e-04)	Stage0-push: 1.682e-04 (1.756e-04)	Stage1-push: 0.000e+00 (0.000e+00)	Stage0-pull: 1.719e-05 (2.053e-05)	Stage1-pull: 0.000e+00 (0.000e+00)	
2023-05-08 18:12:25,373 Epoch: [10][1200/4008]	Time: 0.079s (0.169s)	Speed: 201.6 samples/s	Data: 0.000s (0.087s)	Stage0-heatmaps: 3.667e-03 (2.151e-03)	Stage1-heatmaps: 1.181e-03 (6.679e-04)	Stage0-push: 1.810e-04 (1.757e-04)	Stage1-push: 0.000e+00 (0.000e+00)	Stage0-pull: 1.577e-05 (2.057e-05)	Stage1-pull: 0.000e+00 (0.000e+00)	
2023-05-08 18:12:40,577 Epoch: [10][1300/4008]	Time: 0.069s (0.168s)	Speed: 230.3 samples/s	Data: 0.000s (0.086s)	Stage0-heatmaps: 2.892e-03 (2.151e-03)	Stage1-heatmaps: 1.039e-03 (6.680e-04)	Stage0-push: 1.840e-04 (1.752e-04)	Stage1-push: 0.000e+00 (0.000e+00)	Stage0-pull: 3.066e-05 (2.045e-05)	Stage1-pull: 0.000e+00 (0.000e+00)	
2023-05-08 18:12:55,875 Epoch: [10][1400/4008]	Time: 0.073s (0.167s)	Speed: 220.0 samples/s	Data: 0.004s (0.084s)	Stage0-heatmaps: 1.654e-03 (2.148e-03)	Stage1-heatmaps: 4.916e-04 (6.677e-04)	Stage0-push: 9.221e-05 (1.753e-04)	Stage1-push: 0.000e+00 (0.000e+00)	Stage0-pull: 1.393e-05 (2.046e-05)	Stage1-pull: 0.000e+00 (0.000e+00)	
2023-05-08 18:13:11,338 Epoch: [10][1500/4008]	Time: 0.099s (0.166s)	Speed: 161.2 samples/s	Data: 0.000s (0.084s)	Stage0-heatmaps: 1.776e-03 (2.143e-03)	Stage1-heatmaps: 5.304e-04 (6.654e-04)	Stage0-push: 1.183e-04 (1.750e-04)	Stage1-push: 0.000e+00 (0.000e+00)	Stage0-pull: 1.708e-05 (2.031e-05)	Stage1-pull: 0.000e+00 (0.000e+00)	
2023-05-08 18:13:27,118 Epoch: [10][1600/4008]	Time: 0.085s (0.165s)	Speed: 188.4 samples/s	Data: 0.000s (0.083s)	Stage0-heatmaps: 2.155e-03 (2.145e-03)	Stage1-heatmaps: 7.244e-04 (6.663e-04)	Stage0-push: 1.243e-04 (1.753e-04)	Stage1-push: 0.000e+00 (0.000e+00)	Stage0-pull: 2.188e-05 (2.029e-05)	Stage1-pull: 0.000e+00 (0.000e+00)	
2023-05-08 18:13:42,420 Epoch: [10][1700/4008]	Time: 0.150s (0.165s)	Speed: 106.3 samples/s	Data: 0.083s (0.082s)	Stage0-heatmaps: 3.327e-03 (2.149e-03)	Stage1-heatmaps: 1.056e-03 (6.676e-04)	Stage0-push: 2.353e-04 (1.754e-04)	Stage1-push: 0.000e+00 (0.000e+00)	Stage0-pull: 2.372e-05 (2.030e-05)	Stage1-pull: 0.000e+00 (0.000e+00)	
2023-05-08 18:13:58,677 Epoch: [10][1800/4008]	Time: 0.244s (0.165s)	Speed: 65.5 samples/s	Data: 0.162s (0.082s)	Stage0-heatmaps: 2.418e-03 (2.147e-03)	Stage1-heatmaps: 7.378e-04 (6.666e-04)	Stage0-push: 2.968e-04 (1.753e-04)	Stage1-push: 0.000e+00 (0.000e+00)	Stage0-pull: 2.274e-05 (2.022e-05)	Stage1-pull: 0.000e+00 (0.000e+00)	
2023-05-08 18:14:14,173 Epoch: [10][1900/4008]	Time: 0.261s (0.164s)	Speed: 61.3 samples/s	Data: 0.145s (0.082s)	Stage0-heatmaps: 1.397e-03 (2.142e-03)	Stage1-heatmaps: 4.323e-04 (6.651e-04)	Stage0-push: 1.107e-04 (1.750e-04)	Stage1-push: 0.000e+00 (0.000e+00)	Stage0-pull: 4.354e-05 (2.017e-05)	Stage1-pull: 0.000e+00 (0.000e+00)	
2023-05-08 18:14:29,693 Epoch: [10][2000/4008]	Time: 0.204s (0.164s)	Speed: 78.4 samples/s	Data: 0.125s (0.081s)	Stage0-heatmaps: 2.667e-03 (2.146e-03)	Stage1-heatmaps: 8.556e-04 (6.663e-04)	Stage0-push: 1.792e-04 (1.753e-04)	Stage1-push: 0.000e+00 (0.000e+00)	Stage0-pull: 2.188e-05 (2.017e-05)	Stage1-pull: 0.000e+00 (0.000e+00)	
2023-05-08 18:14:45,022 Epoch: [10][2100/4008]	Time: 0.189s (0.163s)	Speed: 84.5 samples/s	Data: 0.103s (0.081s)	Stage0-heatmaps: 2.927e-03 (2.147e-03)	Stage1-heatmaps: 8.762e-04 (6.666e-04)	Stage0-push: 2.604e-04 (1.754e-04)	Stage1-push: 0.000e+00 (0.000e+00)	Stage0-pull: 1.342e-05 (2.015e-05)	Stage1-pull: 0.000e+00 (0.000e+00)	
2023-05-08 18:15:00,398 Epoch: [10][2200/4008]	Time: 0.090s (0.163s)	Speed: 178.1 samples/s	Data: 0.001s (0.080s)	Stage0-heatmaps: 1.135e-03 (2.149e-03)	Stage1-heatmaps: 3.104e-04 (6.673e-04)	Stage0-push: 9.048e-05 (1.754e-04)	Stage1-push: 0.000e+00 (0.000e+00)	Stage0-pull: 1.247e-05 (2.018e-05)	Stage1-pull: 0.000e+00 (0.000e+00)	
2023-05-08 18:15:15,895 Epoch: [10][2300/4008]	Time: 0.079s (0.162s)	Speed: 202.0 samples/s	Data: 0.000s (0.080s)	Stage0-heatmaps: 1.808e-03 (2.149e-03)	Stage1-heatmaps: 5.941e-04 (6.672e-04)	Stage0-push: 1.443e-04 (1.757e-04)	Stage1-push: 0.000e+00 (0.000e+00)	Stage0-pull: 4.312e-05 (2.024e-05)	Stage1-pull: 0.000e+00 (0.000e+00)	
2023-05-08 18:15:31,338 Epoch: [10][2400/4008]	Time: 0.076s (0.162s)	Speed: 211.1 samples/s	Data: 0.000s (0.080s)	Stage0-heatmaps: 2.117e-03 (2.148e-03)	Stage1-heatmaps: 6.590e-04 (6.669e-04)	Stage0-push: 1.089e-04 (1.755e-04)	Stage1-push: 0.000e+00 (0.000e+00)	Stage0-pull: 2.373e-05 (2.025e-05)	Stage1-pull: 0.000e+00 (0.000e+00)	
2023-05-08 18:15:46,675 Epoch: [10][2500/4008]	Time: 0.119s (0.162s)	Speed: 134.4 samples/s	Data: 0.055s (0.079s)	Stage0-heatmaps: 3.268e-03 (2.152e-03)	Stage1-heatmaps: 1.095e-03 (6.683e-04)	Stage0-push: 1.553e-04 (1.758e-04)	Stage1-push: 0.000e+00 (0.000e+00)	Stage0-pull: 2.135e-05 (2.031e-05)	Stage1-pull: 0.000e+00 (0.000e+00)	
2023-05-08 18:16:02,098 Epoch: [10][2600/4008]	Time: 0.243s (0.161s)	Speed: 65.7 samples/s	Data: 0.158s (0.079s)	Stage0-heatmaps: 1.563e-03 (2.154e-03)	Stage1-heatmaps: 4.459e-04 (6.690e-04)	Stage0-push: 8.730e-05 (1.760e-04)	Stage1-push: 0.000e+00 (0.000e+00)	Stage0-pull: 1.951e-05 (2.036e-05)	Stage1-pull: 0.000e+00 (0.000e+00)	
2023-05-08 18:16:17,618 Epoch: [10][2700/4008]	Time: 0.070s (0.161s)	Speed: 227.8 samples/s	Data: 0.000s (0.079s)	Stage0-heatmaps: 1.842e-03 (2.157e-03)	Stage1-heatmaps: 5.457e-04 (6.703e-04)	Stage0-push: 1.626e-04 (1.762e-04)	Stage1-push: 0.000e+00 (0.000e+00)	Stage0-pull: 1.581e-05 (2.039e-05)	Stage1-pull: 0.000e+00 (0.000e+00)	
2023-05-08 18:16:33,074 Epoch: [10][2800/4008]	Time: 0.242s (0.161s)	Speed: 66.0 samples/s	Data: 0.147s (0.078s)	Stage0-heatmaps: 3.258e-03 (2.157e-03)	Stage1-heatmaps: 1.090e-03 (6.702e-04)	Stage0-push: 2.655e-04 (1.764e-04)	Stage1-push: 0.000e+00 (0.000e+00)	Stage0-pull: 2.252e-05 (2.038e-05)	Stage1-pull: 0.000e+00 (0.000e+00)	
2023-05-08 18:16:48,872 Epoch: [10][2900/4008]	Time: 0.278s (0.161s)	Speed: 57.6 samples/s	Data: 0.190s (0.078s)	Stage0-heatmaps: 2.354e-03 (2.155e-03)	Stage1-heatmaps: 7.187e-04 (6.695e-04)	Stage0-push: 2.234e-04 (1.764e-04)	Stage1-push: 0.000e+00 (0.000e+00)	Stage0-pull: 2.023e-05 (2.038e-05)	Stage1-pull: 0.000e+00 (0.000e+00)	
2023-05-08 18:17:04,370 Epoch: [10][3000/4008]	Time: 0.188s (0.161s)	Speed: 85.1 samples/s	Data: 0.103s (0.078s)	Stage0-heatmaps: 1.892e-03 (2.158e-03)	Stage1-heatmaps: 5.761e-04 (6.707e-04)	Stage0-push: 1.525e-04 (1.764e-04)	Stage1-push: 0.000e+00 (0.000e+00)	Stage0-pull: 2.382e-05 (2.042e-05)	Stage1-pull: 0.000e+00 (0.000e+00)	
2023-05-08 18:17:20,275 Epoch: [10][3100/4008]	Time: 0.228s (0.161s)	Speed: 70.3 samples/s	Data: 0.152s (0.078s)	Stage0-heatmaps: 2.396e-03 (2.162e-03)	Stage1-heatmaps: 7.693e-04 (6.718e-04)	Stage0-push: 1.491e-04 (1.766e-04)	Stage1-push: 0.000e+00 (0.000e+00)	Stage0-pull: 2.570e-05 (2.045e-05)	Stage1-pull: 0.000e+00 (0.000e+00)	
2023-05-08 18:17:35,813 Epoch: [10][3200/4008]	Time: 0.205s (0.160s)	Speed: 78.0 samples/s	Data: 0.129s (0.078s)	Stage0-heatmaps: 2.489e-03 (2.162e-03)	Stage1-heatmaps: 7.743e-04 (6.716e-04)	Stage0-push: 2.172e-04 (1.768e-04)	Stage1-push: 0.000e+00 (0.000e+00)	Stage0-pull: 2.606e-05 (2.046e-05)	Stage1-pull: 0.000e+00 (0.000e+00)	
2023-05-08 18:17:50,991 Epoch: [10][3300/4008]	Time: 0.199s (0.160s)	Speed: 80.4 samples/s	Data: 0.125s (0.078s)	Stage0-heatmaps: 1.675e-03 (2.162e-03)	Stage1-heatmaps: 5.328e-04 (6.717e-04)	Stage0-push: 1.533e-04 (1.767e-04)	Stage1-push: 0.000e+00 (0.000e+00)	Stage0-pull: 1.757e-05 (2.044e-05)	Stage1-pull: 0.000e+00 (0.000e+00)	
2023-05-08 18:18:07,206 Epoch: [10][3400/4008]	Time: 0.197s (0.160s)	Speed: 81.0 samples/s	Data: 0.107s (0.077s)	Stage0-heatmaps: 1.979e-03 (2.164e-03)	Stage1-heatmaps: 6.871e-04 (6.724e-04)	Stage0-push: 2.195e-04 (1.769e-04)	Stage1-push: 0.000e+00 (0.000e+00)	Stage0-pull: 2.146e-05 (2.044e-05)	Stage1-pull: 0.000e+00 (0.000e+00)	
2023-05-08 18:18:22,955 Epoch: [10][3500/4008]	Time: 0.261s (0.160s)	Speed: 61.4 samples/s	Data: 0.175s (0.077s)	Stage0-heatmaps: 2.706e-03 (2.164e-03)	Stage1-heatmaps: 8.958e-04 (6.723e-04)	Stage0-push: 1.628e-04 (1.767e-04)	Stage1-push: 0.000e+00 (0.000e+00)	Stage0-pull: 3.149e-05 (2.048e-05)	Stage1-pull: 0.000e+00 (0.000e+00)	
2023-05-08 18:18:38,587 Epoch: [10][3600/4008]	Time: 0.317s (0.160s)	Speed: 50.4 samples/s	Data: 0.210s (0.077s)	Stage0-heatmaps: 2.230e-03 (2.161e-03)	Stage1-heatmaps: 6.977e-04 (6.710e-04)	Stage0-push: 1.705e-04 (1.768e-04)	Stage1-push: 0.000e+00 (0.000e+00)	Stage0-pull: 2.088e-05 (2.046e-05)	Stage1-pull: 0.000e+00 (0.000e+00)	
2023-05-08 18:18:54,159 Epoch: [10][3700/4008]	Time: 0.287s (0.160s)	Speed: 55.8 samples/s	Data: 0.190s (0.077s)	Stage0-heatmaps: 2.719e-03 (2.162e-03)	Stage1-heatmaps: 8.685e-04 (6.714e-04)	Stage0-push: 2.494e-04 (1.768e-04)	Stage1-push: 0.000e+00 (0.000e+00)	Stage0-pull: 2.032e-05 (2.048e-05)	Stage1-pull: 0.000e+00 (0.000e+00)	
2023-05-08 18:19:10,050 Epoch: [10][3800/4008]	Time: 0.227s (0.160s)	Speed: 70.6 samples/s	Data: 0.138s (0.077s)	Stage0-heatmaps: 1.913e-03 (2.162e-03)	Stage1-heatmaps: 5.939e-04 (6.713e-04)	Stage0-push: 1.691e-04 (1.768e-04)	Stage1-push: 0.000e+00 (0.000e+00)	Stage0-pull: 1.725e-05 (2.047e-05)	Stage1-pull: 0.000e+00 (0.000e+00)	
2023-05-08 18:19:25,432 Epoch: [10][3900/4008]	Time: 0.238s (0.160s)	Speed: 67.1 samples/s	Data: 0.161s (0.077s)	Stage0-heatmaps: 2.255e-03 (2.161e-03)	Stage1-heatmaps: 7.495e-04 (6.711e-04)	Stage0-push: 1.657e-04 (1.768e-04)	Stage1-push: 0.000e+00 (0.000e+00)	Stage0-pull: 2.103e-05 (2.047e-05)	Stage1-pull: 0.000e+00 (0.000e+00)	
2023-05-08 18:19:40,655 Epoch: [10][4000/4008]	Time: 0.210s (0.160s)	Speed: 76.2 samples/s	Data: 0.132s (0.077s)	Stage0-heatmaps: 1.709e-03 (2.160e-03)	Stage1-heatmaps: 5.073e-04 (6.707e-04)	Stage0-push: 1.375e-04 (1.767e-04)	Stage1-push: 0.000e+00 (0.000e+00)	Stage0-pull: 1.574e-05 (2.048e-05)	Stage1-pull: 0.000e+00 (0.000e+00)	
2023-05-08 18:19:46,305 => saving checkpoint to output/coco_kpt/pose_transmobilenet/mobile
2023-05-08 18:20:05,310 Epoch: [11][0/4008]	Time: 18.759s (18.759s)	Speed: 0.9 samples/s	Data: 18.678s (18.678s)	Stage0-heatmaps: 2.162e-03 (2.162e-03)	Stage1-heatmaps: 6.376e-04 (6.376e-04)	Stage0-push: 1.796e-04 (1.796e-04)	Stage1-push: 0.000e+00 (0.000e+00)	Stage0-pull: 1.935e-05 (1.935e-05)	Stage1-pull: 0.000e+00 (0.000e+00)	
2023-05-08 18:20:20,671 Epoch: [11][100/4008]	Time: 0.210s (0.338s)	Speed: 76.2 samples/s	Data: 0.129s (0.255s)	Stage0-heatmaps: 2.289e-03 (2.092e-03)	Stage1-heatmaps: 7.079e-04 (6.515e-04)	Stage0-push: 1.141e-04 (1.685e-04)	Stage1-push: 0.000e+00 (0.000e+00)	Stage0-pull: 1.397e-05 (2.153e-05)	Stage1-pull: 0.000e+00 (0.000e+00)	
2023-05-08 18:20:35,930 Epoch: [11][200/4008]	Time: 0.212s (0.246s)	Speed: 75.5 samples/s	Data: 0.127s (0.162s)	Stage0-heatmaps: 2.025e-03 (2.111e-03)	Stage1-heatmaps: 5.939e-04 (6.573e-04)	Stage0-push: 1.752e-04 (1.740e-04)	Stage1-push: 0.000e+00 (0.000e+00)	Stage0-pull: 1.240e-05 (2.121e-05)	Stage1-pull: 0.000e+00 (0.000e+00)	
2023-05-08 18:20:51,076 Epoch: [11][300/4008]	Time: 0.265s (0.214s)	Speed: 60.3 samples/s	Data: 0.155s (0.131s)	Stage0-heatmaps: 2.145e-03 (2.112e-03)	Stage1-heatmaps: 6.442e-04 (6.559e-04)	Stage0-push: 1.717e-04 (1.731e-04)	Stage1-push: 0.000e+00 (0.000e+00)	Stage0-pull: 1.289e-05 (2.059e-05)	Stage1-pull: 0.000e+00 (0.000e+00)	
2023-05-08 18:21:06,280 Epoch: [11][400/4008]	Time: 0.191s (0.199s)	Speed: 83.6 samples/s	Data: 0.132s (0.117s)	Stage0-heatmaps: 1.679e-03 (2.111e-03)	Stage1-heatmaps: 4.776e-04 (6.556e-04)	Stage0-push: 1.679e-04 (1.725e-04)	Stage1-push: 0.000e+00 (0.000e+00)	Stage0-pull: 1.645e-05 (2.049e-05)	Stage1-pull: 0.000e+00 (0.000e+00)	
2023-05-08 18:21:21,513 Epoch: [11][500/4008]	Time: 0.177s (0.190s)	Speed: 90.3 samples/s	Data: 0.097s (0.108s)	Stage0-heatmaps: 2.437e-03 (2.105e-03)	Stage1-heatmaps: 7.490e-04 (6.542e-04)	Stage0-push: 2.064e-04 (1.725e-04)	Stage1-push: 0.000e+00 (0.000e+00)	Stage0-pull: 1.282e-05 (2.043e-05)	Stage1-pull: 0.000e+00 (0.000e+00)	
2023-05-08 18:21:36,843 Epoch: [11][600/4008]	Time: 0.265s (0.184s)	Speed: 60.3 samples/s	Data: 0.183s (0.101s)	Stage0-heatmaps: 1.904e-03 (2.096e-03)	Stage1-heatmaps: 5.468e-04 (6.513e-04)	Stage0-push: 1.576e-04 (1.717e-04)	Stage1-push: 0.000e+00 (0.000e+00)	Stage0-pull: 1.792e-05 (2.052e-05)	Stage1-pull: 0.000e+00 (0.000e+00)	
2023-05-08 18:21:51,992 Epoch: [11][700/4008]	Time: 0.107s (0.179s)	Speed: 150.2 samples/s	Data: 0.002s (0.096s)	Stage0-heatmaps: 2.125e-03 (2.118e-03)	Stage1-heatmaps: 6.778e-04 (6.586e-04)	Stage0-push: 3.014e-04 (1.733e-04)	Stage1-push: 0.000e+00 (0.000e+00)	Stage0-pull: 1.858e-05 (2.061e-05)	Stage1-pull: 0.000e+00 (0.000e+00)	
2023-05-08 18:22:07,226 Epoch: [11][800/4008]	Time: 0.159s (0.176s)	Speed: 100.4 samples/s	Data: 0.072s (0.093s)	Stage0-heatmaps: 2.409e-03 (2.127e-03)	Stage1-heatmaps: 7.427e-04 (6.615e-04)	Stage0-push: 1.585e-04 (1.736e-04)	Stage1-push: 0.000e+00 (0.000e+00)	Stage0-pull: 2.527e-05 (2.066e-05)	Stage1-pull: 0.000e+00 (0.000e+00)	
2023-05-08 18:22:22,673 Epoch: [11][900/4008]	Time: 0.068s (0.173s)	Speed: 236.1 samples/s	Data: 0.000s (0.091s)	Stage0-heatmaps: 1.844e-03 (2.127e-03)	Stage1-heatmaps: 5.187e-04 (6.614e-04)	Stage0-push: 1.709e-04 (1.738e-04)	Stage1-push: 0.000e+00 (0.000e+00)	Stage0-pull: 2.350e-05 (2.078e-05)	Stage1-pull: 0.000e+00 (0.000e+00)	
2023-05-08 18:22:37,898 Epoch: [11][1000/4008]	Time: 0.089s (0.171s)	Speed: 179.3 samples/s	Data: 0.000s (0.089s)	Stage0-heatmaps: 2.176e-03 (2.134e-03)	Stage1-heatmaps: 7.321e-04 (6.637e-04)	Stage0-push: 1.854e-04 (1.748e-04)	Stage1-push: 0.000e+00 (0.000e+00)	Stage0-pull: 1.691e-05 (2.077e-05)	Stage1-pull: 0.000e+00 (0.000e+00)	
2023-05-08 18:22:53,321 Epoch: [11][1100/4008]	Time: 0.083s (0.170s)	Speed: 192.4 samples/s	Data: 0.001s (0.087s)	Stage0-heatmaps: 1.745e-03 (2.138e-03)	Stage1-heatmaps: 5.251e-04 (6.648e-04)	Stage0-push: 1.612e-04 (1.744e-04)	Stage1-push: 0.000e+00 (0.000e+00)	Stage0-pull: 1.977e-05 (2.069e-05)	Stage1-pull: 0.000e+00 (0.000e+00)	
2023-05-08 18:23:08,726 Epoch: [11][1200/4008]	Time: 0.092s (0.168s)	Speed: 173.6 samples/s	Data: 0.000s (0.086s)	Stage0-heatmaps: 3.092e-03 (2.138e-03)	Stage1-heatmaps: 1.016e-03 (6.646e-04)	Stage0-push: 2.078e-04 (1.744e-04)	Stage1-push: 0.000e+00 (0.000e+00)	Stage0-pull: 2.219e-05 (2.081e-05)	Stage1-pull: 0.000e+00 (0.000e+00)	
2023-05-08 18:23:23,834 Epoch: [11][1300/4008]	Time: 0.138s (0.167s)	Speed: 116.0 samples/s	Data: 0.072s (0.085s)	Stage0-heatmaps: 3.206e-03 (2.138e-03)	Stage1-heatmaps: 1.117e-03 (6.650e-04)	Stage0-push: 2.696e-04 (1.740e-04)	Stage1-push: 0.000e+00 (0.000e+00)	Stage0-pull: 2.846e-05 (2.080e-05)	Stage1-pull: 0.000e+00 (0.000e+00)	
2023-05-08 18:23:39,128 Epoch: [11][1400/4008]	Time: 0.115s (0.166s)	Speed: 139.3 samples/s	Data: 0.056s (0.084s)	Stage0-heatmaps: 1.897e-03 (2.134e-03)	Stage1-heatmaps: 5.567e-04 (6.639e-04)	Stage0-push: 1.083e-04 (1.739e-04)	Stage1-push: 0.000e+00 (0.000e+00)	Stage0-pull: 2.059e-05 (2.076e-05)	Stage1-pull: 0.000e+00 (0.000e+00)	
2023-05-08 18:23:54,485 Epoch: [11][1500/4008]	Time: 0.079s (0.165s)	Speed: 201.4 samples/s	Data: 0.000s (0.083s)	Stage0-heatmaps: 1.888e-03 (2.129e-03)	Stage1-heatmaps: 5.655e-04 (6.619e-04)	Stage0-push: 1.105e-04 (1.737e-04)	Stage1-push: 0.000e+00 (0.000e+00)	Stage0-pull: 1.753e-05 (2.057e-05)	Stage1-pull: 0.000e+00 (0.000e+00)	
2023-05-08 18:24:09,764 Epoch: [11][1600/4008]	Time: 0.135s (0.164s)	Speed: 118.2 samples/s	Data: 0.054s (0.082s)	Stage0-heatmaps: 2.301e-03 (2.129e-03)	Stage1-heatmaps: 7.462e-04 (6.621e-04)	Stage0-push: 1.251e-04 (1.736e-04)	Stage1-push: 0.000e+00 (0.000e+00)	Stage0-pull: 1.892e-05 (2.051e-05)	Stage1-pull: 0.000e+00 (0.000e+00)	
2023-05-08 18:24:25,742 Epoch: [11][1700/4008]	Time: 0.338s (0.164s)	Speed: 47.3 samples/s	Data: 0.229s (0.082s)	Stage0-heatmaps: 3.631e-03 (2.136e-03)	Stage1-heatmaps: 1.203e-03 (6.642e-04)	Stage0-push: 2.281e-04 (1.736e-04)	Stage1-push: 0.000e+00 (0.000e+00)	Stage0-pull: 2.925e-05 (2.057e-05)	Stage1-pull: 0.000e+00 (0.000e+00)	
2023-05-08 18:24:40,987 Epoch: [11][1800/4008]	Time: 0.263s (0.163s)	Speed: 60.9 samples/s	Data: 0.179s (0.081s)	Stage0-heatmaps: 2.102e-03 (2.133e-03)	Stage1-heatmaps: 6.151e-04 (6.631e-04)	Stage0-push: 2.434e-04 (1.735e-04)	Stage1-push: 0.000e+00 (0.000e+00)	Stage0-pull: 2.467e-05 (2.050e-05)	Stage1-pull: 0.000e+00 (0.000e+00)	
2023-05-08 18:24:55,953 Epoch: [11][1900/4008]	Time: 0.165s (0.163s)	Speed: 96.8 samples/s	Data: 0.076s (0.081s)	Stage0-heatmaps: 1.522e-03 (2.129e-03)	Stage1-heatmaps: 4.452e-04 (6.618e-04)	Stage0-push: 1.435e-04 (1.729e-04)	Stage1-push: 0.000e+00 (0.000e+00)	Stage0-pull: 3.200e-05 (2.054e-05)	Stage1-pull: 0.000e+00 (0.000e+00)	
2023-05-08 18:25:11,172 Epoch: [11][2000/4008]	Time: 0.180s (0.162s)	Speed: 89.1 samples/s	Data: 0.113s (0.080s)	Stage0-heatmaps: 3.035e-03 (2.133e-03)	Stage1-heatmaps: 9.270e-04 (6.629e-04)	Stage0-push: 2.150e-04 (1.729e-04)	Stage1-push: 0.000e+00 (0.000e+00)	Stage0-pull: 2.739e-05 (2.066e-05)	Stage1-pull: 0.000e+00 (0.000e+00)	
2023-05-08 18:25:26,506 Epoch: [11][2100/4008]	Time: 0.169s (0.162s)	Speed: 94.8 samples/s	Data: 0.093s (0.079s)	Stage0-heatmaps: 2.808e-03 (2.133e-03)	Stage1-heatmaps: 8.408e-04 (6.630e-04)	Stage0-push: 2.118e-04 (1.728e-04)	Stage1-push: 0.000e+00 (0.000e+00)	Stage0-pull: 1.823e-05 (2.071e-05)	Stage1-pull: 0.000e+00 (0.000e+00)	
2023-05-08 18:25:41,596 Epoch: [11][2200/4008]	Time: 0.177s (0.161s)	Speed: 90.2 samples/s	Data: 0.120s (0.079s)	Stage0-heatmaps: 1.321e-03 (2.134e-03)	Stage1-heatmaps: 3.603e-04 (6.633e-04)	Stage0-push: 8.947e-05 (1.727e-04)	Stage1-push: 0.000e+00 (0.000e+00)	Stage0-pull: 2.414e-05 (2.073e-05)	Stage1-pull: 0.000e+00 (0.000e+00)	
2023-05-08 18:25:56,767 Epoch: [11][2300/4008]	Time: 0.211s (0.161s)	Speed: 75.8 samples/s	Data: 0.126s (0.079s)	Stage0-heatmaps: 1.690e-03 (2.133e-03)	Stage1-heatmaps: 5.047e-04 (6.626e-04)	Stage0-push: 1.212e-04 (1.730e-04)	Stage1-push: 0.000e+00 (0.000e+00)	Stage0-pull: 1.792e-05 (2.074e-05)	Stage1-pull: 0.000e+00 (0.000e+00)	
2023-05-08 18:26:11,867 Epoch: [11][2400/4008]	Time: 0.075s (0.160s)	Speed: 214.2 samples/s	Data: 0.000s (0.078s)	Stage0-heatmaps: 2.008e-03 (2.130e-03)	Stage1-heatmaps: 6.233e-04 (6.618e-04)	Stage0-push: 1.142e-04 (1.725e-04)	Stage1-push: 0.000e+00 (0.000e+00)	Stage0-pull: 2.683e-05 (2.078e-05)	Stage1-pull: 0.000e+00 (0.000e+00)	
2023-05-08 18:26:27,228 Epoch: [11][2500/4008]	Time: 0.076s (0.160s)	Speed: 211.4 samples/s	Data: 0.000s (0.078s)	Stage0-heatmaps: 3.081e-03 (2.136e-03)	Stage1-heatmaps: 1.053e-03 (6.638e-04)	Stage0-push: 1.764e-04 (1.728e-04)	Stage1-push: 0.000e+00 (0.000e+00)	Stage0-pull: 2.116e-05 (2.084e-05)	Stage1-pull: 0.000e+00 (0.000e+00)	
2023-05-08 18:26:43,177 Epoch: [11][2600/4008]	Time: 0.087s (0.160s)	Speed: 184.6 samples/s	Data: 0.000s (0.078s)	Stage0-heatmaps: 1.879e-03 (2.137e-03)	Stage1-heatmaps: 5.284e-04 (6.644e-04)	Stage0-push: 1.416e-04 (1.728e-04)	Stage1-push: 0.000e+00 (0.000e+00)	Stage0-pull: 1.301e-05 (2.087e-05)	Stage1-pull: 0.000e+00 (0.000e+00)	
2023-05-08 18:26:58,880 Epoch: [11][2700/4008]	Time: 0.090s (0.160s)	Speed: 177.2 samples/s	Data: 0.001s (0.078s)	Stage0-heatmaps: 2.152e-03 (2.140e-03)	Stage1-heatmaps: 6.261e-04 (6.657e-04)	Stage0-push: 1.688e-04 (1.729e-04)	Stage1-push: 0.000e+00 (0.000e+00)	Stage0-pull: 5.041e-05 (2.095e-05)	Stage1-pull: 0.000e+00 (0.000e+00)	
2023-05-08 18:27:14,637 Epoch: [11][2800/4008]	Time: 0.303s (0.160s)	Speed: 52.9 samples/s	Data: 0.217s (0.077s)	Stage0-heatmaps: 3.481e-03 (2.141e-03)	Stage1-heatmaps: 1.136e-03 (6.659e-04)	Stage0-push: 2.471e-04 (1.730e-04)	Stage1-push: 0.000e+00 (0.000e+00)	Stage0-pull: 4.358e-05 (2.100e-05)	Stage1-pull: 0.000e+00 (0.000e+00)	
2023-05-08 18:27:30,288 Epoch: [11][2900/4008]	Time: 0.195s (0.160s)	Speed: 81.8 samples/s	Data: 0.100s (0.077s)	Stage0-heatmaps: 2.543e-03 (2.139e-03)	Stage1-heatmaps: 7.642e-04 (6.653e-04)	Stage0-push: 2.760e-04 (1.730e-04)	Stage1-push: 0.000e+00 (0.000e+00)	Stage0-pull: 1.393e-05 (2.098e-05)	Stage1-pull: 0.000e+00 (0.000e+00)	
2023-05-08 18:27:45,858 Epoch: [11][3000/4008]	Time: 0.187s (0.160s)	Speed: 85.4 samples/s	Data: 0.131s (0.077s)	Stage0-heatmaps: 2.110e-03 (2.142e-03)	Stage1-heatmaps: 6.323e-04 (6.661e-04)	Stage0-push: 1.484e-04 (1.728e-04)	Stage1-push: 0.000e+00 (0.000e+00)	Stage0-pull: 2.263e-05 (2.108e-05)	Stage1-pull: 0.000e+00 (0.000e+00)	
2023-05-08 18:28:01,623 Epoch: [11][3100/4008]	Time: 0.232s (0.160s)	Speed: 68.9 samples/s	Data: 0.161s (0.077s)	Stage0-heatmaps: 2.371e-03 (2.144e-03)	Stage1-heatmaps: 7.665e-04 (6.667e-04)	Stage0-push: 1.331e-04 (1.728e-04)	Stage1-push: 0.000e+00 (0.000e+00)	Stage0-pull: 3.008e-05 (2.111e-05)	Stage1-pull: 0.000e+00 (0.000e+00)	
2023-05-08 18:28:17,110 Epoch: [11][3200/4008]	Time: 0.241s (0.159s)	Speed: 66.5 samples/s	Data: 0.156s (0.077s)	Stage0-heatmaps: 2.208e-03 (2.143e-03)	Stage1-heatmaps: 6.764e-04 (6.664e-04)	Stage0-push: 1.676e-04 (1.729e-04)	Stage1-push: 0.000e+00 (0.000e+00)	Stage0-pull: 2.729e-05 (2.112e-05)	Stage1-pull: 0.000e+00 (0.000e+00)	
2023-05-08 18:28:32,601 Epoch: [11][3300/4008]	Time: 0.267s (0.159s)	Speed: 59.8 samples/s	Data: 0.165s (0.077s)	Stage0-heatmaps: 1.772e-03 (2.144e-03)	Stage1-heatmaps: 5.480e-04 (6.666e-04)	Stage0-push: 1.597e-04 (1.729e-04)	Stage1-push: 0.000e+00 (0.000e+00)	Stage0-pull: 3.871e-05 (2.113e-05)	Stage1-pull: 0.000e+00 (0.000e+00)	
2023-05-08 18:28:48,169 Epoch: [11][3400/4008]	Time: 0.262s (0.159s)	Speed: 61.1 samples/s	Data: 0.177s (0.077s)	Stage0-heatmaps: 1.985e-03 (2.146e-03)	Stage1-heatmaps: 6.704e-04 (6.675e-04)	Stage0-push: 2.133e-04 (1.729e-04)	Stage1-push: 0.000e+00 (0.000e+00)	Stage0-pull: 2.670e-05 (2.114e-05)	Stage1-pull: 0.000e+00 (0.000e+00)	
2023-05-08 18:29:03,995 Epoch: [11][3500/4008]	Time: 0.253s (0.159s)	Speed: 63.3 samples/s	Data: 0.160s (0.076s)	Stage0-heatmaps: 2.693e-03 (2.146e-03)	Stage1-heatmaps: 8.653e-04 (6.675e-04)	Stage0-push: 1.881e-04 (1.726e-04)	Stage1-push: 0.000e+00 (0.000e+00)	Stage0-pull: 4.824e-05 (2.120e-05)	Stage1-pull: 0.000e+00 (0.000e+00)	
2023-05-08 18:29:19,595 Epoch: [11][3600/4008]	Time: 0.154s (0.159s)	Speed: 104.0 samples/s	Data: 0.072s (0.076s)	Stage0-heatmaps: 2.078e-03 (2.143e-03)	Stage1-heatmaps: 6.595e-04 (6.663e-04)	Stage0-push: 1.388e-04 (1.725e-04)	Stage1-push: 0.000e+00 (0.000e+00)	Stage0-pull: 2.252e-05 (2.117e-05)	Stage1-pull: 0.000e+00 (0.000e+00)	
2023-05-08 18:29:35,435 Epoch: [11][3700/4008]	Time: 0.240s (0.159s)	Speed: 66.6 samples/s	Data: 0.157s (0.076s)	Stage0-heatmaps: 2.098e-03 (2.143e-03)	Stage1-heatmaps: 6.515e-04 (6.666e-04)	Stage0-push: 2.473e-04 (1.725e-04)	Stage1-push: 0.000e+00 (0.000e+00)	Stage0-pull: 1.420e-05 (2.119e-05)	Stage1-pull: 0.000e+00 (0.000e+00)	
2023-05-08 18:29:50,621 Epoch: [11][3800/4008]	Time: 0.224s (0.159s)	Speed: 71.6 samples/s	Data: 0.143s (0.076s)	Stage0-heatmaps: 2.044e-03 (2.144e-03)	Stage1-heatmaps: 6.534e-04 (6.666e-04)	Stage0-push: 1.519e-04 (1.725e-04)	Stage1-push: 0.000e+00 (0.000e+00)	Stage0-pull: 2.473e-05 (2.117e-05)	Stage1-pull: 0.000e+00 (0.000e+00)	
2023-05-08 18:30:05,754 Epoch: [11][3900/4008]	Time: 0.217s (0.159s)	Speed: 73.7 samples/s	Data: 0.129s (0.076s)	Stage0-heatmaps: 2.269e-03 (2.144e-03)	Stage1-heatmaps: 7.225e-04 (6.665e-04)	Stage0-push: 1.703e-04 (1.724e-04)	Stage1-push: 0.000e+00 (0.000e+00)	Stage0-pull: 2.287e-05 (2.118e-05)	Stage1-pull: 0.000e+00 (0.000e+00)	
2023-05-08 18:30:21,212 Epoch: [11][4000/4008]	Time: 0.237s (0.159s)	Speed: 67.5 samples/s	Data: 0.149s (0.076s)	Stage0-heatmaps: 1.618e-03 (2.143e-03)	Stage1-heatmaps: 4.897e-04 (6.664e-04)	Stage0-push: 1.312e-04 (1.724e-04)	Stage1-push: 0.000e+00 (0.000e+00)	Stage0-pull: 1.524e-05 (2.119e-05)	Stage1-pull: 0.000e+00 (0.000e+00)	
2023-05-08 18:30:26,121 => saving checkpoint to output/coco_kpt/pose_transmobilenet/mobile
2023-05-08 18:30:44,909 Epoch: [12][0/4008]	Time: 18.551s (18.551s)	Speed: 0.9 samples/s	Data: 18.474s (18.474s)	Stage0-heatmaps: 2.078e-03 (2.078e-03)	Stage1-heatmaps: 6.335e-04 (6.335e-04)	Stage0-push: 1.582e-04 (1.582e-04)	Stage1-push: 0.000e+00 (0.000e+00)	Stage0-pull: 2.091e-05 (2.091e-05)	Stage1-pull: 0.000e+00 (0.000e+00)	
2023-05-08 18:31:00,024 Epoch: [12][100/4008]	Time: 0.176s (0.333s)	Speed: 90.7 samples/s	Data: 0.091s (0.250s)	Stage0-heatmaps: 2.228e-03 (2.068e-03)	Stage1-heatmaps: 6.905e-04 (6.407e-04)	Stage0-push: 1.015e-04 (1.613e-04)	Stage1-push: 0.000e+00 (0.000e+00)	Stage0-pull: 1.665e-05 (2.175e-05)	Stage1-pull: 0.000e+00 (0.000e+00)	
2023-05-08 18:31:15,162 Epoch: [12][200/4008]	Time: 0.079s (0.243s)	Speed: 201.3 samples/s	Data: 0.000s (0.159s)	Stage0-heatmaps: 2.027e-03 (2.089e-03)	Stage1-heatmaps: 6.475e-04 (6.510e-04)	Stage0-push: 1.366e-04 (1.662e-04)	Stage1-push: 0.000e+00 (0.000e+00)	Stage0-pull: 1.647e-05 (2.136e-05)	Stage1-pull: 0.000e+00 (0.000e+00)	
2023-05-08 18:31:30,948 Epoch: [12][300/4008]	Time: 0.185s (0.215s)	Speed: 86.6 samples/s	Data: 0.124s (0.129s)	Stage0-heatmaps: 2.133e-03 (2.092e-03)	Stage1-heatmaps: 6.261e-04 (6.500e-04)	Stage0-push: 1.359e-04 (1.643e-04)	Stage1-push: 0.000e+00 (0.000e+00)	Stage0-pull: 2.742e-05 (2.136e-05)	Stage1-pull: 0.000e+00 (0.000e+00)	
2023-05-08 18:31:46,076 Epoch: [12][400/4008]	Time: 0.234s (0.199s)	Speed: 68.3 samples/s	Data: 0.144s (0.114s)	Stage0-heatmaps: 1.841e-03 (2.094e-03)	Stage1-heatmaps: 5.167e-04 (6.514e-04)	Stage0-push: 1.663e-04 (1.633e-04)	Stage1-push: 0.000e+00 (0.000e+00)	Stage0-pull: 2.979e-05 (2.157e-05)	Stage1-pull: 0.000e+00 (0.000e+00)	
2023-05-08 18:32:01,575 Epoch: [12][500/4008]	Time: 0.265s (0.190s)	Speed: 60.5 samples/s	Data: 0.178s (0.105s)	Stage0-heatmaps: 2.248e-03 (2.090e-03)	Stage1-heatmaps: 6.963e-04 (6.499e-04)	Stage0-push: 2.042e-04 (1.634e-04)	Stage1-push: 0.000e+00 (0.000e+00)	Stage0-pull: 1.367e-05 (2.131e-05)	Stage1-pull: 0.000e+00 (0.000e+00)	
2023-05-08 18:32:16,788 Epoch: [12][600/4008]	Time: 0.222s (0.184s)	Speed: 72.1 samples/s	Data: 0.146s (0.100s)	Stage0-heatmaps: 1.588e-03 (2.081e-03)	Stage1-heatmaps: 4.714e-04 (6.468e-04)	Stage0-push: 1.546e-04 (1.619e-04)	Stage1-push: 0.000e+00 (0.000e+00)	Stage0-pull: 1.406e-05 (2.159e-05)	Stage1-pull: 0.000e+00 (0.000e+00)	
2023-05-08 18:32:31,864 Epoch: [12][700/4008]	Time: 0.086s (0.179s)	Speed: 186.9 samples/s	Data: 0.000s (0.095s)	Stage0-heatmaps: 2.356e-03 (2.105e-03)	Stage1-heatmaps: 7.484e-04 (6.547e-04)	Stage0-push: 1.979e-04 (1.628e-04)	Stage1-push: 0.000e+00 (0.000e+00)	Stage0-pull: 2.510e-05 (2.189e-05)	Stage1-pull: 0.000e+00 (0.000e+00)	
2023-05-08 18:32:46,797 Epoch: [12][800/4008]	Time: 0.203s (0.175s)	Speed: 78.8 samples/s	Data: 0.146s (0.092s)	Stage0-heatmaps: 2.252e-03 (2.110e-03)	Stage1-heatmaps: 6.941e-04 (6.566e-04)	Stage0-push: 1.769e-04 (1.628e-04)	Stage1-push: 0.000e+00 (0.000e+00)	Stage0-pull: 2.040e-05 (2.231e-05)	Stage1-pull: 0.000e+00 (0.000e+00)	
2023-05-08 18:33:01,772 Epoch: [12][900/4008]	Time: 0.191s (0.172s)	Speed: 83.6 samples/s	Data: 0.114s (0.089s)	Stage0-heatmaps: 2.041e-03 (2.106e-03)	Stage1-heatmaps: 6.071e-04 (6.557e-04)	Stage0-push: 1.557e-04 (1.624e-04)	Stage1-push: 0.000e+00 (0.000e+00)	Stage0-pull: 1.708e-05 (2.254e-05)	Stage1-pull: 0.000e+00 (0.000e+00)	
2023-05-08 18:33:16,966 Epoch: [12][1000/4008]	Time: 0.083s (0.170s)	Speed: 193.6 samples/s	Data: 0.024s (0.088s)	Stage0-heatmaps: 2.170e-03 (2.113e-03)	Stage1-heatmaps: 6.651e-04 (6.579e-04)	Stage0-push: 1.819e-04 (1.630e-04)	Stage1-push: 0.000e+00 (0.000e+00)	Stage0-pull: 1.552e-05 (2.262e-05)	Stage1-pull: 0.000e+00 (0.000e+00)	
2023-05-08 18:33:32,177 Epoch: [12][1100/4008]	Time: 0.268s (0.169s)	Speed: 59.8 samples/s	Data: 0.184s (0.086s)	Stage0-heatmaps: 1.933e-03 (2.116e-03)	Stage1-heatmaps: 5.505e-04 (6.591e-04)	Stage0-push: 1.520e-04 (1.625e-04)	Stage1-push: 0.000e+00 (0.000e+00)	Stage0-pull: 1.991e-05 (2.268e-05)	Stage1-pull: 0.000e+00 (0.000e+00)	
2023-05-08 18:33:47,498 Epoch: [12][1200/4008]	Time: 0.081s (0.167s)	Speed: 197.6 samples/s	Data: 0.000s (0.085s)	Stage0-heatmaps: 3.603e-03 (2.120e-03)	Stage1-heatmaps: 1.063e-03 (6.586e-04)	Stage0-push: 1.806e-04 (1.624e-04)	Stage1-push: 0.000e+00 (0.000e+00)	Stage0-pull: 2.217e-05 (2.269e-05)	Stage1-pull: 0.000e+00 (0.000e+00)	
2023-05-08 18:34:02,854 Epoch: [12][1300/4008]	Time: 0.178s (0.166s)	Speed: 90.1 samples/s	Data: 0.085s (0.084s)	Stage0-heatmaps: 3.064e-03 (2.123e-03)	Stage1-heatmaps: 1.101e-03 (6.596e-04)	Stage0-push: 2.116e-04 (1.618e-04)	Stage1-push: 0.000e+00 (0.000e+00)	Stage0-pull: 3.139e-05 (2.260e-05)	Stage1-pull: 0.000e+00 (0.000e+00)	
2023-05-08 18:34:18,124 Epoch: [12][1400/4008]	Time: 0.171s (0.165s)	Speed: 93.4 samples/s	Data: 0.093s (0.083s)	Stage0-heatmaps: 1.624e-03 (2.119e-03)	Stage1-heatmaps: 4.764e-04 (6.584e-04)	Stage0-push: 9.113e-05 (1.614e-04)	Stage1-push: 0.000e+00 (0.000e+00)	Stage0-pull: 1.524e-05 (2.253e-05)	Stage1-pull: 0.000e+00 (0.000e+00)	
2023-05-08 18:34:33,175 Epoch: [12][1500/4008]	Time: 0.119s (0.164s)	Speed: 134.1 samples/s	Data: 0.062s (0.082s)	Stage0-heatmaps: 1.790e-03 (2.113e-03)	Stage1-heatmaps: 5.468e-04 (6.563e-04)	Stage0-push: 8.001e-05 (1.607e-04)	Stage1-push: 0.000e+00 (0.000e+00)	Stage0-pull: 2.205e-05 (2.237e-05)	Stage1-pull: 0.000e+00 (0.000e+00)	
2023-05-08 18:34:48,554 Epoch: [12][1600/4008]	Time: 0.144s (0.164s)	Speed: 111.3 samples/s	Data: 0.060s (0.082s)	Stage0-heatmaps: 2.057e-03 (2.117e-03)	Stage1-heatmaps: 6.737e-04 (6.576e-04)	Stage0-push: 1.241e-04 (1.604e-04)	Stage1-push: 0.000e+00 (0.000e+00)	Stage0-pull: 1.684e-05 (2.248e-05)	Stage1-pull: 0.000e+00 (0.000e+00)	
2023-05-08 18:35:04,023 Epoch: [12][1700/4008]	Time: 0.203s (0.163s)	Speed: 78.7 samples/s	Data: 0.143s (0.081s)	Stage0-heatmaps: 3.364e-03 (2.122e-03)	Stage1-heatmaps: 1.109e-03 (6.593e-04)	Stage0-push: 2.034e-04 (1.599e-04)	Stage1-push: 0.000e+00 (0.000e+00)	Stage0-pull: 4.075e-05 (2.272e-05)	Stage1-pull: 0.000e+00 (0.000e+00)	
2023-05-08 18:35:19,496 Epoch: [12][1800/4008]	Time: 0.222s (0.163s)	Speed: 72.0 samples/s	Data: 0.145s (0.081s)	Stage0-heatmaps: 2.290e-03 (2.117e-03)	Stage1-heatmaps: 6.925e-04 (6.577e-04)	Stage0-push: 2.501e-04 (1.591e-04)	Stage1-push: 0.000e+00 (0.000e+00)	Stage0-pull: 3.161e-05 (2.275e-05)	Stage1-pull: 0.000e+00 (0.000e+00)	
2023-05-08 18:35:34,963 Epoch: [12][1900/4008]	Time: 0.250s (0.162s)	Speed: 64.0 samples/s	Data: 0.153s (0.080s)	Stage0-heatmaps: 1.283e-03 (2.113e-03)	Stage1-heatmaps: 3.902e-04 (6.561e-04)	Stage0-push: 6.651e-05 (1.582e-04)	Stage1-push: 0.000e+00 (0.000e+00)	Stage0-pull: 2.797e-05 (2.285e-05)	Stage1-pull: 0.000e+00 (0.000e+00)	
2023-05-08 18:35:50,108 Epoch: [12][2000/4008]	Time: 0.202s (0.162s)	Speed: 79.4 samples/s	Data: 0.135s (0.080s)	Stage0-heatmaps: 2.974e-03 (2.117e-03)	Stage1-heatmaps: 9.251e-04 (6.575e-04)	Stage0-push: 1.312e-04 (1.580e-04)	Stage1-push: 0.000e+00 (0.000e+00)	Stage0-pull: 3.750e-05 (2.304e-05)	Stage1-pull: 0.000e+00 (0.000e+00)	
2023-05-08 18:36:05,416 Epoch: [12][2100/4008]	Time: 0.225s (0.161s)	Speed: 71.1 samples/s	Data: 0.139s (0.079s)	Stage0-heatmaps: 3.018e-03 (2.120e-03)	Stage1-heatmaps: 9.207e-04 (6.583e-04)	Stage0-push: 2.324e-04 (1.576e-04)	Stage1-push: 0.000e+00 (0.000e+00)	Stage0-pull: 1.692e-05 (2.313e-05)	Stage1-pull: 0.000e+00 (0.000e+00)	
2023-05-08 18:36:20,688 Epoch: [12][2200/4008]	Time: 0.076s (0.161s)	Speed: 209.5 samples/s	Data: 0.000s (0.079s)	Stage0-heatmaps: 1.345e-03 (2.122e-03)	Stage1-heatmaps: 3.708e-04 (6.590e-04)	Stage0-push: 4.845e-05 (1.573e-04)	Stage1-push: 0.000e+00 (0.000e+00)	Stage0-pull: 1.346e-05 (2.324e-05)	Stage1-pull: 0.000e+00 (0.000e+00)	
2023-05-08 18:36:35,777 Epoch: [12][2300/4008]	Time: 0.078s (0.161s)	Speed: 205.7 samples/s	Data: 0.000s (0.078s)	Stage0-heatmaps: 1.914e-03 (2.122e-03)	Stage1-heatmaps: 6.343e-04 (6.592e-04)	Stage0-push: 8.996e-05 (1.573e-04)	Stage1-push: 0.000e+00 (0.000e+00)	Stage0-pull: 3.099e-05 (2.330e-05)	Stage1-pull: 0.000e+00 (0.000e+00)	
2023-05-08 18:36:50,997 Epoch: [12][2400/4008]	Time: 0.082s (0.160s)	Speed: 194.9 samples/s	Data: 0.000s (0.078s)	Stage0-heatmaps: 1.847e-03 (2.119e-03)	Stage1-heatmaps: 5.559e-04 (6.586e-04)	Stage0-push: 1.069e-04 (1.563e-04)	Stage1-push: 0.000e+00 (0.000e+00)	Stage0-pull: 2.910e-05 (2.343e-05)	Stage1-pull: 0.000e+00 (0.000e+00)	
2023-05-08 18:37:06,797 Epoch: [12][2500/4008]	Time: 0.073s (0.160s)	Speed: 218.7 samples/s	Data: 0.000s (0.078s)	Stage0-heatmaps: 2.979e-03 (2.124e-03)	Stage1-heatmaps: 9.901e-04 (6.602e-04)	Stage0-push: 1.083e-04 (1.561e-04)	Stage1-push: 0.000e+00 (0.000e+00)	Stage0-pull: 3.686e-05 (2.364e-05)	Stage1-pull: 0.000e+00 (0.000e+00)	
2023-05-08 18:37:22,278 Epoch: [12][2600/4008]	Time: 0.080s (0.160s)	Speed: 198.9 samples/s	Data: 0.000s (0.078s)	Stage0-heatmaps: 2.047e-03 (2.124e-03)	Stage1-heatmaps: 5.832e-04 (6.608e-04)	Stage0-push: 8.361e-05 (1.557e-04)	Stage1-push: 0.000e+00 (0.000e+00)	Stage0-pull: 2.203e-05 (2.377e-05)	Stage1-pull: 0.000e+00 (0.000e+00)	
2023-05-08 18:37:37,715 Epoch: [12][2700/4008]	Time: 0.076s (0.160s)	Speed: 210.5 samples/s	Data: 0.000s (0.078s)	Stage0-heatmaps: 2.807e-03 (2.129e-03)	Stage1-heatmaps: 7.513e-04 (6.625e-04)	Stage0-push: 1.394e-04 (1.553e-04)	Stage1-push: 0.000e+00 (0.000e+00)	Stage0-pull: 2.340e-04 (4.644e-05)	Stage1-pull: 0.000e+00 (0.000e+00)	
2023-05-08 18:37:52,812 Epoch: [12][2800/4008]	Time: 0.201s (0.159s)	Speed: 79.6 samples/s	Data: 0.120s (0.077s)	Stage0-heatmaps: 3.828e-03 (2.136e-03)	Stage1-heatmaps: 1.310e-03 (6.641e-04)	Stage0-push: 2.342e-04 (1.557e-04)	Stage1-push: 0.000e+00 (0.000e+00)	Stage0-pull: 2.200e-05 (4.606e-05)	Stage1-pull: 0.000e+00 (0.000e+00)	
2023-05-08 18:38:07,876 Epoch: [12][2900/4008]	Time: 0.200s (0.159s)	Speed: 80.0 samples/s	Data: 0.126s (0.077s)	Stage0-heatmaps: 2.819e-03 (2.136e-03)	Stage1-heatmaps: 8.301e-04 (6.638e-04)	Stage0-push: 2.632e-04 (1.555e-04)	Stage1-push: 0.000e+00 (0.000e+00)	Stage0-pull: 2.522e-05 (4.530e-05)	Stage1-pull: 0.000e+00 (0.000e+00)	
2023-05-08 18:38:23,531 Epoch: [12][3000/4008]	Time: 0.211s (0.159s)	Speed: 75.7 samples/s	Data: 0.109s (0.077s)	Stage0-heatmaps: 2.229e-03 (2.139e-03)	Stage1-heatmaps: 6.758e-04 (6.652e-04)	Stage0-push: 1.224e-04 (1.552e-04)	Stage1-push: 0.000e+00 (0.000e+00)	Stage0-pull: 1.715e-05 (4.466e-05)	Stage1-pull: 0.000e+00 (0.000e+00)	
2023-05-08 18:38:39,759 Epoch: [12][3100/4008]	Time: 0.255s (0.159s)	Speed: 62.7 samples/s	Data: 0.165s (0.077s)	Stage0-heatmaps: 2.172e-03 (2.142e-03)	Stage1-heatmaps: 6.749e-04 (6.663e-04)	Stage0-push: 1.361e-04 (1.550e-04)	Stage1-push: 0.000e+00 (0.000e+00)	Stage0-pull: 3.483e-05 (4.401e-05)	Stage1-pull: 0.000e+00 (0.000e+00)	
2023-05-08 18:38:55,749 Epoch: [12][3200/4008]	Time: 0.209s (0.159s)	Speed: 76.5 samples/s	Data: 0.138s (0.077s)	Stage0-heatmaps: 2.269e-03 (2.140e-03)	Stage1-heatmaps: 6.939e-04 (6.658e-04)	Stage0-push: 1.961e-04 (1.547e-04)	Stage1-push: 0.000e+00 (0.000e+00)	Stage0-pull: 3.841e-05 (4.349e-05)	Stage1-pull: 0.000e+00 (0.000e+00)	
2023-05-08 18:39:11,290 Epoch: [12][3300/4008]	Time: 0.084s (0.159s)	Speed: 191.1 samples/s	Data: 0.000s (0.077s)	Stage0-heatmaps: 1.813e-03 (2.140e-03)	Stage1-heatmaps: 5.724e-04 (6.660e-04)	Stage0-push: 1.628e-04 (1.542e-04)	Stage1-push: 0.000e+00 (0.000e+00)	Stage0-pull: 2.450e-05 (4.304e-05)	Stage1-pull: 0.000e+00 (0.000e+00)	
2023-05-08 18:39:26,766 Epoch: [12][3400/4008]	Time: 0.185s (0.159s)	Speed: 86.7 samples/s	Data: 0.095s (0.077s)	Stage0-heatmaps: 1.995e-03 (2.142e-03)	Stage1-heatmaps: 6.932e-04 (6.668e-04)	Stage0-push: 2.037e-04 (1.539e-04)	Stage1-push: 0.000e+00 (0.000e+00)	Stage0-pull: 1.721e-05 (4.263e-05)	Stage1-pull: 0.000e+00 (0.000e+00)	
2023-05-08 18:39:42,212 Epoch: [12][3500/4008]	Time: 0.247s (0.159s)	Speed: 64.7 samples/s	Data: 0.177s (0.077s)	Stage0-heatmaps: 2.575e-03 (2.141e-03)	Stage1-heatmaps: 8.565e-04 (6.665e-04)	Stage0-push: 1.706e-04 (1.535e-04)	Stage1-push: 0.000e+00 (0.000e+00)	Stage0-pull: 2.821e-05 (4.214e-05)	Stage1-pull: 0.000e+00 (0.000e+00)	
2023-05-08 18:39:57,660 Epoch: [12][3600/4008]	Time: 0.230s (0.159s)	Speed: 69.7 samples/s	Data: 0.156s (0.076s)	Stage0-heatmaps: 2.133e-03 (2.137e-03)	Stage1-heatmaps: 6.853e-04 (6.654e-04)	Stage0-push: 9.070e-05 (1.530e-04)	Stage1-push: 0.000e+00 (0.000e+00)	Stage0-pull: 2.593e-05 (4.170e-05)	Stage1-pull: 0.000e+00 (0.000e+00)	
2023-05-08 18:40:13,168 Epoch: [12][3700/4008]	Time: 0.222s (0.159s)	Speed: 72.2 samples/s	Data: 0.145s (0.076s)	Stage0-heatmaps: 2.392e-03 (2.137e-03)	Stage1-heatmaps: 7.808e-04 (6.655e-04)	Stage0-push: 1.616e-04 (1.524e-04)	Stage1-push: 0.000e+00 (0.000e+00)	Stage0-pull: 2.698e-05 (4.131e-05)	Stage1-pull: 0.000e+00 (0.000e+00)	
2023-05-08 18:40:28,457 Epoch: [12][3800/4008]	Time: 0.203s (0.158s)	Speed: 78.7 samples/s	Data: 0.116s (0.076s)	Stage0-heatmaps: 2.073e-03 (2.136e-03)	Stage1-heatmaps: 6.532e-04 (6.652e-04)	Stage0-push: 8.395e-05 (1.519e-04)	Stage1-push: 0.000e+00 (0.000e+00)	Stage0-pull: 2.829e-05 (4.094e-05)	Stage1-pull: 0.000e+00 (0.000e+00)	
2023-05-08 18:40:43,525 Epoch: [12][3900/4008]	Time: 0.075s (0.158s)	Speed: 212.1 samples/s	Data: 0.000s (0.076s)	Stage0-heatmaps: 2.148e-03 (2.135e-03)	Stage1-heatmaps: 7.270e-04 (6.649e-04)	Stage0-push: 1.166e-04 (1.513e-04)	Stage1-push: 0.000e+00 (0.000e+00)	Stage0-pull: 3.123e-05 (4.065e-05)	Stage1-pull: 0.000e+00 (0.000e+00)	
2023-05-08 18:40:59,072 Epoch: [12][4000/4008]	Time: 0.062s (0.158s)	Speed: 258.2 samples/s	Data: 0.000s (0.076s)	Stage0-heatmaps: 1.632e-03 (2.134e-03)	Stage1-heatmaps: 4.887e-04 (6.647e-04)	Stage0-push: 1.701e-04 (1.507e-04)	Stage1-push: 0.000e+00 (0.000e+00)	Stage0-pull: 2.318e-05 (4.037e-05)	Stage1-pull: 0.000e+00 (0.000e+00)	
2023-05-08 18:41:04,140 => saving checkpoint to output/coco_kpt/pose_transmobilenet/mobile
