2023-04-27 14:09:02,965 
Total Parameters: 734.07 k
----------------------------------------------------------------------------------------------------------------------------------
Total Multiply Adds: 961.68 MMac
----------------------------------------------------------------------------------------------------------------------------------
Number of Layers

2023-04-27 14:09:13,513 => classes: ['__background__', 'person']
2023-04-27 14:09:14,134 Dataset CocoKeypoints
    Number of datapoints: 64115
    Root Location: /content
    Transforms (if any): None
    Target Transforms (if any): None
2023-04-27 14:09:47,984 Epoch: [0][0/4008]	Time: 33.844s (33.844s)	Speed: 0.5 samples/s	Data: 21.899s (21.899s)	Stage0-heatmaps: 2.601e-01 (2.601e-01)	Stage1-heatmaps: 2.471e-01 (2.471e-01)	Stage0-push: 2.302e-04 (2.302e-04)	Stage1-push: 0.000e+00 (0.000e+00)	Stage0-pull: 3.749e-04 (3.749e-04)	Stage1-pull: 0.000e+00 (0.000e+00)	
2023-04-27 14:10:16,995 Epoch: [0][100/4008]	Time: 0.259s (0.622s)	Speed: 61.8 samples/s	Data: 0.144s (0.338s)	Stage0-heatmaps: 3.630e-03 (1.099e-02)	Stage1-heatmaps: 1.330e-03 (1.103e-02)	Stage0-push: 9.372e-05 (2.027e-04)	Stage1-push: 0.000e+00 (0.000e+00)	Stage0-pull: 2.490e-07 (9.807e-06)	Stage1-pull: 0.000e+00 (0.000e+00)	
2023-04-27 14:10:46,265 Epoch: [0][200/4008]	Time: 0.573s (0.458s)	Speed: 27.9 samples/s	Data: 0.413s (0.230s)	Stage0-heatmaps: 3.934e-03 (7.325e-03)	Stage1-heatmaps: 1.276e-03 (6.154e-03)	Stage0-push: 1.875e-04 (2.110e-04)	Stage1-push: 0.000e+00 (0.000e+00)	Stage0-pull: 2.047e-07 (5.207e-06)	Stage1-pull: 0.000e+00 (0.000e+00)	
2023-04-27 14:11:14,833 Epoch: [0][300/4008]	Time: 0.787s (0.401s)	Speed: 20.3 samples/s	Data: 0.568s (0.190s)	Stage0-heatmaps: 3.855e-03 (6.048e-03)	Stage1-heatmaps: 1.108e-03 (4.458e-03)	Stage0-push: 2.500e-04 (2.111e-04)	Stage1-push: 0.000e+00 (0.000e+00)	Stage0-pull: 8.288e-08 (3.533e-06)	Stage1-pull: 0.000e+00 (0.000e+00)	
2023-04-27 14:11:43,457 Epoch: [0][400/4008]	Time: 0.259s (0.372s)	Speed: 61.7 samples/s	Data: 0.145s (0.170s)	Stage0-heatmaps: 4.650e-03 (5.424e-03)	Stage1-heatmaps: 9.156e-04 (3.598e-03)	Stage0-push: 2.500e-04 (2.105e-04)	Stage1-push: 0.000e+00 (0.000e+00)	Stage0-pull: 1.535e-07 (2.682e-06)	Stage1-pull: 0.000e+00 (0.000e+00)	
2023-04-27 14:12:13,317 Epoch: [0][500/4008]	Time: 0.276s (0.358s)	Speed: 57.9 samples/s	Data: 0.166s (0.160s)	Stage0-heatmaps: 3.637e-03 (5.017e-03)	Stage1-heatmaps: 1.005e-03 (3.069e-03)	Stage0-push: 2.812e-04 (2.114e-04)	Stage1-push: 0.000e+00 (0.000e+00)	Stage0-pull: 8.448e-08 (2.166e-06)	Stage1-pull: 0.000e+00 (0.000e+00)	
2023-04-27 14:12:42,519 Epoch: [0][600/4008]	Time: 0.318s (0.347s)	Speed: 50.4 samples/s	Data: 0.206s (0.152s)	Stage0-heatmaps: 2.647e-03 (4.729e-03)	Stage1-heatmaps: 7.296e-04 (2.710e-03)	Stage0-push: 1.875e-04 (2.104e-04)	Stage1-push: 0.000e+00 (0.000e+00)	Stage0-pull: 1.000e-07 (1.817e-06)	Stage1-pull: 0.000e+00 (0.000e+00)	
2023-04-27 14:13:12,324 Epoch: [0][700/4008]	Time: 0.335s (0.340s)	Speed: 47.7 samples/s	Data: 0.207s (0.148s)	Stage0-heatmaps: 4.032e-03 (4.571e-03)	Stage1-heatmaps: 1.128e-03 (2.466e-03)	Stage0-push: 3.437e-04 (2.121e-04)	Stage1-push: 0.000e+00 (0.000e+00)	Stage0-pull: 4.755e-08 (1.592e-06)	Stage1-pull: 0.000e+00 (0.000e+00)	
2023-04-27 14:13:41,507 Epoch: [0][800/4008]	Time: 0.349s (0.334s)	Speed: 45.8 samples/s	Data: 0.214s (0.143s)	Stage0-heatmaps: 3.554e-03 (4.434e-03)	Stage1-heatmaps: 9.601e-04 (2.278e-03)	Stage0-push: 2.187e-04 (2.123e-04)	Stage1-push: 0.000e+00 (0.000e+00)	Stage0-pull: 4.151e-08 (1.409e-06)	Stage1-pull: 0.000e+00 (0.000e+00)	
2023-04-27 14:14:11,618 Epoch: [0][900/4008]	Time: 0.653s (0.330s)	Speed: 24.5 samples/s	Data: 0.438s (0.141s)	Stage0-heatmaps: 2.802e-03 (4.319e-03)	Stage1-heatmaps: 7.733e-04 (2.129e-03)	Stage0-push: 1.875e-04 (2.126e-04)	Stage1-push: 0.000e+00 (0.000e+00)	Stage0-pull: 3.852e-08 (1.259e-06)	Stage1-pull: 0.000e+00 (0.000e+00)	
2023-04-27 14:14:42,501 Epoch: [0][1000/4008]	Time: 0.310s (0.328s)	Speed: 51.7 samples/s	Data: 0.192s (0.140s)	Stage0-heatmaps: 3.645e-03 (4.243e-03)	Stage1-heatmaps: 1.029e-03 (2.015e-03)	Stage0-push: 2.187e-04 (2.137e-04)	Stage1-push: 0.000e+00 (0.000e+00)	Stage0-pull: 5.048e-08 (1.161e-06)	Stage1-pull: 0.000e+00 (0.000e+00)	
2023-04-27 14:15:12,321 Epoch: [0][1100/4008]	Time: 0.402s (0.325s)	Speed: 39.8 samples/s	Data: 0.161s (0.138s)	Stage0-heatmaps: 2.078e-03 (4.174e-03)	Stage1-heatmaps: 6.128e-04 (1.920e-03)	Stage0-push: 1.562e-04 (2.138e-04)	Stage1-push: 0.000e+00 (0.000e+00)	Stage0-pull: 5.612e-08 (1.062e-06)	Stage1-pull: 0.000e+00 (0.000e+00)	
2023-04-27 14:15:40,090 Epoch: [0][1200/4008]	Time: 0.302s (0.321s)	Speed: 53.0 samples/s	Data: 0.000s (0.136s)	Stage0-heatmaps: 5.207e-03 (4.099e-03)	Stage1-heatmaps: 1.455e-03 (1.836e-03)	Stage0-push: 2.500e-04 (2.138e-04)	Stage1-push: 0.000e+00 (0.000e+00)	Stage0-pull: 5.668e-08 (9.791e-07)	Stage1-pull: 0.000e+00 (0.000e+00)	
2023-04-27 14:16:09,216 Epoch: [0][1300/4008]	Time: 0.229s (0.319s)	Speed: 69.9 samples/s	Data: 0.000s (0.134s)	Stage0-heatmaps: 5.600e-03 (4.044e-03)	Stage1-heatmaps: 1.685e-03 (1.769e-03)	Stage0-push: 3.437e-04 (2.135e-04)	Stage1-push: 0.000e+00 (0.000e+00)	Stage0-pull: 5.579e-08 (9.122e-07)	Stage1-pull: 0.000e+00 (0.000e+00)	
2023-04-27 14:16:38,534 Epoch: [0][1400/4008]	Time: 0.238s (0.317s)	Speed: 67.1 samples/s	Data: 0.128s (0.134s)	Stage0-heatmaps: 2.945e-03 (3.991e-03)	Stage1-heatmaps: 7.741e-04 (1.708e-03)	Stage0-push: 1.250e-04 (2.131e-04)	Stage1-push: 0.000e+00 (0.000e+00)	Stage0-pull: 3.176e-07 (8.585e-07)	Stage1-pull: 0.000e+00 (0.000e+00)	
2023-04-27 14:17:08,738 Epoch: [0][1500/4008]	Time: 0.212s (0.316s)	Speed: 75.4 samples/s	Data: 0.000s (0.132s)	Stage0-heatmaps: 2.970e-03 (3.947e-03)	Stage1-heatmaps: 8.004e-04 (1.655e-03)	Stage0-push: 1.250e-04 (2.125e-04)	Stage1-push: 0.000e+00 (0.000e+00)	Stage0-pull: 9.558e-08 (9.623e-07)	Stage1-pull: 0.000e+00 (0.000e+00)	
2023-04-27 14:17:37,867 Epoch: [0][1600/4008]	Time: 0.246s (0.315s)	Speed: 65.1 samples/s	Data: 0.135s (0.132s)	Stage0-heatmaps: 3.616e-03 (3.911e-03)	Stage1-heatmaps: 9.968e-04 (1.611e-03)	Stage0-push: 1.562e-04 (2.128e-04)	Stage1-push: 0.000e+00 (0.000e+00)	Stage0-pull: 3.119e-07 (9.371e-07)	Stage1-pull: 0.000e+00 (0.000e+00)	
2023-04-27 14:18:07,710 Epoch: [0][1700/4008]	Time: 0.280s (0.314s)	Speed: 57.1 samples/s	Data: 0.168s (0.132s)	Stage0-heatmaps: 6.146e-03 (3.888e-03)	Stage1-heatmaps: 1.774e-03 (1.574e-03)	Stage0-push: 2.812e-04 (2.131e-04)	Stage1-push: 0.000e+00 (0.000e+00)	Stage0-pull: 1.206e-07 (9.026e-07)	Stage1-pull: 0.000e+00 (0.000e+00)	
2023-04-27 14:18:36,995 Epoch: [0][1800/4008]	Time: 0.309s (0.313s)	Speed: 51.9 samples/s	Data: 0.168s (0.131s)	Stage0-heatmaps: 3.421e-03 (3.848e-03)	Stage1-heatmaps: 9.652e-04 (1.536e-03)	Stage0-push: 3.750e-04 (2.128e-04)	Stage1-push: 0.000e+00 (0.000e+00)	Stage0-pull: 1.522e-07 (8.631e-07)	Stage1-pull: 0.000e+00 (0.000e+00)	
2023-04-27 14:19:06,393 Epoch: [0][1900/4008]	Time: 0.549s (0.312s)	Speed: 29.2 samples/s	Data: 0.336s (0.130s)	Stage0-heatmaps: 1.838e-03 (3.809e-03)	Stage1-heatmaps: 4.852e-04 (1.501e-03)	Stage0-push: 9.374e-05 (2.122e-04)	Stage1-push: 0.000e+00 (0.000e+00)	Stage0-pull: 4.124e-07 (8.562e-07)	Stage1-pull: 0.000e+00 (0.000e+00)	
2023-04-27 14:19:37,594 Epoch: [0][2000/4008]	Time: 0.407s (0.312s)	Speed: 39.3 samples/s	Data: 0.227s (0.130s)	Stage0-heatmaps: 3.955e-03 (3.784e-03)	Stage1-heatmaps: 1.155e-03 (1.473e-03)	Stage0-push: 2.187e-04 (2.128e-04)	Stage1-push: 0.000e+00 (0.000e+00)	Stage0-pull: 1.563e-07 (8.238e-07)	Stage1-pull: 0.000e+00 (0.000e+00)	
2023-04-27 14:20:06,944 Epoch: [0][2100/4008]	Time: 0.549s (0.311s)	Speed: 29.1 samples/s	Data: 0.335s (0.129s)	Stage0-heatmaps: 4.251e-03 (3.756e-03)	Stage1-heatmaps: 1.241e-03 (1.446e-03)	Stage0-push: 2.812e-04 (2.129e-04)	Stage1-push: 0.000e+00 (0.000e+00)	Stage0-pull: 1.357e-07 (7.959e-07)	Stage1-pull: 0.000e+00 (0.000e+00)	
2023-04-27 14:20:35,049 Epoch: [0][2200/4008]	Time: 0.250s (0.309s)	Speed: 64.1 samples/s	Data: 0.138s (0.128s)	Stage0-heatmaps: 1.867e-03 (3.730e-03)	Stage1-heatmaps: 4.645e-04 (1.421e-03)	Stage0-push: 9.375e-05 (2.129e-04)	Stage1-push: 0.000e+00 (0.000e+00)	Stage0-pull: 6.135e-08 (7.680e-07)	Stage1-pull: 0.000e+00 (0.000e+00)	
2023-04-27 14:21:04,320 Epoch: [0][2300/4008]	Time: 0.216s (0.309s)	Speed: 74.0 samples/s	Data: 0.000s (0.128s)	Stage0-heatmaps: 2.397e-03 (3.705e-03)	Stage1-heatmaps: 6.781e-04 (1.399e-03)	Stage0-push: 1.562e-04 (2.134e-04)	Stage1-push: 0.000e+00 (0.000e+00)	Stage0-pull: 1.006e-07 (7.436e-07)	Stage1-pull: 0.000e+00 (0.000e+00)	
2023-04-27 14:21:33,644 Epoch: [0][2400/4008]	Time: 0.284s (0.308s)	Speed: 56.3 samples/s	Data: 0.133s (0.128s)	Stage0-heatmaps: 3.506e-03 (3.681e-03)	Stage1-heatmaps: 9.707e-04 (1.378e-03)	Stage0-push: 1.562e-04 (2.130e-04)	Stage1-push: 0.000e+00 (0.000e+00)	Stage0-pull: 1.107e-07 (7.176e-07)	Stage1-pull: 0.000e+00 (0.000e+00)	
2023-04-27 14:22:02,871 Epoch: [0][2500/4008]	Time: 0.340s (0.307s)	Speed: 47.0 samples/s	Data: 0.221s (0.128s)	Stage0-heatmaps: 4.722e-03 (3.667e-03)	Stage1-heatmaps: 1.438e-03 (1.361e-03)	Stage0-push: 2.187e-04 (2.136e-04)	Stage1-push: 0.000e+00 (0.000e+00)	Stage0-pull: 1.819e-07 (7.314e-07)	Stage1-pull: 0.000e+00 (0.000e+00)	
2023-04-27 14:22:32,211 Epoch: [0][2600/4008]	Time: 0.317s (0.307s)	Speed: 50.5 samples/s	Data: 0.161s (0.127s)	Stage0-heatmaps: 2.667e-03 (3.651e-03)	Stage1-heatmaps: 7.269e-04 (1.345e-03)	Stage0-push: 1.562e-04 (2.139e-04)	Stage1-push: 0.000e+00 (0.000e+00)	Stage0-pull: 5.918e-08 (7.087e-07)	Stage1-pull: 0.000e+00 (0.000e+00)	
2023-04-27 14:23:01,768 Epoch: [0][2700/4008]	Time: 0.246s (0.306s)	Speed: 65.0 samples/s	Data: 0.132s (0.127s)	Stage0-heatmaps: 4.074e-03 (3.661e-03)	Stage1-heatmaps: 1.435e-03 (1.333e-03)	Stage0-push: 1.875e-04 (2.143e-04)	Stage1-push: 0.000e+00 (0.000e+00)	Stage0-pull: 1.539e-06 (7.396e-07)	Stage1-pull: 0.000e+00 (0.000e+00)	
2023-04-27 14:23:30,509 Epoch: [0][2800/4008]	Time: 0.597s (0.306s)	Speed: 26.8 samples/s	Data: 0.429s (0.127s)	Stage0-heatmaps: 6.953e-03 (3.665e-03)	Stage1-heatmaps: 1.928e-03 (1.323e-03)	Stage0-push: 3.437e-04 (2.146e-04)	Stage1-push: 0.000e+00 (0.000e+00)	Stage0-pull: 2.039e-08 (7.202e-07)	Stage1-pull: 0.000e+00 (0.000e+00)	
2023-04-27 14:23:58,382 Epoch: [0][2900/4008]	Time: 0.451s (0.305s)	Speed: 35.5 samples/s	Data: 0.221s (0.126s)	Stage0-heatmaps: 3.535e-03 (3.652e-03)	Stage1-heatmaps: 9.763e-04 (1.309e-03)	Stage0-push: 3.125e-04 (2.145e-04)	Stage1-push: 0.000e+00 (0.000e+00)	Stage0-pull: 1.598e-08 (6.961e-07)	Stage1-pull: 0.000e+00 (0.000e+00)	
2023-04-27 14:24:27,679 Epoch: [0][3000/4008]	Time: 0.240s (0.304s)	Speed: 66.6 samples/s	Data: 0.001s (0.126s)	Stage0-heatmaps: 3.313e-03 (3.645e-03)	Stage1-heatmaps: 9.310e-04 (1.297e-03)	Stage0-push: 1.875e-04 (2.146e-04)	Stage1-push: 0.000e+00 (0.000e+00)	Stage0-pull: 1.215e-08 (6.734e-07)	Stage1-pull: 0.000e+00 (0.000e+00)	
2023-04-27 14:24:59,400 Epoch: [0][3100/4008]	Time: 0.248s (0.305s)	Speed: 64.6 samples/s	Data: 0.133s (0.126s)	Stage0-heatmaps: 3.451e-03 (3.640e-03)	Stage1-heatmaps: 9.678e-04 (1.287e-03)	Stage0-push: 1.562e-04 (2.149e-04)	Stage1-push: 0.000e+00 (0.000e+00)	Stage0-pull: 8.683e-09 (6.522e-07)	Stage1-pull: 0.000e+00 (0.000e+00)	
2023-04-27 14:25:29,399 Epoch: [0][3200/4008]	Time: 0.325s (0.305s)	Speed: 49.3 samples/s	Data: 0.168s (0.126s)	Stage0-heatmaps: 3.432e-03 (3.626e-03)	Stage1-heatmaps: 9.497e-04 (1.274e-03)	Stage0-push: 2.500e-04 (2.151e-04)	Stage1-push: 0.000e+00 (0.000e+00)	Stage0-pull: 4.986e-08 (6.324e-07)	Stage1-pull: 0.000e+00 (0.000e+00)	
2023-04-27 14:25:58,689 Epoch: [0][3300/4008]	Time: 0.348s (0.304s)	Speed: 45.9 samples/s	Data: 0.213s (0.126s)	Stage0-heatmaps: 2.677e-03 (3.618e-03)	Stage1-heatmaps: 7.472e-04 (1.264e-03)	Stage0-push: 2.187e-04 (2.151e-04)	Stage1-push: 0.000e+00 (0.000e+00)	Stage0-pull: 2.512e-08 (6.149e-07)	Stage1-pull: 0.000e+00 (0.000e+00)	
2023-04-27 14:26:28,242 Epoch: [0][3400/4008]	Time: 0.329s (0.304s)	Speed: 48.7 samples/s	Data: 0.185s (0.125s)	Stage0-heatmaps: 3.273e-03 (3.611e-03)	Stage1-heatmaps: 9.576e-04 (1.255e-03)	Stage0-push: 2.500e-04 (2.153e-04)	Stage1-push: 0.000e+00 (0.000e+00)	Stage0-pull: 6.080e-08 (5.988e-07)	Stage1-pull: 0.000e+00 (0.000e+00)	
2023-04-27 14:26:57,710 Epoch: [0][3500/4008]	Time: 0.312s (0.304s)	Speed: 51.3 samples/s	Data: 0.204s (0.125s)	Stage0-heatmaps: 4.081e-03 (3.599e-03)	Stage1-heatmaps: 1.175e-03 (1.245e-03)	Stage0-push: 2.187e-04 (2.151e-04)	Stage1-push: 0.000e+00 (0.000e+00)	Stage0-pull: 3.295e-08 (5.833e-07)	Stage1-pull: 0.000e+00 (0.000e+00)	
2023-04-27 14:27:26,186 Epoch: [0][3600/4008]	Time: 0.318s (0.303s)	Speed: 50.3 samples/s	Data: 0.203s (0.125s)	Stage0-heatmaps: 3.149e-03 (3.583e-03)	Stage1-heatmaps: 9.336e-04 (1.234e-03)	Stage0-push: 2.187e-04 (2.150e-04)	Stage1-push: 0.000e+00 (0.000e+00)	Stage0-pull: 3.885e-08 (5.691e-07)	Stage1-pull: 0.000e+00 (0.000e+00)	
2023-04-27 14:27:54,634 Epoch: [0][3700/4008]	Time: 0.355s (0.303s)	Speed: 45.1 samples/s	Data: 0.234s (0.124s)	Stage0-heatmaps: 3.458e-03 (3.573e-03)	Stage1-heatmaps: 1.064e-03 (1.225e-03)	Stage0-push: 3.125e-04 (2.150e-04)	Stage1-push: 0.000e+00 (0.000e+00)	Stage0-pull: 7.453e-08 (5.556e-07)	Stage1-pull: 0.000e+00 (0.000e+00)	
2023-04-27 14:28:22,872 Epoch: [0][3800/4008]	Time: 0.652s (0.302s)	Speed: 24.5 samples/s	Data: 0.351s (0.124s)	Stage0-heatmaps: 3.499e-03 (3.561e-03)	Stage1-heatmaps: 9.677e-04 (1.216e-03)	Stage0-push: 2.187e-04 (2.150e-04)	Stage1-push: 0.000e+00 (0.000e+00)	Stage0-pull: 2.078e-08 (5.425e-07)	Stage1-pull: 0.000e+00 (0.000e+00)	
2023-04-27 14:28:51,149 Epoch: [0][3900/4008]	Time: 0.506s (0.302s)	Speed: 31.6 samples/s	Data: 0.296s (0.123s)	Stage0-heatmaps: 3.365e-03 (3.551e-03)	Stage1-heatmaps: 9.877e-04 (1.208e-03)	Stage0-push: 1.875e-04 (2.149e-04)	Stage1-push: 0.000e+00 (0.000e+00)	Stage0-pull: 5.139e-08 (5.297e-07)	Stage1-pull: 0.000e+00 (0.000e+00)	
2023-04-27 14:29:18,295 Epoch: [0][4000/4008]	Time: 0.470s (0.301s)	Speed: 34.0 samples/s	Data: 0.289s (0.123s)	Stage0-heatmaps: 2.804e-03 (3.541e-03)	Stage1-heatmaps: 7.663e-04 (1.200e-03)	Stage0-push: 2.187e-04 (2.149e-04)	Stage1-push: 0.000e+00 (0.000e+00)	Stage0-pull: 1.194e-07 (5.178e-07)	Stage1-pull: 0.000e+00 (0.000e+00)	
2023-04-27 14:29:29,151 => saving checkpoint to output/coco_kpt/pose_transmobilenet/mobile
