2023-05-08 19:05:30,620 Namespace(cfg='experiments/coco/mobilenet/mobile.yaml', opts=[], gpu=None, world_size=1, dist_url='tcp://127.0.0.1:23459', rank=0, superconfig='mobile_configs/config.json', teacher=False)
2023-05-08 19:05:30,621 AUTO_RESUME: True
CUDNN:
  BENCHMARK: True
  DETERMINISTIC: False
  ENABLED: True
DATASET:
  BASE_SIGMA: 2.0
  BASE_SIZE: 256.0
  DATASET: coco_kpt
  DATASET_TEST: coco
  DATA_FORMAT: jpg
  FLIP: 0.5
  INPUT_SIZE: 256
  INT_SIGMA: False
  MAX_NUM_PEOPLE: 30
  MAX_ROTATION: 30
  MAX_SCALE: 1.5
  MAX_TRANSLATE: 40
  MIN_SCALE: 0.75
  NUM_JOINTS: 17
  OUTPUT_SIZE: [64, 128]
  ROOT: /content
  SCALE_AWARE_SIGMA: False
  SCALE_TYPE: short
  SIGMA: 2
  TEST: val2017
  TRAIN: train2017
  WITH_CENTER: False
DATA_DIR: 
DEBUG:
  DEBUG: True
  SAVE_BATCH_IMAGES_GT: False
  SAVE_BATCH_IMAGES_PRED: False
  SAVE_HEATMAPS_GT: True
  SAVE_HEATMAPS_PRED: True
  SAVE_TAGMAPS_PRED: True
DIST_BACKEND: nccl
FP16:
  DYNAMIC_LOSS_SCALE: False
  ENABLED: False
  STATIC_LOSS_SCALE: 1.0
GPUS: (0,)
LOG_DIR: log
LOSS:
  AE_LOSS_TYPE: exp
  HEATMAPS_LOSS_FACTOR: (1.0, 1.0)
  NUM_STAGES: 2
  PULL_LOSS_FACTOR: (0.001, 0.001)
  PUSH_LOSS_FACTOR: (0.001, 0.001)
  WITH_AE_LOSS: (True, False)
  WITH_HEATMAPS_LOSS: (True, True)
MODEL:
  EXTRA:
    FINAL_CONV_KERNEL: 1
    NUM_DECONV_FILTERS: [64, 48, 32]
    NUM_DECONV_KERNELS: [4, 4, 4]
    NUM_DECONV_LAYERS: 3
    PRETRAINED_LAYERS: ['*']
  INIT_WEIGHTS: True
  NAME: pose_transmobilenet
  NUM_JOINTS: 17
  PRETRAINED: 
  SYNC_BN: False
  TAG_PER_JOINT: True
MULTIPROCESSING_DISTRIBUTED: True
OUTPUT_DIR: output
PIN_MEMORY: True
PRINT_FREQ: 100
RANK: 0
TEST:
  ADJUST: True
  DETECTION_THRESHOLD: 0.1
  FLIP_TEST: True
  IGNORE_CENTER: True
  IGNORE_TOO_MUCH: False
  IMAGES_PER_GPU: 1
  LOG_PROGRESS: False
  MODEL_FILE: 
  NMS_KERNEL: 5
  NMS_PADDING: 2
  PROJECT2IMAGE: True
  REFINE: True
  SCALE_FACTOR: [1]
  TAG_THRESHOLD: 1.0
  USE_DETECTION_VAL: True
  WITH_AE: (True, False)
  WITH_HEATMAPS: (True, True)
TRAIN:
  BEGIN_EPOCH: 0
  CHECKPOINT: 
  END_EPOCH: 20
  GAMMA1: 0.99
  GAMMA2: 0.0
  IMAGES_PER_GPU: 16
  LR: 0.004
  LR_FACTOR: 0.1
  LR_STEP: [350, 480]
  MOMENTUM: 0.9
  NESTEROV: False
  OPTIMIZER: adam
  RESUME: False
  SHUFFLE: True
  WD: 0.0001
VERBOSE: True
WORKERS: 2
