2023-04-27 17:30:03,487 Namespace(cfg='experiments/coco/mobilenet/mobile.yaml', opts=[], gpu=None, world_size=1, dist_url='tcp://127.0.0.1:23459', rank=0, superconfig='mobile_configs/config.json', teacher=False)
2023-04-27 17:30:03,488 AUTO_RESUME: True
CUDNN:
  BENCHMARK: True
  DETERMINISTIC: False
  ENABLED: True
DATASET:
  BASE_SIGMA: 2.0
  BASE_SIZE: 256.0
  DATASET: coco_kpt
  DATASET_TEST: coco
  DATA_FORMAT: jpg
  FLIP: 0.5
  INPUT_SIZE: 256
  INT_SIGMA: False
  MAX_NUM_PEOPLE: 30
  MAX_ROTATION: 30
  MAX_SCALE: 1.5
  MAX_TRANSLATE: 40
  MIN_SCALE: 0.75
  NUM_JOINTS: 17
  OUTPUT_SIZE: [64, 128]
  ROOT: /content
  SCALE_AWARE_SIGMA: False
  SCALE_TYPE: short
  SIGMA: 2
  TEST: val2017
  TRAIN: train2017
  WITH_CENTER: False
DATA_DIR: 
DEBUG:
  DEBUG: True
  SAVE_BATCH_IMAGES_GT: False
  SAVE_BATCH_IMAGES_PRED: False
  SAVE_HEATMAPS_GT: True
  SAVE_HEATMAPS_PRED: True
  SAVE_TAGMAPS_PRED: True
DIST_BACKEND: nccl
FP16:
  DYNAMIC_LOSS_SCALE: False
  ENABLED: False
  STATIC_LOSS_SCALE: 1.0
GPUS: (0,)
LOG_DIR: log
LOSS:
  AE_LOSS_TYPE: exp
  HEATMAPS_LOSS_FACTOR: (1.0, 1.0)
  NUM_STAGES: 2
  PULL_LOSS_FACTOR: (0.001, 0.001)
  PUSH_LOSS_FACTOR: (0.001, 0.001)
  WITH_AE_LOSS: (True, False)
  WITH_HEATMAPS_LOSS: (True, True)
MODEL:
  EXTRA:
    FINAL_CONV_KERNEL: 1
    NUM_DECONV_FILTERS: [64, 48, 32]
    NUM_DECONV_KERNELS: [4, 4, 4]
    NUM_DECONV_LAYERS: 3
    PRETRAINED_LAYERS: ['*']
  INIT_WEIGHTS: True
  NAME: pose_transmobilenet
  NUM_JOINTS: 17
  PRETRAINED: 
  SYNC_BN: False
  TAG_PER_JOINT: True
MULTIPROCESSING_DISTRIBUTED: True
OUTPUT_DIR: output
PIN_MEMORY: True
PRINT_FREQ: 100
RANK: 0
TEST:
  ADJUST: True
  DETECTION_THRESHOLD: 0.1
  FLIP_TEST: True
  IGNORE_CENTER: True
  IGNORE_TOO_MUCH: False
  IMAGES_PER_GPU: 1
  LOG_PROGRESS: False
  MODEL_FILE: 
  NMS_KERNEL: 5
  NMS_PADDING: 2
  PROJECT2IMAGE: True
  REFINE: True
  SCALE_FACTOR: [1]
  TAG_THRESHOLD: 1.0
  USE_DETECTION_VAL: True
  WITH_AE: (True, False)
  WITH_HEATMAPS: (True, True)
TRAIN:
  BEGIN_EPOCH: 0
  CHECKPOINT: 
  END_EPOCH: 20
  GAMMA1: 0.99
  GAMMA2: 0.0
  IMAGES_PER_GPU: 16
  LR: 0.004
  LR_FACTOR: 0.1
  LR_STEP: [350, 480]
  MOMENTUM: 0.9
  NESTEROV: False
  OPTIMIZER: adam
  RESUME: False
  SHUFFLE: True
  WD: 0.0001
VERBOSE: True
WORKERS: 2
2023-04-27 17:30:06,789 
Total Parameters: 734.07 k
----------------------------------------------------------------------------------------------------------------------------------
Total Multiply Adds: 961.68 MMac
----------------------------------------------------------------------------------------------------------------------------------
Number of Layers

2023-04-27 17:30:21,575 => classes: ['__background__', 'person']
2023-04-27 17:30:21,950 Dataset CocoKeypoints
    Number of datapoints: 64115
    Root Location: /content
    Transforms (if any): None
    Target Transforms (if any): None
2023-04-27 17:30:21,952 => loading checkpoint 'output/coco_kpt/pose_transmobilenet/mobile/checkpoint.pth.tar'
2023-04-27 17:30:22,869 => loaded checkpoint 'output/coco_kpt/pose_transmobilenet/mobile/checkpoint.pth.tar' (epoch 1)
2023-04-27 17:30:53,982 Epoch: [1][0/4008]	Time: 31.111s (31.111s)	Speed: 0.5 samples/s	Data: 19.435s (19.435s)	Stage0-heatmaps: 3.431e-03 (3.431e-03)	Stage1-heatmaps: 9.890e-04 (9.890e-04)	Stage0-push: 2.187e-04 (2.187e-04)	Stage1-push: 0.000e+00 (0.000e+00)	Stage0-pull: 4.062e-07 (4.062e-07)	Stage1-pull: 0.000e+00 (0.000e+00)	
2023-04-27 17:31:21,790 Epoch: [1][100/4008]	Time: 0.197s (0.583s)	Speed: 81.3 samples/s	Data: 0.045s (0.310s)	Stage0-heatmaps: 3.031e-03 (3.078e-03)	Stage1-heatmaps: 9.320e-04 (8.832e-04)	Stage0-push: 9.375e-05 (2.057e-04)	Stage1-push: 0.000e+00 (0.000e+00)	Stage0-pull: 4.186e-08 (6.286e-08)	Stage1-pull: 0.000e+00 (0.000e+00)	
2023-04-27 17:31:49,977 Epoch: [1][200/4008]	Time: 0.210s (0.433s)	Speed: 76.3 samples/s	Data: 0.000s (0.213s)	Stage0-heatmaps: 3.043e-03 (3.085e-03)	Stage1-heatmaps: 8.517e-04 (8.889e-04)	Stage0-push: 1.562e-04 (2.117e-04)	Stage1-push: 0.000e+00 (0.000e+00)	Stage0-pull: 1.253e-08 (1.000e-07)	Stage1-pull: 0.000e+00 (0.000e+00)	
2023-04-27 17:32:18,527 Epoch: [1][300/4008]	Time: 0.187s (0.384s)	Speed: 85.7 samples/s	Data: 0.000s (0.180s)	Stage0-heatmaps: 3.153e-03 (3.049e-03)	Stage1-heatmaps: 8.766e-04 (8.760e-04)	Stage0-push: 2.500e-04 (2.121e-04)	Stage1-push: 0.000e+00 (0.000e+00)	Stage0-pull: 2.249e-08 (8.210e-08)	Stage1-pull: 0.000e+00 (0.000e+00)	
2023-04-27 17:32:46,478 Epoch: [1][400/4008]	Time: 0.282s (0.358s)	Speed: 56.8 samples/s	Data: 0.000s (0.161s)	Stage0-heatmaps: 2.024e-03 (3.052e-03)	Stage1-heatmaps: 5.206e-04 (8.773e-04)	Stage0-push: 2.187e-04 (2.120e-04)	Stage1-push: 0.000e+00 (0.000e+00)	Stage0-pull: 2.802e-08 (7.182e-08)	Stage1-pull: 0.000e+00 (0.000e+00)	
2023-04-27 17:33:13,418 Epoch: [1][500/4008]	Time: 0.261s (0.340s)	Speed: 61.3 samples/s	Data: 0.149s (0.153s)	Stage0-heatmaps: 3.016e-03 (3.037e-03)	Stage1-heatmaps: 8.717e-04 (8.742e-04)	Stage0-push: 2.812e-04 (2.116e-04)	Stage1-push: 0.000e+00 (0.000e+00)	Stage0-pull: 4.653e-08 (6.573e-08)	Stage1-pull: 0.000e+00 (0.000e+00)	
2023-04-27 17:33:41,593 Epoch: [1][600/4008]	Time: 0.340s (0.331s)	Speed: 47.0 samples/s	Data: 0.221s (0.149s)	Stage0-heatmaps: 2.380e-03 (3.018e-03)	Stage1-heatmaps: 6.659e-04 (8.687e-04)	Stage0-push: 1.875e-04 (2.108e-04)	Stage1-push: 0.000e+00 (0.000e+00)	Stage0-pull: 4.522e-08 (6.383e-08)	Stage1-pull: 0.000e+00 (0.000e+00)	
2023-04-27 17:34:12,786 Epoch: [1][700/4008]	Time: 0.357s (0.328s)	Speed: 44.8 samples/s	Data: 0.245s (0.147s)	Stage0-heatmaps: 3.851e-03 (3.043e-03)	Stage1-heatmaps: 1.172e-03 (8.773e-04)	Stage0-push: 3.437e-04 (2.122e-04)	Stage1-push: 0.000e+00 (0.000e+00)	Stage0-pull: 1.221e-08 (6.183e-08)	Stage1-pull: 0.000e+00 (0.000e+00)	
2023-04-27 17:34:41,851 Epoch: [1][800/4008]	Time: 0.285s (0.323s)	Speed: 56.2 samples/s	Data: 0.170s (0.142s)	Stage0-heatmaps: 3.343e-03 (3.044e-03)	Stage1-heatmaps: 9.400e-04 (8.786e-04)	Stage0-push: 2.500e-04 (2.121e-04)	Stage1-push: 0.000e+00 (0.000e+00)	Stage0-pull: 5.162e-07 (7.935e-08)	Stage1-pull: 0.000e+00 (0.000e+00)	
2023-04-27 17:35:10,302 Epoch: [1][900/4008]	Time: 0.289s (0.319s)	Speed: 55.4 samples/s	Data: 0.178s (0.139s)	Stage0-heatmaps: 2.712e-03 (3.039e-03)	Stage1-heatmaps: 7.962e-04 (8.792e-04)	Stage0-push: 1.875e-04 (2.126e-04)	Stage1-push: 0.000e+00 (0.000e+00)	Stage0-pull: 5.651e-08 (9.755e-08)	Stage1-pull: 0.000e+00 (0.000e+00)	
2023-04-27 17:35:38,908 Epoch: [1][1000/4008]	Time: 0.180s (0.316s)	Speed: 89.1 samples/s	Data: 0.060s (0.137s)	Stage0-heatmaps: 2.879e-03 (3.050e-03)	Stage1-heatmaps: 8.781e-04 (8.836e-04)	Stage0-push: 2.187e-04 (2.138e-04)	Stage1-push: 0.000e+00 (0.000e+00)	Stage0-pull: 7.874e-08 (9.627e-08)	Stage1-pull: 0.000e+00 (0.000e+00)	
2023-04-27 17:36:06,451 Epoch: [1][1100/4008]	Time: 0.264s (0.312s)	Speed: 60.7 samples/s	Data: 0.005s (0.135s)	Stage0-heatmaps: 2.506e-03 (3.052e-03)	Stage1-heatmaps: 7.145e-04 (8.856e-04)	Stage0-push: 1.874e-04 (2.139e-04)	Stage1-push: 0.000e+00 (0.000e+00)	Stage0-pull: 1.446e-07 (1.003e-07)	Stage1-pull: 0.000e+00 (0.000e+00)	
2023-04-27 17:36:35,308 Epoch: [1][1200/4008]	Time: 0.309s (0.310s)	Speed: 51.9 samples/s	Data: 0.106s (0.132s)	Stage0-heatmaps: 4.447e-03 (3.045e-03)	Stage1-heatmaps: 1.327e-03 (8.833e-04)	Stage0-push: 2.500e-04 (2.140e-04)	Stage1-push: 0.000e+00 (0.000e+00)	Stage0-pull: 1.687e-07 (1.027e-07)	Stage1-pull: 0.000e+00 (0.000e+00)	
2023-04-27 17:37:03,141 Epoch: [1][1300/4008]	Time: 0.218s (0.308s)	Speed: 73.4 samples/s	Data: 0.000s (0.132s)	Stage0-heatmaps: 4.456e-03 (3.042e-03)	Stage1-heatmaps: 1.447e-03 (8.835e-04)	Stage0-push: 3.122e-04 (2.136e-04)	Stage1-push: 0.000e+00 (0.000e+00)	Stage0-pull: 1.947e-07 (1.104e-07)	Stage1-pull: 0.000e+00 (0.000e+00)	
2023-04-27 17:37:31,769 Epoch: [1][1400/4008]	Time: 0.197s (0.306s)	Speed: 81.1 samples/s	Data: 0.000s (0.130s)	Stage0-heatmaps: 2.269e-03 (3.034e-03)	Stage1-heatmaps: 6.327e-04 (8.813e-04)	Stage0-push: 1.250e-04 (2.132e-04)	Stage1-push: 0.000e+00 (0.000e+00)	Stage0-pull: 1.094e-07 (1.198e-07)	Stage1-pull: 0.000e+00 (0.000e+00)	
2023-04-27 17:38:00,380 Epoch: [1][1500/4008]	Time: 0.209s (0.305s)	Speed: 76.5 samples/s	Data: 0.000s (0.129s)	Stage0-heatmaps: 2.463e-03 (3.020e-03)	Stage1-heatmaps: 7.008e-04 (8.772e-04)	Stage0-push: 1.562e-04 (2.126e-04)	Stage1-push: 0.000e+00 (0.000e+00)	Stage0-pull: 1.474e-07 (1.293e-07)	Stage1-pull: 0.000e+00 (0.000e+00)	
2023-04-27 17:38:29,161 Epoch: [1][1600/4008]	Time: 0.206s (0.304s)	Speed: 77.8 samples/s	Data: 0.002s (0.128s)	Stage0-heatmaps: 3.247e-03 (3.021e-03)	Stage1-heatmaps: 9.690e-04 (8.784e-04)	Stage0-push: 1.249e-04 (2.126e-04)	Stage1-push: 0.000e+00 (0.000e+00)	Stage0-pull: 4.608e-07 (1.559e-07)	Stage1-pull: 0.000e+00 (0.000e+00)	
2023-04-27 17:38:59,009 Epoch: [1][1700/4008]	Time: 0.472s (0.303s)	Speed: 33.9 samples/s	Data: 0.235s (0.128s)	Stage0-heatmaps: 4.772e-03 (3.026e-03)	Stage1-heatmaps: 1.487e-03 (8.805e-04)	Stage0-push: 2.808e-04 (2.129e-04)	Stage1-push: 0.000e+00 (0.000e+00)	Stage0-pull: 4.848e-07 (1.679e-07)	Stage1-pull: 0.000e+00 (0.000e+00)	
2023-04-27 17:39:26,153 Epoch: [1][1800/4008]	Time: 0.416s (0.302s)	Speed: 38.5 samples/s	Data: 0.150s (0.126s)	Stage0-heatmaps: 2.896e-03 (3.017e-03)	Stage1-heatmaps: 8.624e-04 (8.782e-04)	Stage0-push: 3.116e-04 (2.124e-04)	Stage1-push: 0.000e+00 (0.000e+00)	Stage0-pull: 7.793e-07 (1.908e-07)	Stage1-pull: 0.000e+00 (0.000e+00)	
2023-04-27 17:39:54,033 Epoch: [1][1900/4008]	Time: 0.291s (0.300s)	Speed: 55.1 samples/s	Data: 0.150s (0.125s)	Stage0-heatmaps: 1.937e-03 (3.006e-03)	Stage1-heatmaps: 5.431e-04 (8.752e-04)	Stage0-push: 1.249e-04 (2.118e-04)	Stage1-push: 0.000e+00 (0.000e+00)	Stage0-pull: 9.185e-07 (2.144e-07)	Stage1-pull: 0.000e+00 (0.000e+00)	
2023-04-27 17:40:22,716 Epoch: [1][2000/4008]	Time: 0.223s (0.300s)	Speed: 71.7 samples/s	Data: 0.110s (0.124s)	Stage0-heatmaps: 4.092e-03 (3.007e-03)	Stage1-heatmaps: 1.212e-03 (8.755e-04)	Stage0-push: 2.184e-04 (2.122e-04)	Stage1-push: 0.000e+00 (0.000e+00)	Stage0-pull: 8.881e-07 (2.559e-07)	Stage1-pull: 0.000e+00 (0.000e+00)	
2023-04-27 17:40:51,768 Epoch: [1][2100/4008]	Time: 0.291s (0.299s)	Speed: 54.9 samples/s	Data: 0.181s (0.124s)	Stage0-heatmaps: 3.858e-03 (3.002e-03)	Stage1-heatmaps: 1.148e-03 (8.747e-04)	Stage0-push: 2.805e-04 (2.122e-04)	Stage1-push: 0.000e+00 (0.000e+00)	Stage0-pull: 7.641e-07 (3.271e-07)	Stage1-pull: 0.000e+00 (0.000e+00)	
2023-04-27 17:41:20,130 Epoch: [1][2200/4008]	Time: 0.207s (0.299s)	Speed: 77.4 samples/s	Data: 0.093s (0.123s)	Stage0-heatmaps: 1.765e-03 (2.997e-03)	Stage1-heatmaps: 4.471e-04 (8.738e-04)	Stage0-push: 9.351e-05 (2.123e-04)	Stage1-push: 0.000e+00 (0.000e+00)	Stage0-pull: 1.242e-06 (4.099e-07)	Stage1-pull: 0.000e+00 (0.000e+00)	
2023-04-27 17:41:47,928 Epoch: [1][2300/4008]	Time: 0.218s (0.298s)	Speed: 73.3 samples/s	Data: 0.000s (0.122s)	Stage0-heatmaps: 2.386e-03 (2.994e-03)	Stage1-heatmaps: 7.694e-04 (8.731e-04)	Stage0-push: 1.174e-04 (2.127e-04)	Stage1-push: 0.000e+00 (0.000e+00)	Stage0-pull: 2.368e-06 (5.317e-07)	Stage1-pull: 0.000e+00 (0.000e+00)	
2023-04-27 17:42:15,245 Epoch: [1][2400/4008]	Time: 0.231s (0.297s)	Speed: 69.2 samples/s	Data: 0.002s (0.121s)	Stage0-heatmaps: 3.011e-03 (2.988e-03)	Stage1-heatmaps: 8.706e-04 (8.719e-04)	Stage0-push: 1.548e-04 (2.122e-04)	Stage1-push: 0.000e+00 (0.000e+00)	Stage0-pull: 6.433e-06 (6.735e-07)	Stage1-pull: 0.000e+00 (0.000e+00)	
2023-04-27 17:42:43,541 Epoch: [1][2500/4008]	Time: 0.196s (0.296s)	Speed: 81.7 samples/s	Data: 0.001s (0.121s)	Stage0-heatmaps: 4.020e-03 (2.990e-03)	Stage1-heatmaps: 1.233e-03 (8.729e-04)	Stage0-push: 2.040e-04 (2.125e-04)	Stage1-push: 0.000e+00 (0.000e+00)	Stage0-pull: 7.342e-06 (8.484e-07)	Stage1-pull: 0.000e+00 (0.000e+00)	
2023-04-27 17:43:11,781 Epoch: [1][2600/4008]	Time: 0.215s (0.296s)	Speed: 74.5 samples/s	Data: 0.000s (0.120s)	Stage0-heatmaps: 2.416e-03 (2.990e-03)	Stage1-heatmaps: 6.917e-04 (8.731e-04)	Stage0-push: 1.513e-04 (2.124e-04)	Stage1-push: 0.000e+00 (0.000e+00)	Stage0-pull: 4.898e-06 (1.058e-06)	Stage1-pull: 0.000e+00 (0.000e+00)	
2023-04-27 17:43:41,950 Epoch: [1][2700/4008]	Time: 0.185s (0.296s)	Speed: 86.3 samples/s	Data: 0.001s (0.121s)	Stage0-heatmaps: 2.628e-03 (2.991e-03)	Stage1-heatmaps: 7.438e-04 (8.743e-04)	Stage0-push: 1.846e-04 (2.126e-04)	Stage1-push: 0.000e+00 (0.000e+00)	Stage0-pull: 8.291e-06 (1.255e-06)	Stage1-pull: 0.000e+00 (0.000e+00)	
2023-04-27 17:44:10,470 Epoch: [1][2800/4008]	Time: 0.198s (0.295s)	Speed: 81.0 samples/s	Data: 0.000s (0.120s)	Stage0-heatmaps: 4.645e-03 (2.987e-03)	Stage1-heatmaps: 1.520e-03 (8.735e-04)	Stage0-push: 2.685e-04 (2.125e-04)	Stage1-push: 0.000e+00 (0.000e+00)	Stage0-pull: 6.550e-06 (1.533e-06)	Stage1-pull: 0.000e+00 (0.000e+00)	
2023-04-27 17:44:37,818 Epoch: [1][2900/4008]	Time: 0.559s (0.295s)	Speed: 28.6 samples/s	Data: 0.365s (0.120s)	Stage0-heatmaps: 3.425e-03 (2.981e-03)	Stage1-heatmaps: 9.770e-04 (8.719e-04)	Stage0-push: 3.273e-04 (2.124e-04)	Stage1-push: 0.000e+00 (0.000e+00)	Stage0-pull: 1.038e-05 (1.745e-06)	Stage1-pull: 0.000e+00 (0.000e+00)	
2023-04-27 17:45:05,392 Epoch: [1][3000/4008]	Time: 0.228s (0.294s)	Speed: 70.2 samples/s	Data: 0.098s (0.119s)	Stage0-heatmaps: 2.752e-03 (2.980e-03)	Stage1-heatmaps: 8.316e-04 (8.722e-04)	Stage0-push: 1.689e-04 (2.123e-04)	Stage1-push: 0.000e+00 (0.000e+00)	Stage0-pull: 1.934e-05 (1.939e-06)	Stage1-pull: 0.000e+00 (0.000e+00)	
2023-04-27 17:45:34,479 Epoch: [1][3100/4008]	Time: 0.234s (0.294s)	Speed: 68.3 samples/s	Data: 0.123s (0.119s)	Stage0-heatmaps: 3.345e-03 (2.981e-03)	Stage1-heatmaps: 9.963e-04 (8.724e-04)	Stage0-push: 1.776e-04 (2.124e-04)	Stage1-push: 0.000e+00 (0.000e+00)	Stage0-pull: 6.016e-06 (2.150e-06)	Stage1-pull: 0.000e+00 (0.000e+00)	
2023-04-27 17:46:02,916 Epoch: [1][3200/4008]	Time: 0.259s (0.294s)	Speed: 61.9 samples/s	Data: 0.143s (0.119s)	Stage0-heatmaps: 2.448e-03 (2.975e-03)	Stage1-heatmaps: 6.994e-04 (8.709e-04)	Stage0-push: 2.004e-04 (2.124e-04)	Stage1-push: 0.000e+00 (0.000e+00)	Stage0-pull: 1.761e-05 (2.333e-06)	Stage1-pull: 0.000e+00 (0.000e+00)	
2023-04-27 17:46:31,751 Epoch: [1][3300/4008]	Time: 0.309s (0.294s)	Speed: 51.8 samples/s	Data: 0.198s (0.118s)	Stage0-heatmaps: 2.200e-03 (2.972e-03)	Stage1-heatmaps: 6.489e-04 (8.704e-04)	Stage0-push: 1.992e-04 (2.121e-04)	Stage1-push: 0.000e+00 (0.000e+00)	Stage0-pull: 6.076e-06 (2.537e-06)	Stage1-pull: 0.000e+00 (0.000e+00)	
2023-04-27 17:47:00,151 Epoch: [1][3400/4008]	Time: 0.295s (0.293s)	Speed: 54.2 samples/s	Data: 0.148s (0.118s)	Stage0-heatmaps: 2.778e-03 (2.973e-03)	Stage1-heatmaps: 8.604e-04 (8.709e-04)	Stage0-push: 2.132e-04 (2.121e-04)	Stage1-push: 0.000e+00 (0.000e+00)	Stage0-pull: 1.031e-05 (2.724e-06)	Stage1-pull: 0.000e+00 (0.000e+00)	
2023-04-27 17:47:28,822 Epoch: [1][3500/4008]	Time: 0.577s (0.293s)	Speed: 27.7 samples/s	Data: 0.412s (0.118s)	Stage0-heatmaps: 3.084e-03 (2.967e-03)	Stage1-heatmaps: 9.390e-04 (8.696e-04)	Stage0-push: 2.302e-04 (2.117e-04)	Stage1-push: 0.000e+00 (0.000e+00)	Stage0-pull: 6.714e-06 (2.915e-06)	Stage1-pull: 0.000e+00 (0.000e+00)	
2023-04-27 17:47:55,490 Epoch: [1][3600/4008]	Time: 0.548s (0.292s)	Speed: 29.2 samples/s	Data: 0.384s (0.117s)	Stage0-heatmaps: 3.062e-03 (2.958e-03)	Stage1-heatmaps: 9.156e-04 (8.673e-04)	Stage0-push: 2.045e-04 (2.115e-04)	Stage1-push: 0.000e+00 (0.000e+00)	Stage0-pull: 1.070e-05 (3.105e-06)	Stage1-pull: 0.000e+00 (0.000e+00)	
2023-04-27 17:48:25,135 Epoch: [1][3700/4008]	Time: 0.274s (0.292s)	Speed: 58.4 samples/s	Data: 0.005s (0.118s)	Stage0-heatmaps: 2.891e-03 (2.954e-03)	Stage1-heatmaps: 8.932e-04 (8.665e-04)	Stage0-push: 2.923e-04 (2.113e-04)	Stage1-push: 0.000e+00 (0.000e+00)	Stage0-pull: 5.330e-06 (3.268e-06)	Stage1-pull: 0.000e+00 (0.000e+00)	
2023-04-27 17:48:53,217 Epoch: [1][3800/4008]	Time: 0.209s (0.292s)	Speed: 76.4 samples/s	Data: 0.000s (0.117s)	Stage0-heatmaps: 2.741e-03 (2.949e-03)	Stage1-heatmaps: 8.492e-04 (8.652e-04)	Stage0-push: 2.022e-04 (2.111e-04)	Stage1-push: 0.000e+00 (0.000e+00)	Stage0-pull: 6.493e-06 (3.423e-06)	Stage1-pull: 0.000e+00 (0.000e+00)	
2023-04-27 17:49:21,281 Epoch: [1][3900/4008]	Time: 0.223s (0.292s)	Speed: 71.6 samples/s	Data: 0.106s (0.117s)	Stage0-heatmaps: 3.013e-03 (2.944e-03)	Stage1-heatmaps: 9.052e-04 (8.641e-04)	Stage0-push: 1.487e-04 (2.108e-04)	Stage1-push: 0.000e+00 (0.000e+00)	Stage0-pull: 5.438e-06 (3.597e-06)	Stage1-pull: 0.000e+00 (0.000e+00)	
2023-04-27 17:49:49,568 Epoch: [1][4000/4008]	Time: 0.197s (0.292s)	Speed: 81.3 samples/s	Data: 0.080s (0.117s)	Stage0-heatmaps: 2.122e-03 (2.939e-03)	Stage1-heatmaps: 6.255e-04 (8.629e-04)	Stage0-push: 2.002e-04 (2.106e-04)	Stage1-push: 0.000e+00 (0.000e+00)	Stage0-pull: 4.835e-06 (3.753e-06)	Stage1-pull: 0.000e+00 (0.000e+00)	
2023-04-27 17:50:00,181 => saving checkpoint to output/coco_kpt/pose_transmobilenet/mobile
2023-04-27 17:50:23,536 Epoch: [2][0/4008]	Time: 22.713s (22.713s)	Speed: 0.7 samples/s	Data: 22.559s (22.559s)	Stage0-heatmaps: 2.800e-03 (2.800e-03)	Stage1-heatmaps: 8.493e-04 (8.493e-04)	Stage0-push: 2.314e-04 (2.314e-04)	Stage1-push: 0.000e+00 (0.000e+00)	Stage0-pull: 9.867e-06 (9.867e-06)	Stage1-pull: 0.000e+00 (0.000e+00)	
2023-04-27 17:50:52,460 Epoch: [2][100/4008]	Time: 0.262s (0.511s)	Speed: 61.1 samples/s	Data: 0.140s (0.333s)	Stage0-heatmaps: 2.544e-03 (2.664e-03)	Stage1-heatmaps: 7.647e-04 (7.953e-04)	Stage0-push: 1.197e-04 (1.895e-04)	Stage1-push: 0.000e+00 (0.000e+00)	Stage0-pull: 9.987e-06 (1.098e-05)	Stage1-pull: 0.000e+00 (0.000e+00)	
2023-04-27 17:51:20,837 Epoch: [2][200/4008]	Time: 0.250s (0.398s)	Speed: 63.9 samples/s	Data: 0.132s (0.220s)	Stage0-heatmaps: 2.923e-03 (2.673e-03)	Stage1-heatmaps: 8.766e-04 (7.996e-04)	Stage0-push: 2.151e-04 (1.961e-04)	Stage1-push: 0.000e+00 (0.000e+00)	Stage0-pull: 4.591e-06 (1.040e-05)	Stage1-pull: 0.000e+00 (0.000e+00)	
2023-04-27 17:51:49,344 Epoch: [2][300/4008]	Time: 0.302s (0.361s)	Speed: 53.0 samples/s	Data: 0.177s (0.184s)	Stage0-heatmaps: 2.804e-03 (2.666e-03)	Stage1-heatmaps: 8.321e-04 (7.944e-04)	Stage0-push: 1.978e-04 (1.953e-04)	Stage1-push: 0.000e+00 (0.000e+00)	Stage0-pull: 5.845e-06 (1.023e-05)	Stage1-pull: 0.000e+00 (0.000e+00)	
2023-04-27 17:52:17,652 Epoch: [2][400/4008]	Time: 0.200s (0.341s)	Speed: 79.8 samples/s	Data: 0.000s (0.169s)	Stage0-heatmaps: 2.185e-03 (2.675e-03)	Stage1-heatmaps: 6.038e-04 (7.976e-04)	Stage0-push: 1.971e-04 (1.964e-04)	Stage1-push: 0.000e+00 (0.000e+00)	Stage0-pull: 1.067e-05 (1.031e-05)	Stage1-pull: 0.000e+00 (0.000e+00)	
2023-04-27 17:52:45,523 Epoch: [2][500/4008]	Time: 0.591s (0.329s)	Speed: 27.1 samples/s	Data: 0.407s (0.158s)	Stage0-heatmaps: 2.608e-03 (2.667e-03)	Stage1-heatmaps: 7.304e-04 (7.950e-04)	Stage0-push: 2.653e-04 (1.975e-04)	Stage1-push: 0.000e+00 (0.000e+00)	Stage0-pull: 4.391e-06 (1.035e-05)	Stage1-pull: 0.000e+00 (0.000e+00)	
2023-04-27 17:53:15,139 Epoch: [2][600/4008]	Time: 0.643s (0.323s)	Speed: 24.9 samples/s	Data: 0.441s (0.150s)	Stage0-heatmaps: 2.202e-03 (2.659e-03)	Stage1-heatmaps: 5.933e-04 (7.920e-04)	Stage0-push: 1.543e-04 (1.967e-04)	Stage1-push: 0.000e+00 (0.000e+00)	Stage0-pull: 1.163e-05 (1.051e-05)	Stage1-pull: 0.000e+00 (0.000e+00)	
2023-04-27 17:53:43,803 Epoch: [2][700/4008]	Time: 0.349s (0.318s)	Speed: 45.8 samples/s	Data: 0.221s (0.145s)	Stage0-heatmaps: 2.806e-03 (2.693e-03)	Stage1-heatmaps: 8.880e-04 (8.025e-04)	Stage0-push: 2.828e-04 (1.984e-04)	Stage1-push: 0.000e+00 (0.000e+00)	Stage0-pull: 8.400e-06 (1.048e-05)	Stage1-pull: 0.000e+00 (0.000e+00)	
2023-04-27 17:54:11,987 Epoch: [2][800/4008]	Time: 0.337s (0.314s)	Speed: 47.4 samples/s	Data: 0.197s (0.140s)	Stage0-heatmaps: 2.701e-03 (2.702e-03)	Stage1-heatmaps: 8.466e-04 (8.052e-04)	Stage0-push: 1.960e-04 (1.988e-04)	Stage1-push: 0.000e+00 (0.000e+00)	Stage0-pull: 1.193e-05 (1.051e-05)	Stage1-pull: 0.000e+00 (0.000e+00)	
2023-04-27 17:54:40,435 Epoch: [2][900/4008]	Time: 0.269s (0.310s)	Speed: 59.5 samples/s	Data: 0.151s (0.136s)	Stage0-heatmaps: 2.677e-03 (2.699e-03)	Stage1-heatmaps: 7.038e-04 (8.049e-04)	Stage0-push: 1.785e-04 (1.988e-04)	Stage1-push: 0.000e+00 (0.000e+00)	Stage0-pull: 1.667e-05 (1.065e-05)	Stage1-pull: 0.000e+00 (0.000e+00)	
2023-04-27 17:55:09,056 Epoch: [2][1000/4008]	Time: 0.228s (0.308s)	Speed: 70.1 samples/s	Data: 0.000s (0.133s)	Stage0-heatmaps: 2.668e-03 (2.710e-03)	Stage1-heatmaps: 8.294e-04 (8.085e-04)	Stage0-push: 1.964e-04 (1.996e-04)	Stage1-push: 0.000e+00 (0.000e+00)	Stage0-pull: 7.407e-06 (1.072e-05)	Stage1-pull: 0.000e+00 (0.000e+00)	
2023-04-27 17:55:37,774 Epoch: [2][1100/4008]	Time: 0.283s (0.306s)	Speed: 56.5 samples/s	Data: 0.001s (0.132s)	Stage0-heatmaps: 2.311e-03 (2.712e-03)	Stage1-heatmaps: 6.846e-04 (8.097e-04)	Stage0-push: 1.778e-04 (1.994e-04)	Stage1-push: 0.000e+00 (0.000e+00)	Stage0-pull: 8.455e-06 (1.085e-05)	Stage1-pull: 0.000e+00 (0.000e+00)	
2023-04-27 17:56:05,020 Epoch: [2][1200/4008]	Time: 0.253s (0.303s)	Speed: 63.3 samples/s	Data: 0.010s (0.129s)	Stage0-heatmaps: 4.048e-03 (2.711e-03)	Stage1-heatmaps: 1.221e-03 (8.093e-04)	Stage0-push: 2.606e-04 (1.994e-04)	Stage1-push: 0.000e+00 (0.000e+00)	Stage0-pull: 1.077e-05 (1.105e-05)	Stage1-pull: 0.000e+00 (0.000e+00)	
2023-04-27 17:56:32,559 Epoch: [2][1300/4008]	Time: 0.180s (0.301s)	Speed: 88.9 samples/s	Data: 0.000s (0.128s)	Stage0-heatmaps: 4.070e-03 (2.711e-03)	Stage1-heatmaps: 1.387e-03 (8.101e-04)	Stage0-push: 3.135e-04 (1.989e-04)	Stage1-push: 0.000e+00 (0.000e+00)	Stage0-pull: 1.452e-05 (1.108e-05)	Stage1-pull: 0.000e+00 (0.000e+00)	
2023-04-27 17:57:01,377 Epoch: [2][1400/4008]	Time: 0.228s (0.300s)	Speed: 70.3 samples/s	Data: 0.000s (0.126s)	Stage0-heatmaps: 2.052e-03 (2.705e-03)	Stage1-heatmaps: 5.776e-04 (8.081e-04)	Stage0-push: 1.220e-04 (1.986e-04)	Stage1-push: 0.000e+00 (0.000e+00)	Stage0-pull: 5.907e-06 (1.113e-05)	Stage1-pull: 0.000e+00 (0.000e+00)	
2023-04-27 17:57:30,122 Epoch: [2][1500/4008]	Time: 0.199s (0.299s)	Speed: 80.5 samples/s	Data: 0.000s (0.125s)	Stage0-heatmaps: 2.144e-03 (2.694e-03)	Stage1-heatmaps: 6.185e-04 (8.046e-04)	Stage0-push: 1.511e-04 (1.979e-04)	Stage1-push: 0.000e+00 (0.000e+00)	Stage0-pull: 4.607e-06 (1.113e-05)	Stage1-pull: 0.000e+00 (0.000e+00)	
2023-04-27 17:58:00,729 Epoch: [2][1600/4008]	Time: 0.220s (0.300s)	Speed: 72.7 samples/s	Data: 0.000s (0.125s)	Stage0-heatmaps: 2.850e-03 (2.693e-03)	Stage1-heatmaps: 9.219e-04 (8.048e-04)	Stage0-push: 1.440e-04 (1.979e-04)	Stage1-push: 0.000e+00 (0.000e+00)	Stage0-pull: 1.007e-05 (1.121e-05)	Stage1-pull: 0.000e+00 (0.000e+00)	
2023-04-27 17:58:29,323 Epoch: [2][1700/4008]	Time: 0.254s (0.299s)	Speed: 63.1 samples/s	Data: 0.138s (0.124s)	Stage0-heatmaps: 4.014e-03 (2.697e-03)	Stage1-heatmaps: 1.306e-03 (8.063e-04)	Stage0-push: 2.615e-04 (1.980e-04)	Stage1-push: 0.000e+00 (0.000e+00)	Stage0-pull: 1.043e-05 (1.128e-05)	Stage1-pull: 0.000e+00 (0.000e+00)	
2023-04-27 17:58:58,034 Epoch: [2][1800/4008]	Time: 0.293s (0.298s)	Speed: 54.7 samples/s	Data: 0.176s (0.124s)	Stage0-heatmaps: 2.704e-03 (2.690e-03)	Stage1-heatmaps: 8.201e-04 (8.042e-04)	Stage0-push: 3.320e-04 (1.977e-04)	Stage1-push: 0.000e+00 (0.000e+00)	Stage0-pull: 1.337e-05 (1.129e-05)	Stage1-pull: 0.000e+00 (0.000e+00)	
2023-04-27 17:59:26,301 Epoch: [2][1900/4008]	Time: 0.533s (0.297s)	Speed: 30.0 samples/s	Data: 0.325s (0.123s)	Stage0-heatmaps: 1.653e-03 (2.682e-03)	Stage1-heatmaps: 4.950e-04 (8.018e-04)	Stage0-push: 1.141e-04 (1.972e-04)	Stage1-push: 0.000e+00 (0.000e+00)	Stage0-pull: 1.725e-05 (1.131e-05)	Stage1-pull: 0.000e+00 (0.000e+00)	
2023-04-27 17:59:54,276 Epoch: [2][2000/4008]	Time: 0.580s (0.297s)	Speed: 27.6 samples/s	Data: 0.374s (0.122s)	Stage0-heatmaps: 3.375e-03 (2.684e-03)	Stage1-heatmaps: 1.015e-03 (8.023e-04)	Stage0-push: 2.015e-04 (1.974e-04)	Stage1-push: 0.000e+00 (0.000e+00)	Stage0-pull: 9.673e-06 (1.144e-05)	Stage1-pull: 0.000e+00 (0.000e+00)	
2023-04-27 18:00:22,810 Epoch: [2][2100/4008]	Time: 0.275s (0.296s)	Speed: 58.1 samples/s	Data: 0.163s (0.121s)	Stage0-heatmaps: 3.647e-03 (2.681e-03)	Stage1-heatmaps: 1.096e-03 (8.020e-04)	Stage0-push: 2.954e-04 (1.971e-04)	Stage1-push: 0.000e+00 (0.000e+00)	Stage0-pull: 1.107e-05 (1.151e-05)	Stage1-pull: 0.000e+00 (0.000e+00)	
2023-04-27 18:00:52,307 Epoch: [2][2200/4008]	Time: 0.201s (0.296s)	Speed: 79.5 samples/s	Data: 0.002s (0.121s)	Stage0-heatmaps: 1.643e-03 (2.679e-03)	Stage1-heatmaps: 4.131e-04 (8.019e-04)	Stage0-push: 6.115e-05 (1.970e-04)	Stage1-push: 0.000e+00 (0.000e+00)	Stage0-pull: 1.568e-05 (1.162e-05)	Stage1-pull: 0.000e+00 (0.000e+00)	
2023-04-27 18:01:22,334 Epoch: [2][2300/4008]	Time: 0.244s (0.296s)	Speed: 65.5 samples/s	Data: 0.130s (0.121s)	Stage0-heatmaps: 2.198e-03 (2.677e-03)	Stage1-heatmaps: 6.560e-04 (8.014e-04)	Stage0-push: 1.374e-04 (1.972e-04)	Stage1-push: 0.000e+00 (0.000e+00)	Stage0-pull: 1.088e-05 (1.173e-05)	Stage1-pull: 0.000e+00 (0.000e+00)	
2023-04-27 18:01:50,662 Epoch: [2][2400/4008]	Time: 0.187s (0.296s)	Speed: 85.6 samples/s	Data: 0.002s (0.121s)	Stage0-heatmaps: 2.706e-03 (2.670e-03)	Stage1-heatmaps: 7.954e-04 (7.999e-04)	Stage0-push: 1.446e-04 (1.968e-04)	Stage1-push: 0.000e+00 (0.000e+00)	Stage0-pull: 9.605e-06 (1.181e-05)	Stage1-pull: 0.000e+00 (0.000e+00)	
2023-04-27 18:02:19,681 Epoch: [2][2500/4008]	Time: 0.205s (0.295s)	Speed: 78.2 samples/s	Data: 0.000s (0.120s)	Stage0-heatmaps: 3.703e-03 (2.671e-03)	Stage1-heatmaps: 1.182e-03 (8.005e-04)	Stage0-push: 1.944e-04 (1.971e-04)	Stage1-push: 0.000e+00 (0.000e+00)	Stage0-pull: 1.100e-05 (1.191e-05)	Stage1-pull: 0.000e+00 (0.000e+00)	
2023-04-27 18:02:50,418 Epoch: [2][2600/4008]	Time: 0.190s (0.296s)	Speed: 84.4 samples/s	Data: 0.000s (0.121s)	Stage0-heatmaps: 2.263e-03 (2.672e-03)	Stage1-heatmaps: 6.519e-04 (8.012e-04)	Stage0-push: 1.435e-04 (1.971e-04)	Stage1-push: 0.000e+00 (0.000e+00)	Stage0-pull: 8.019e-06 (1.201e-05)	Stage1-pull: 0.000e+00 (0.000e+00)	
2023-04-27 18:03:19,144 Epoch: [2][2700/4008]	Time: 0.204s (0.296s)	Speed: 78.4 samples/s	Data: 0.002s (0.120s)	Stage0-heatmaps: 2.557e-03 (2.674e-03)	Stage1-heatmaps: 7.302e-04 (8.026e-04)	Stage0-push: 2.019e-04 (1.973e-04)	Stage1-push: 0.000e+00 (0.000e+00)	Stage0-pull: 1.962e-05 (1.215e-05)	Stage1-pull: 0.000e+00 (0.000e+00)	
2023-04-27 18:03:47,701 Epoch: [2][2800/4008]	Time: 0.150s (0.295s)	Speed: 106.7 samples/s	Data: 0.000s (0.119s)	Stage0-heatmaps: 4.195e-03 (2.672e-03)	Stage1-heatmaps: 1.303e-03 (8.024e-04)	Stage0-push: 3.276e-04 (1.974e-04)	Stage1-push: 0.000e+00 (0.000e+00)	Stage0-pull: 1.037e-05 (1.225e-05)	Stage1-pull: 0.000e+00 (0.000e+00)	
2023-04-27 18:04:14,875 Epoch: [2][2900/4008]	Time: 0.435s (0.294s)	Speed: 36.8 samples/s	Data: 0.254s (0.119s)	Stage0-heatmaps: 3.077e-03 (2.667e-03)	Stage1-heatmaps: 9.041e-04 (8.009e-04)	Stage0-push: 3.147e-04 (1.972e-04)	Stage1-push: 0.000e+00 (0.000e+00)	Stage0-pull: 1.155e-05 (1.236e-05)	Stage1-pull: 0.000e+00 (0.000e+00)	
2023-04-27 18:04:43,283 Epoch: [2][3000/4008]	Time: 0.319s (0.294s)	Speed: 50.1 samples/s	Data: 0.204s (0.119s)	Stage0-heatmaps: 2.565e-03 (2.669e-03)	Stage1-heatmaps: 7.826e-04 (8.017e-04)	Stage0-push: 1.813e-04 (1.971e-04)	Stage1-push: 0.000e+00 (0.000e+00)	Stage0-pull: 1.986e-05 (1.245e-05)	Stage1-pull: 0.000e+00 (0.000e+00)	
2023-04-27 18:05:12,248 Epoch: [2][3100/4008]	Time: 0.305s (0.294s)	Speed: 52.4 samples/s	Data: 0.167s (0.119s)	Stage0-heatmaps: 2.632e-03 (2.670e-03)	Stage1-heatmaps: 7.582e-04 (8.024e-04)	Stage0-push: 1.529e-04 (1.971e-04)	Stage1-push: 0.000e+00 (0.000e+00)	Stage0-pull: 8.424e-06 (1.254e-05)	Stage1-pull: 0.000e+00 (0.000e+00)	
2023-04-27 18:05:40,266 Epoch: [2][3200/4008]	Time: 0.203s (0.293s)	Speed: 78.8 samples/s	Data: 0.087s (0.119s)	Stage0-heatmaps: 2.538e-03 (2.666e-03)	Stage1-heatmaps: 7.281e-04 (8.013e-04)	Stage0-push: 2.275e-04 (1.974e-04)	Stage1-push: 0.000e+00 (0.000e+00)	Stage0-pull: 2.414e-05 (1.258e-05)	Stage1-pull: 0.000e+00 (0.000e+00)	
2023-04-27 18:06:09,071 Epoch: [2][3300/4008]	Time: 0.247s (0.293s)	Speed: 64.7 samples/s	Data: 0.000s (0.118s)	Stage0-heatmaps: 2.280e-03 (2.664e-03)	Stage1-heatmaps: 6.985e-04 (8.008e-04)	Stage0-push: 2.124e-04 (1.972e-04)	Stage1-push: 0.000e+00 (0.000e+00)	Stage0-pull: 1.313e-05 (1.266e-05)	Stage1-pull: 0.000e+00 (0.000e+00)	
2023-04-27 18:06:37,707 Epoch: [2][3400/4008]	Time: 0.347s (0.293s)	Speed: 46.1 samples/s	Data: 0.238s (0.118s)	Stage0-heatmaps: 2.606e-03 (2.666e-03)	Stage1-heatmaps: 8.006e-04 (8.016e-04)	Stage0-push: 2.340e-04 (1.973e-04)	Stage1-push: 0.000e+00 (0.000e+00)	Stage0-pull: 9.990e-06 (1.279e-05)	Stage1-pull: 0.000e+00 (0.000e+00)	
2023-04-27 18:07:06,431 Epoch: [2][3500/4008]	Time: 0.429s (0.293s)	Speed: 37.3 samples/s	Data: 0.317s (0.118s)	Stage0-heatmaps: 3.463e-03 (2.683e-03)	Stage1-heatmaps: 1.058e-03 (8.020e-04)	Stage0-push: 2.241e-04 (1.973e-04)	Stage1-push: 0.000e+00 (0.000e+00)	Stage0-pull: 9.512e-06 (1.278e-05)	Stage1-pull: 0.000e+00 (0.000e+00)	
2023-04-27 18:07:36,573 Epoch: [2][3600/4008]	Time: 0.482s (0.293s)	Speed: 33.2 samples/s	Data: 0.230s (0.118s)	Stage0-heatmaps: 2.740e-03 (2.682e-03)	Stage1-heatmaps: 8.238e-04 (8.015e-04)	Stage0-push: 2.114e-04 (1.973e-04)	Stage1-push: 0.000e+00 (0.000e+00)	Stage0-pull: 9.391e-06 (1.272e-05)	Stage1-pull: 0.000e+00 (0.000e+00)	
2023-04-27 18:08:04,392 Epoch: [2][3700/4008]	Time: 0.534s (0.293s)	Speed: 29.9 samples/s	Data: 0.320s (0.118s)	Stage0-heatmaps: 2.561e-03 (2.682e-03)	Stage1-heatmaps: 7.971e-04 (8.016e-04)	Stage0-push: 2.898e-04 (1.975e-04)	Stage1-push: 0.000e+00 (0.000e+00)	Stage0-pull: 1.118e-05 (1.268e-05)	Stage1-pull: 0.000e+00 (0.000e+00)	
2023-04-27 18:08:31,810 Epoch: [2][3800/4008]	Time: 0.376s (0.292s)	Speed: 42.6 samples/s	Data: 0.251s (0.117s)	Stage0-heatmaps: 2.596e-03 (2.681e-03)	Stage1-heatmaps: 7.629e-04 (8.014e-04)	Stage0-push: 1.926e-04 (1.976e-04)	Stage1-push: 0.000e+00 (0.000e+00)	Stage0-pull: 7.592e-06 (1.263e-05)	Stage1-pull: 0.000e+00 (0.000e+00)	
2023-04-27 18:08:59,598 Epoch: [2][3900/4008]	Time: 0.263s (0.292s)	Speed: 60.9 samples/s	Data: 0.139s (0.117s)	Stage0-heatmaps: 2.685e-03 (2.679e-03)	Stage1-heatmaps: 8.348e-04 (8.007e-04)	Stage0-push: 1.794e-04 (1.975e-04)	Stage1-push: 0.000e+00 (0.000e+00)	Stage0-pull: 1.367e-05 (1.262e-05)	Stage1-pull: 0.000e+00 (0.000e+00)	
2023-04-27 18:09:28,008 Epoch: [2][4000/4008]	Time: 0.199s (0.292s)	Speed: 80.4 samples/s	Data: 0.000s (0.117s)	Stage0-heatmaps: 2.076e-03 (2.676e-03)	Stage1-heatmaps: 6.067e-04 (8.000e-04)	Stage0-push: 1.554e-04 (1.975e-04)	Stage1-push: 0.000e+00 (0.000e+00)	Stage0-pull: 8.081e-06 (1.261e-05)	Stage1-pull: 0.000e+00 (0.000e+00)	
2023-04-27 18:09:37,844 => saving checkpoint to output/coco_kpt/pose_transmobilenet/mobile
2023-04-27 18:10:02,294 Epoch: [3][0/4008]	Time: 24.124s (24.124s)	Speed: 0.7 samples/s	Data: 23.925s (23.925s)	Stage0-heatmaps: 2.727e-03 (2.727e-03)	Stage1-heatmaps: 8.230e-04 (8.230e-04)	Stage0-push: 2.312e-04 (2.312e-04)	Stage1-push: 0.000e+00 (0.000e+00)	Stage0-pull: 2.150e-05 (2.150e-05)	Stage1-pull: 0.000e+00 (0.000e+00)	
2023-04-27 18:10:30,418 Epoch: [3][100/4008]	Time: 0.291s (0.517s)	Speed: 55.1 samples/s	Data: 0.171s (0.345s)	Stage0-heatmaps: 2.458e-03 (2.464e-03)	Stage1-heatmaps: 7.976e-04 (7.509e-04)	Stage0-push: 1.166e-04 (1.841e-04)	Stage1-push: 0.000e+00 (0.000e+00)	Stage0-pull: 1.077e-05 (1.421e-05)	Stage1-pull: 0.000e+00 (0.000e+00)	
2023-04-27 18:10:58,934 Epoch: [3][200/4008]	Time: 0.330s (0.402s)	Speed: 48.5 samples/s	Data: 0.194s (0.228s)	Stage0-heatmaps: 2.571e-03 (2.491e-03)	Stage1-heatmaps: 8.070e-04 (7.583e-04)	Stage0-push: 2.070e-04 (1.917e-04)	Stage1-push: 0.000e+00 (0.000e+00)	Stage0-pull: 6.896e-06 (1.385e-05)	Stage1-pull: 0.000e+00 (0.000e+00)	
2023-04-27 18:11:27,315 Epoch: [3][300/4008]	Time: 0.301s (0.363s)	Speed: 53.2 samples/s	Data: 0.191s (0.188s)	Stage0-heatmaps: 2.608e-03 (2.484e-03)	Stage1-heatmaps: 7.664e-04 (7.541e-04)	Stage0-push: 2.098e-04 (1.917e-04)	Stage1-push: 0.000e+00 (0.000e+00)	Stage0-pull: 8.426e-06 (1.340e-05)	Stage1-pull: 0.000e+00 (0.000e+00)	
2023-04-27 18:11:57,810 Epoch: [3][400/4008]	Time: 0.218s (0.348s)	Speed: 73.5 samples/s	Data: 0.086s (0.171s)	Stage0-heatmaps: 2.018e-03 (2.493e-03)	Stage1-heatmaps: 5.697e-04 (7.573e-04)	Stage0-push: 2.274e-04 (1.920e-04)	Stage1-push: 0.000e+00 (0.000e+00)	Stage0-pull: 1.072e-05 (1.351e-05)	Stage1-pull: 0.000e+00 (0.000e+00)	
2023-04-27 18:12:26,413 Epoch: [3][500/4008]	Time: 0.482s (0.336s)	Speed: 33.2 samples/s	Data: 0.332s (0.158s)	Stage0-heatmaps: 2.491e-03 (2.486e-03)	Stage1-heatmaps: 8.079e-04 (7.546e-04)	Stage0-push: 2.561e-04 (1.921e-04)	Stage1-push: 0.000e+00 (0.000e+00)	Stage0-pull: 1.045e-05 (1.364e-05)	Stage1-pull: 0.000e+00 (0.000e+00)	
2023-04-27 18:12:53,955 Epoch: [3][600/4008]	Time: 0.412s (0.326s)	Speed: 38.9 samples/s	Data: 0.172s (0.149s)	Stage0-heatmaps: 1.727e-03 (2.477e-03)	Stage1-heatmaps: 4.794e-04 (7.514e-04)	Stage0-push: 1.483e-04 (1.912e-04)	Stage1-push: 0.000e+00 (0.000e+00)	Stage0-pull: 1.307e-05 (1.408e-05)	Stage1-pull: 0.000e+00 (0.000e+00)	
2023-04-27 18:13:22,805 Epoch: [3][700/4008]	Time: 0.297s (0.320s)	Speed: 53.8 samples/s	Data: 0.152s (0.144s)	Stage0-heatmaps: 2.474e-03 (2.502e-03)	Stage1-heatmaps: 7.804e-04 (7.597e-04)	Stage0-push: 2.618e-04 (1.923e-04)	Stage1-push: 0.000e+00 (0.000e+00)	Stage0-pull: 1.201e-05 (1.421e-05)	Stage1-pull: 0.000e+00 (0.000e+00)	
2023-04-27 18:13:51,720 Epoch: [3][800/4008]	Time: 0.329s (0.317s)	Speed: 48.6 samples/s	Data: 0.215s (0.140s)	Stage0-heatmaps: 2.575e-03 (2.511e-03)	Stage1-heatmaps: 7.983e-04 (7.625e-04)	Stage0-push: 2.124e-04 (1.922e-04)	Stage1-push: 0.000e+00 (0.000e+00)	Stage0-pull: 1.875e-05 (1.448e-05)	Stage1-pull: 0.000e+00 (0.000e+00)	
2023-04-27 18:14:20,474 Epoch: [3][900/4008]	Time: 0.308s (0.313s)	Speed: 52.0 samples/s	Data: 0.176s (0.136s)	Stage0-heatmaps: 2.362e-03 (2.508e-03)	Stage1-heatmaps: 6.879e-04 (7.618e-04)	Stage0-push: 1.765e-04 (1.922e-04)	Stage1-push: 0.000e+00 (0.000e+00)	Stage0-pull: 1.734e-05 (1.462e-05)	Stage1-pull: 0.000e+00 (0.000e+00)	
2023-04-27 18:14:49,126 Epoch: [3][1000/4008]	Time: 0.293s (0.311s)	Speed: 54.6 samples/s	Data: 0.180s (0.134s)	Stage0-heatmaps: 2.310e-03 (2.519e-03)	Stage1-heatmaps: 7.136e-04 (7.655e-04)	Stage0-push: 2.039e-04 (1.929e-04)	Stage1-push: 0.000e+00 (0.000e+00)	Stage0-pull: 9.041e-06 (1.471e-05)	Stage1-pull: 0.000e+00 (0.000e+00)	
2023-04-27 18:15:17,203 Epoch: [3][1100/4008]	Time: 0.279s (0.308s)	Speed: 57.4 samples/s	Data: 0.155s (0.132s)	Stage0-heatmaps: 2.033e-03 (2.522e-03)	Stage1-heatmaps: 5.972e-04 (7.666e-04)	Stage0-push: 1.689e-04 (1.926e-04)	Stage1-push: 0.000e+00 (0.000e+00)	Stage0-pull: 1.142e-05 (1.472e-05)	Stage1-pull: 0.000e+00 (0.000e+00)	
2023-04-27 18:15:45,338 Epoch: [3][1200/4008]	Time: 0.191s (0.306s)	Speed: 83.9 samples/s	Data: 0.001s (0.131s)	Stage0-heatmaps: 4.057e-03 (2.521e-03)	Stage1-heatmaps: 1.193e-03 (7.658e-04)	Stage0-push: 2.598e-04 (1.925e-04)	Stage1-push: 0.000e+00 (0.000e+00)	Stage0-pull: 1.960e-05 (1.484e-05)	Stage1-pull: 0.000e+00 (0.000e+00)	
2023-04-27 18:16:12,593 Epoch: [3][1300/4008]	Time: 0.218s (0.303s)	Speed: 73.5 samples/s	Data: 0.002s (0.128s)	Stage0-heatmaps: 3.096e-03 (2.520e-03)	Stage1-heatmaps: 1.032e-03 (7.657e-04)	Stage0-push: 2.737e-04 (1.917e-04)	Stage1-push: 0.000e+00 (0.000e+00)	Stage0-pull: 1.980e-05 (1.488e-05)	Stage1-pull: 0.000e+00 (0.000e+00)	
2023-04-27 18:16:42,295 Epoch: [3][1400/4008]	Time: 0.212s (0.303s)	Speed: 75.5 samples/s	Data: 0.001s (0.128s)	Stage0-heatmaps: 2.310e-03 (2.514e-03)	Stage1-heatmaps: 6.521e-04 (7.642e-04)	Stage0-push: 1.184e-04 (1.914e-04)	Stage1-push: 0.000e+00 (0.000e+00)	Stage0-pull: 1.013e-05 (1.491e-05)	Stage1-pull: 0.000e+00 (0.000e+00)	
2023-04-27 18:17:11,259 Epoch: [3][1500/4008]	Time: 0.199s (0.302s)	Speed: 80.5 samples/s	Data: 0.006s (0.127s)	Stage0-heatmaps: 2.034e-03 (2.505e-03)	Stage1-heatmaps: 6.054e-04 (7.609e-04)	Stage0-push: 1.209e-04 (1.909e-04)	Stage1-push: 0.000e+00 (0.000e+00)	Stage0-pull: 1.322e-05 (1.487e-05)	Stage1-pull: 0.000e+00 (0.000e+00)	
2023-04-27 18:17:40,555 Epoch: [3][1600/4008]	Time: 0.237s (0.301s)	Speed: 67.5 samples/s	Data: 0.005s (0.126s)	Stage0-heatmaps: 2.675e-03 (2.505e-03)	Stage1-heatmaps: 8.505e-04 (7.613e-04)	Stage0-push: 1.395e-04 (1.909e-04)	Stage1-push: 0.000e+00 (0.000e+00)	Stage0-pull: 1.353e-05 (1.492e-05)	Stage1-pull: 0.000e+00 (0.000e+00)	
2023-04-27 18:18:09,639 Epoch: [3][1700/4008]	Time: 0.339s (0.301s)	Speed: 47.2 samples/s	Data: 0.217s (0.126s)	Stage0-heatmaps: 3.878e-03 (2.512e-03)	Stage1-heatmaps: 1.262e-03 (7.637e-04)	Stage0-push: 2.524e-04 (1.909e-04)	Stage1-push: 0.000e+00 (0.000e+00)	Stage0-pull: 1.347e-05 (1.505e-05)	Stage1-pull: 0.000e+00 (0.000e+00)	
2023-04-27 18:18:38,530 Epoch: [3][1800/4008]	Time: 0.300s (0.300s)	Speed: 53.3 samples/s	Data: 0.174s (0.125s)	Stage0-heatmaps: 2.576e-03 (2.508e-03)	Stage1-heatmaps: 7.733e-04 (7.625e-04)	Stage0-push: 2.839e-04 (1.904e-04)	Stage1-push: 0.000e+00 (0.000e+00)	Stage0-pull: 3.853e-05 (1.506e-05)	Stage1-pull: 0.000e+00 (0.000e+00)	
2023-04-27 18:19:06,982 Epoch: [3][1900/4008]	Time: 0.525s (0.299s)	Speed: 30.5 samples/s	Data: 0.397s (0.124s)	Stage0-heatmaps: 1.791e-03 (2.501e-03)	Stage1-heatmaps: 5.309e-04 (7.603e-04)	Stage0-push: 8.968e-05 (1.897e-04)	Stage1-push: 0.000e+00 (0.000e+00)	Stage0-pull: 4.067e-05 (1.513e-05)	Stage1-pull: 0.000e+00 (0.000e+00)	
2023-04-27 18:19:34,088 Epoch: [3][2000/4008]	Time: 0.559s (0.298s)	Speed: 28.6 samples/s	Data: 0.299s (0.123s)	Stage0-heatmaps: 3.319e-03 (2.505e-03)	Stage1-heatmaps: 1.016e-03 (7.614e-04)	Stage0-push: 2.088e-04 (1.900e-04)	Stage1-push: 0.000e+00 (0.000e+00)	Stage0-pull: 1.326e-05 (1.522e-05)	Stage1-pull: 0.000e+00 (0.000e+00)	
2023-04-27 18:20:01,990 Epoch: [3][2100/4008]	Time: 0.272s (0.297s)	Speed: 58.9 samples/s	Data: 0.158s (0.122s)	Stage0-heatmaps: 3.484e-03 (2.503e-03)	Stage1-heatmaps: 1.062e-03 (7.611e-04)	Stage0-push: 2.557e-04 (1.899e-04)	Stage1-push: 0.000e+00 (0.000e+00)	Stage0-pull: 1.762e-05 (1.527e-05)	Stage1-pull: 0.000e+00 (0.000e+00)	
2023-04-27 18:20:30,344 Epoch: [3][2200/4008]	Time: 0.205s (0.296s)	Speed: 78.1 samples/s	Data: 0.000s (0.122s)	Stage0-heatmaps: 1.481e-03 (2.503e-03)	Stage1-heatmaps: 3.824e-04 (7.613e-04)	Stage0-push: 6.083e-05 (1.898e-04)	Stage1-push: 0.000e+00 (0.000e+00)	Stage0-pull: 1.403e-05 (1.534e-05)	Stage1-pull: 0.000e+00 (0.000e+00)	
2023-04-27 18:20:58,867 Epoch: [3][2300/4008]	Time: 0.275s (0.296s)	Speed: 58.2 samples/s	Data: 0.153s (0.121s)	Stage0-heatmaps: 1.895e-03 (2.502e-03)	Stage1-heatmaps: 5.963e-04 (7.610e-04)	Stage0-push: 1.056e-04 (1.900e-04)	Stage1-push: 0.000e+00 (0.000e+00)	Stage0-pull: 1.660e-05 (1.541e-05)	Stage1-pull: 0.000e+00 (0.000e+00)	
2023-04-27 18:21:29,534 Epoch: [3][2400/4008]	Time: 0.311s (0.296s)	Speed: 51.5 samples/s	Data: 0.199s (0.121s)	Stage0-heatmaps: 2.843e-03 (2.499e-03)	Stage1-heatmaps: 8.701e-04 (7.602e-04)	Stage0-push: 1.295e-04 (1.895e-04)	Stage1-push: 0.000e+00 (0.000e+00)	Stage0-pull: 2.825e-05 (1.546e-05)	Stage1-pull: 0.000e+00 (0.000e+00)	
2023-04-27 18:21:57,616 Epoch: [3][2500/4008]	Time: 0.429s (0.296s)	Speed: 37.3 samples/s	Data: 0.167s (0.121s)	Stage0-heatmaps: 3.529e-03 (2.504e-03)	Stage1-heatmaps: 1.149e-03 (7.621e-04)	Stage0-push: 1.702e-04 (1.899e-04)	Stage1-push: 0.000e+00 (0.000e+00)	Stage0-pull: 1.579e-05 (1.561e-05)	Stage1-pull: 0.000e+00 (0.000e+00)	
2023-04-27 18:22:24,388 Epoch: [3][2600/4008]	Time: 0.340s (0.295s)	Speed: 47.1 samples/s	Data: 0.199s (0.120s)	Stage0-heatmaps: 2.153e-03 (2.506e-03)	Stage1-heatmaps: 6.170e-04 (7.628e-04)	Stage0-push: 1.412e-04 (1.899e-04)	Stage1-push: 0.000e+00 (0.000e+00)	Stage0-pull: 1.459e-05 (1.569e-05)	Stage1-pull: 0.000e+00 (0.000e+00)	
2023-04-27 18:22:52,566 Epoch: [3][2700/4008]	Time: 0.257s (0.294s)	Speed: 62.2 samples/s	Data: 0.149s (0.120s)	Stage0-heatmaps: 2.435e-03 (2.507e-03)	Stage1-heatmaps: 7.079e-04 (7.638e-04)	Stage0-push: 2.000e-04 (1.901e-04)	Stage1-push: 0.000e+00 (0.000e+00)	Stage0-pull: 1.406e-05 (1.581e-05)	Stage1-pull: 0.000e+00 (0.000e+00)	
2023-04-27 18:23:21,465 Epoch: [3][2800/4008]	Time: 0.303s (0.294s)	Speed: 52.8 samples/s	Data: 0.191s (0.120s)	Stage0-heatmaps: 3.829e-03 (2.505e-03)	Stage1-heatmaps: 1.298e-03 (7.635e-04)	Stage0-push: 3.206e-04 (1.901e-04)	Stage1-push: 0.000e+00 (0.000e+00)	Stage0-pull: 1.892e-05 (1.590e-05)	Stage1-pull: 0.000e+00 (0.000e+00)	
2023-04-27 18:23:50,642 Epoch: [3][2900/4008]	Time: 0.375s (0.294s)	Speed: 42.6 samples/s	Data: 0.213s (0.120s)	Stage0-heatmaps: 3.115e-03 (2.501e-03)	Stage1-heatmaps: 8.908e-04 (7.622e-04)	Stage0-push: 3.050e-04 (1.900e-04)	Stage1-push: 0.000e+00 (0.000e+00)	Stage0-pull: 1.096e-05 (1.592e-05)	Stage1-pull: 0.000e+00 (0.000e+00)	
2023-04-27 18:24:19,773 Epoch: [3][3000/4008]	Time: 0.289s (0.294s)	Speed: 55.4 samples/s	Data: 0.176s (0.120s)	Stage0-heatmaps: 2.492e-03 (2.503e-03)	Stage1-heatmaps: 7.584e-04 (7.629e-04)	Stage0-push: 1.638e-04 (1.900e-04)	Stage1-push: 0.000e+00 (0.000e+00)	Stage0-pull: 5.850e-05 (1.601e-05)	Stage1-pull: 0.000e+00 (0.000e+00)	
2023-04-27 18:24:48,796 Epoch: [3][3100/4008]	Time: 0.253s (0.294s)	Speed: 63.2 samples/s	Data: 0.145s (0.119s)	Stage0-heatmaps: 2.583e-03 (2.507e-03)	Stage1-heatmaps: 8.234e-04 (7.642e-04)	Stage0-push: 1.496e-04 (1.901e-04)	Stage1-push: 0.000e+00 (0.000e+00)	Stage0-pull: 1.568e-05 (1.612e-05)	Stage1-pull: 0.000e+00 (0.000e+00)	
2023-04-27 18:25:17,592 Epoch: [3][3200/4008]	Time: 0.550s (0.293s)	Speed: 29.1 samples/s	Data: 0.381s (0.119s)	Stage0-heatmaps: 2.858e-03 (2.504e-03)	Stage1-heatmaps: 8.672e-04 (7.633e-04)	Stage0-push: 2.363e-04 (1.903e-04)	Stage1-push: 0.000e+00 (0.000e+00)	Stage0-pull: 2.712e-05 (1.618e-05)	Stage1-pull: 0.000e+00 (0.000e+00)	
2023-04-27 18:25:48,461 Epoch: [3][3300/4008]	Time: 0.252s (0.294s)	Speed: 63.6 samples/s	Data: 0.137s (0.119s)	Stage0-heatmaps: 2.205e-03 (2.502e-03)	Stage1-heatmaps: 6.634e-04 (7.629e-04)	Stage0-push: 2.017e-04 (1.901e-04)	Stage1-push: 0.000e+00 (0.000e+00)	Stage0-pull: 2.141e-05 (1.626e-05)	Stage1-pull: 0.000e+00 (0.000e+00)	
2023-04-27 18:26:16,568 Epoch: [3][3400/4008]	Time: 0.724s (0.294s)	Speed: 22.1 samples/s	Data: 0.465s (0.119s)	Stage0-heatmaps: 2.510e-03 (2.504e-03)	Stage1-heatmaps: 8.000e-04 (7.636e-04)	Stage0-push: 2.271e-04 (1.902e-04)	Stage1-push: 0.000e+00 (0.000e+00)	Stage0-pull: 2.201e-05 (1.629e-05)	Stage1-pull: 0.000e+00 (0.000e+00)	
2023-04-27 18:26:43,301 Epoch: [3][3500/4008]	Time: 0.408s (0.293s)	Speed: 39.2 samples/s	Data: 0.290s (0.118s)	Stage0-heatmaps: 3.052e-03 (2.502e-03)	Stage1-heatmaps: 9.905e-04 (7.630e-04)	Stage0-push: 1.980e-04 (1.901e-04)	Stage1-push: 0.000e+00 (0.000e+00)	Stage0-pull: 1.739e-05 (1.636e-05)	Stage1-pull: 0.000e+00 (0.000e+00)	
2023-04-27 18:27:11,772 Epoch: [3][3600/4008]	Time: 0.323s (0.293s)	Speed: 49.5 samples/s	Data: 0.212s (0.118s)	Stage0-heatmaps: 2.605e-03 (2.497e-03)	Stage1-heatmaps: 7.991e-04 (7.614e-04)	Stage0-push: 1.918e-04 (1.899e-04)	Stage1-push: 0.000e+00 (0.000e+00)	Stage0-pull: 1.831e-05 (1.635e-05)	Stage1-pull: 0.000e+00 (0.000e+00)	
2023-04-27 18:27:40,264 Epoch: [3][3700/4008]	Time: 0.239s (0.292s)	Speed: 67.0 samples/s	Data: 0.131s (0.118s)	Stage0-heatmaps: 2.817e-03 (2.496e-03)	Stage1-heatmaps: 9.245e-04 (7.611e-04)	Stage0-push: 2.749e-04 (1.899e-04)	Stage1-push: 0.000e+00 (0.000e+00)	Stage0-pull: 1.536e-05 (1.636e-05)	Stage1-pull: 0.000e+00 (0.000e+00)	
2023-04-27 18:28:08,046 Epoch: [3][3800/4008]	Time: 0.206s (0.292s)	Speed: 77.7 samples/s	Data: 0.084s (0.118s)	Stage0-heatmaps: 2.717e-03 (2.494e-03)	Stage1-heatmaps: 8.226e-04 (7.605e-04)	Stage0-push: 1.895e-04 (1.900e-04)	Stage1-push: 0.000e+00 (0.000e+00)	Stage0-pull: 1.427e-05 (1.636e-05)	Stage1-pull: 0.000e+00 (0.000e+00)	
2023-04-27 18:28:36,043 Epoch: [3][3900/4008]	Time: 0.332s (0.292s)	Speed: 48.2 samples/s	Data: 0.151s (0.118s)	Stage0-heatmaps: 2.604e-03 (2.492e-03)	Stage1-heatmaps: 8.357e-04 (7.598e-04)	Stage0-push: 1.569e-04 (1.898e-04)	Stage1-push: 0.000e+00 (0.000e+00)	Stage0-pull: 1.743e-05 (1.637e-05)	Stage1-pull: 0.000e+00 (0.000e+00)	
2023-04-27 18:29:04,316 Epoch: [3][4000/4008]	Time: 0.563s (0.291s)	Speed: 28.4 samples/s	Data: 0.348s (0.118s)	Stage0-heatmaps: 1.719e-03 (2.490e-03)	Stage1-heatmaps: 5.173e-04 (7.592e-04)	Stage0-push: 1.856e-04 (1.898e-04)	Stage1-push: 0.000e+00 (0.000e+00)	Stage0-pull: 1.073e-05 (1.638e-05)	Stage1-pull: 0.000e+00 (0.000e+00)	
2023-04-27 18:29:14,422 => saving checkpoint to output/coco_kpt/pose_transmobilenet/mobile
2023-04-27 18:29:39,053 Epoch: [4][0/4008]	Time: 24.296s (24.296s)	Speed: 0.7 samples/s	Data: 24.151s (24.151s)	Stage0-heatmaps: 2.589e-03 (2.589e-03)	Stage1-heatmaps: 7.922e-04 (7.922e-04)	Stage0-push: 1.960e-04 (1.960e-04)	Stage1-push: 0.000e+00 (0.000e+00)	Stage0-pull: 1.194e-05 (1.194e-05)	Stage1-pull: 0.000e+00 (0.000e+00)	
2023-04-27 18:30:07,690 Epoch: [4][100/4008]	Time: 0.233s (0.524s)	Speed: 68.7 samples/s	Data: 0.122s (0.351s)	Stage0-heatmaps: 2.320e-03 (2.338e-03)	Stage1-heatmaps: 7.156e-04 (7.162e-04)	Stage0-push: 8.238e-05 (1.814e-04)	Stage1-push: 0.000e+00 (0.000e+00)	Stage0-pull: 1.749e-05 (1.803e-05)	Stage1-pull: 0.000e+00 (0.000e+00)	
2023-04-27 18:30:38,219 Epoch: [4][200/4008]	Time: 0.275s (0.415s)	Speed: 58.2 samples/s	Data: 0.155s (0.237s)	Stage0-heatmaps: 2.200e-03 (2.366e-03)	Stage1-heatmaps: 6.911e-04 (7.248e-04)	Stage0-push: 1.780e-04 (1.872e-04)	Stage1-push: 0.000e+00 (0.000e+00)	Stage0-pull: 1.294e-05 (1.724e-05)	Stage1-pull: 0.000e+00 (0.000e+00)	
2023-04-27 18:31:05,681 Epoch: [4][300/4008]	Time: 0.377s (0.368s)	Speed: 42.4 samples/s	Data: 0.168s (0.197s)	Stage0-heatmaps: 2.531e-03 (2.370e-03)	Stage1-heatmaps: 7.388e-04 (7.248e-04)	Stage0-push: 1.615e-04 (1.853e-04)	Stage1-push: 0.000e+00 (0.000e+00)	Stage0-pull: 1.290e-05 (1.730e-05)	Stage1-pull: 0.000e+00 (0.000e+00)	
2023-04-27 18:31:34,354 Epoch: [4][400/4008]	Time: 0.215s (0.348s)	Speed: 74.3 samples/s	Data: 0.000s (0.176s)	Stage0-heatmaps: 1.996e-03 (2.381e-03)	Stage1-heatmaps: 5.146e-04 (7.272e-04)	Stage0-push: 1.989e-04 (1.847e-04)	Stage1-push: 0.000e+00 (0.000e+00)	Stage0-pull: 1.724e-05 (1.749e-05)	Stage1-pull: 0.000e+00 (0.000e+00)	
2023-04-27 18:32:03,045 Epoch: [4][500/4008]	Time: 0.251s (0.336s)	Speed: 63.7 samples/s	Data: 0.134s (0.164s)	Stage0-heatmaps: 2.532e-03 (2.374e-03)	Stage1-heatmaps: 7.679e-04 (7.245e-04)	Stage0-push: 2.269e-04 (1.852e-04)	Stage1-push: 0.000e+00 (0.000e+00)	Stage0-pull: 1.030e-05 (1.748e-05)	Stage1-pull: 0.000e+00 (0.000e+00)	
2023-04-27 18:32:31,871 Epoch: [4][600/4008]	Time: 0.367s (0.328s)	Speed: 43.6 samples/s	Data: 0.231s (0.155s)	Stage0-heatmaps: 1.755e-03 (2.365e-03)	Stage1-heatmaps: 5.176e-04 (7.218e-04)	Stage0-push: 1.773e-04 (1.846e-04)	Stage1-push: 0.000e+00 (0.000e+00)	Stage0-pull: 1.616e-05 (1.756e-05)	Stage1-pull: 0.000e+00 (0.000e+00)	
2023-04-27 18:33:01,347 Epoch: [4][700/4008]	Time: 0.364s (0.323s)	Speed: 44.0 samples/s	Data: 0.244s (0.149s)	Stage0-heatmaps: 2.605e-03 (2.389e-03)	Stage1-heatmaps: 7.963e-04 (7.299e-04)	Stage0-push: 3.193e-04 (1.859e-04)	Stage1-push: 0.000e+00 (0.000e+00)	Stage0-pull: 1.190e-05 (1.756e-05)	Stage1-pull: 0.000e+00 (0.000e+00)	
2023-04-27 18:33:29,847 Epoch: [4][800/4008]	Time: 0.340s (0.318s)	Speed: 47.1 samples/s	Data: 0.204s (0.145s)	Stage0-heatmaps: 2.588e-03 (2.414e-03)	Stage1-heatmaps: 7.681e-04 (7.356e-04)	Stage0-push: 1.881e-04 (1.867e-04)	Stage1-push: 0.000e+00 (0.000e+00)	Stage0-pull: 1.409e-05 (1.778e-05)	Stage1-pull: 0.000e+00 (0.000e+00)	
2023-04-27 18:33:58,158 Epoch: [4][900/4008]	Time: 0.265s (0.315s)	Speed: 60.5 samples/s	Data: 0.131s (0.141s)	Stage0-heatmaps: 2.317e-03 (2.416e-03)	Stage1-heatmaps: 6.792e-04 (7.361e-04)	Stage0-push: 1.739e-04 (1.868e-04)	Stage1-push: 0.000e+00 (0.000e+00)	Stage0-pull: 1.527e-05 (1.764e-05)	Stage1-pull: 0.000e+00 (0.000e+00)	
2023-04-27 18:34:26,929 Epoch: [4][1000/4008]	Time: 0.650s (0.312s)	Speed: 24.6 samples/s	Data: 0.471s (0.138s)	Stage0-heatmaps: 2.349e-03 (2.423e-03)	Stage1-heatmaps: 7.513e-04 (7.387e-04)	Stage0-push: 1.970e-04 (1.873e-04)	Stage1-push: 0.000e+00 (0.000e+00)	Stage0-pull: 1.193e-05 (1.755e-05)	Stage1-pull: 0.000e+00 (0.000e+00)	
2023-04-27 18:34:57,768 Epoch: [4][1100/4008]	Time: 0.247s (0.312s)	Speed: 64.7 samples/s	Data: 0.136s (0.137s)	Stage0-heatmaps: 1.949e-03 (2.430e-03)	Stage1-heatmaps: 5.841e-04 (7.413e-04)	Stage0-push: 1.585e-04 (1.873e-04)	Stage1-push: 0.000e+00 (0.000e+00)	Stage0-pull: 1.657e-05 (1.753e-05)	Stage1-pull: 0.000e+00 (0.000e+00)	
2023-04-27 18:35:26,293 Epoch: [4][1200/4008]	Time: 0.538s (0.309s)	Speed: 29.7 samples/s	Data: 0.390s (0.136s)	Stage0-heatmaps: 4.173e-03 (2.427e-03)	Stage1-heatmaps: 1.263e-03 (7.403e-04)	Stage0-push: 2.435e-04 (1.874e-04)	Stage1-push: 0.000e+00 (0.000e+00)	Stage0-pull: 1.525e-05 (1.760e-05)	Stage1-pull: 0.000e+00 (0.000e+00)	
2023-04-27 18:35:54,387 Epoch: [4][1300/4008]	Time: 0.606s (0.307s)	Speed: 26.4 samples/s	Data: 0.415s (0.133s)	Stage0-heatmaps: 3.177e-03 (2.427e-03)	Stage1-heatmaps: 1.106e-03 (7.408e-04)	Stage0-push: 2.667e-04 (1.870e-04)	Stage1-push: 0.000e+00 (0.000e+00)	Stage0-pull: 1.770e-05 (1.744e-05)	Stage1-pull: 0.000e+00 (0.000e+00)	
2023-04-27 18:36:23,149 Epoch: [4][1400/4008]	Time: 0.224s (0.306s)	Speed: 71.4 samples/s	Data: 0.112s (0.132s)	Stage0-heatmaps: 1.844e-03 (2.422e-03)	Stage1-heatmaps: 5.270e-04 (7.393e-04)	Stage0-push: 1.146e-04 (1.868e-04)	Stage1-push: 0.000e+00 (0.000e+00)	Stage0-pull: 7.185e-06 (1.741e-05)	Stage1-pull: 0.000e+00 (0.000e+00)	
2023-04-27 18:36:52,357 Epoch: [4][1500/4008]	Time: 0.205s (0.305s)	Speed: 77.9 samples/s	Data: 0.000s (0.131s)	Stage0-heatmaps: 2.048e-03 (2.415e-03)	Stage1-heatmaps: 5.806e-04 (7.367e-04)	Stage0-push: 1.076e-04 (1.864e-04)	Stage1-push: 0.000e+00 (0.000e+00)	Stage0-pull: 1.195e-05 (1.727e-05)	Stage1-pull: 0.000e+00 (0.000e+00)	
2023-04-27 18:37:21,218 Epoch: [4][1600/4008]	Time: 0.192s (0.304s)	Speed: 83.2 samples/s	Data: 0.000s (0.130s)	Stage0-heatmaps: 2.513e-03 (2.414e-03)	Stage1-heatmaps: 7.830e-04 (7.369e-04)	Stage0-push: 1.385e-04 (1.865e-04)	Stage1-push: 0.000e+00 (0.000e+00)	Stage0-pull: 1.960e-05 (1.725e-05)	Stage1-pull: 0.000e+00 (0.000e+00)	
2023-04-27 18:37:50,609 Epoch: [4][1700/4008]	Time: 0.323s (0.303s)	Speed: 49.5 samples/s	Data: 0.205s (0.129s)	Stage0-heatmaps: 4.154e-03 (2.419e-03)	Stage1-heatmaps: 1.346e-03 (7.388e-04)	Stage0-push: 2.604e-04 (1.866e-04)	Stage1-push: 0.000e+00 (0.000e+00)	Stage0-pull: 2.353e-05 (1.731e-05)	Stage1-pull: 0.000e+00 (0.000e+00)	
2023-04-27 18:38:19,735 Epoch: [4][1800/4008]	Time: 0.216s (0.303s)	Speed: 74.1 samples/s	Data: 0.102s (0.128s)	Stage0-heatmaps: 2.451e-03 (2.414e-03)	Stage1-heatmaps: 7.151e-04 (7.370e-04)	Stage0-push: 2.954e-04 (1.861e-04)	Stage1-push: 0.000e+00 (0.000e+00)	Stage0-pull: 2.137e-05 (1.725e-05)	Stage1-pull: 0.000e+00 (0.000e+00)	
2023-04-27 18:38:48,783 Epoch: [4][1900/4008]	Time: 0.280s (0.302s)	Speed: 57.1 samples/s	Data: 0.169s (0.127s)	Stage0-heatmaps: 1.631e-03 (2.407e-03)	Stage1-heatmaps: 5.011e-04 (7.346e-04)	Stage0-push: 1.295e-04 (1.858e-04)	Stage1-push: 0.000e+00 (0.000e+00)	Stage0-pull: 3.320e-05 (1.726e-05)	Stage1-pull: 0.000e+00 (0.000e+00)	
2023-04-27 18:39:17,749 Epoch: [4][2000/4008]	Time: 0.691s (0.301s)	Speed: 23.1 samples/s	Data: 0.502s (0.127s)	Stage0-heatmaps: 3.297e-03 (2.411e-03)	Stage1-heatmaps: 1.027e-03 (7.358e-04)	Stage0-push: 2.118e-04 (1.858e-04)	Stage1-push: 0.000e+00 (0.000e+00)	Stage0-pull: 1.984e-05 (1.740e-05)	Stage1-pull: 0.000e+00 (0.000e+00)	
2023-04-27 18:39:47,955 Epoch: [4][2100/4008]	Time: 0.575s (0.301s)	Speed: 27.8 samples/s	Data: 0.380s (0.126s)	Stage0-heatmaps: 2.985e-03 (2.408e-03)	Stage1-heatmaps: 9.195e-04 (7.354e-04)	Stage0-push: 2.358e-04 (1.858e-04)	Stage1-push: 0.000e+00 (0.000e+00)	Stage0-pull: 1.033e-05 (1.742e-05)	Stage1-pull: 0.000e+00 (0.000e+00)	
2023-04-27 18:40:15,944 Epoch: [4][2200/4008]	Time: 0.427s (0.300s)	Speed: 37.5 samples/s	Data: 0.204s (0.125s)	Stage0-heatmaps: 1.405e-03 (2.407e-03)	Stage1-heatmaps: 3.742e-04 (7.353e-04)	Stage0-push: 6.236e-05 (1.857e-04)	Stage1-push: 0.000e+00 (0.000e+00)	Stage0-pull: 9.258e-06 (1.746e-05)	Stage1-pull: 0.000e+00 (0.000e+00)	
2023-04-27 18:40:44,395 Epoch: [4][2300/4008]	Time: 0.257s (0.300s)	Speed: 62.4 samples/s	Data: 0.140s (0.124s)	Stage0-heatmaps: 1.661e-03 (2.405e-03)	Stage1-heatmaps: 4.953e-04 (7.346e-04)	Stage0-push: 1.116e-04 (1.859e-04)	Stage1-push: 0.000e+00 (0.000e+00)	Stage0-pull: 2.090e-05 (1.750e-05)	Stage1-pull: 0.000e+00 (0.000e+00)	
2023-04-27 18:41:13,131 Epoch: [4][2400/4008]	Time: 0.292s (0.299s)	Speed: 54.8 samples/s	Data: 0.164s (0.124s)	Stage0-heatmaps: 2.379e-03 (2.402e-03)	Stage1-heatmaps: 7.562e-04 (7.338e-04)	Stage0-push: 1.217e-04 (1.855e-04)	Stage1-push: 0.000e+00 (0.000e+00)	Stage0-pull: 1.307e-05 (1.750e-05)	Stage1-pull: 0.000e+00 (0.000e+00)	
2023-04-27 18:41:42,201 Epoch: [4][2500/4008]	Time: 0.267s (0.299s)	Speed: 60.0 samples/s	Data: 0.159s (0.124s)	Stage0-heatmaps: 3.481e-03 (2.407e-03)	Stage1-heatmaps: 1.114e-03 (7.350e-04)	Stage0-push: 1.763e-04 (1.857e-04)	Stage1-push: 0.000e+00 (0.000e+00)	Stage0-pull: 1.639e-05 (1.757e-05)	Stage1-pull: 0.000e+00 (0.000e+00)	
2023-04-27 18:42:10,736 Epoch: [4][2600/4008]	Time: 0.205s (0.298s)	Speed: 78.1 samples/s	Data: 0.000s (0.123s)	Stage0-heatmaps: 2.311e-03 (2.409e-03)	Stage1-heatmaps: 6.573e-04 (7.356e-04)	Stage0-push: 1.499e-04 (1.858e-04)	Stage1-push: 0.000e+00 (0.000e+00)	Stage0-pull: 8.779e-06 (1.759e-05)	Stage1-pull: 0.000e+00 (0.000e+00)	
2023-04-27 18:42:39,739 Epoch: [4][2700/4008]	Time: 0.203s (0.298s)	Speed: 78.7 samples/s	Data: 0.000s (0.123s)	Stage0-heatmaps: 2.093e-03 (2.410e-03)	Stage1-heatmaps: 5.994e-04 (7.366e-04)	Stage0-push: 1.864e-04 (1.861e-04)	Stage1-push: 0.000e+00 (0.000e+00)	Stage0-pull: 1.365e-05 (1.765e-05)	Stage1-pull: 0.000e+00 (0.000e+00)	
2023-04-27 18:43:08,308 Epoch: [4][2800/4008]	Time: 0.598s (0.298s)	Speed: 26.7 samples/s	Data: 0.415s (0.123s)	Stage0-heatmaps: 4.007e-03 (2.409e-03)	Stage1-heatmaps: 1.330e-03 (7.363e-04)	Stage0-push: 2.961e-04 (1.863e-04)	Stage1-push: 0.000e+00 (0.000e+00)	Stage0-pull: 2.040e-05 (1.767e-05)	Stage1-pull: 0.000e+00 (0.000e+00)	
2023-04-27 18:43:36,514 Epoch: [4][2900/4008]	Time: 0.456s (0.297s)	Speed: 35.1 samples/s	Data: 0.246s (0.122s)	Stage0-heatmaps: 2.763e-03 (2.405e-03)	Stage1-heatmaps: 8.164e-04 (7.351e-04)	Stage0-push: 2.980e-04 (1.862e-04)	Stage1-push: 0.000e+00 (0.000e+00)	Stage0-pull: 1.635e-05 (1.768e-05)	Stage1-pull: 0.000e+00 (0.000e+00)	
2023-04-27 18:44:06,629 Epoch: [4][3000/4008]	Time: 0.272s (0.297s)	Speed: 58.7 samples/s	Data: 0.129s (0.122s)	Stage0-heatmaps: 2.362e-03 (2.407e-03)	Stage1-heatmaps: 6.936e-04 (7.360e-04)	Stage0-push: 1.791e-04 (1.863e-04)	Stage1-push: 0.000e+00 (0.000e+00)	Stage0-pull: 2.015e-05 (1.771e-05)	Stage1-pull: 0.000e+00 (0.000e+00)	
2023-04-27 18:44:36,209 Epoch: [4][3100/4008]	Time: 0.306s (0.297s)	Speed: 52.4 samples/s	Data: 0.174s (0.122s)	Stage0-heatmaps: 2.470e-03 (2.409e-03)	Stage1-heatmaps: 7.972e-04 (7.367e-04)	Stage0-push: 1.521e-04 (1.864e-04)	Stage1-push: 0.000e+00 (0.000e+00)	Stage0-pull: 2.143e-05 (1.776e-05)	Stage1-pull: 0.000e+00 (0.000e+00)	
2023-04-27 18:45:05,697 Epoch: [4][3200/4008]	Time: 0.267s (0.297s)	Speed: 60.0 samples/s	Data: 0.154s (0.122s)	Stage0-heatmaps: 2.397e-03 (2.407e-03)	Stage1-heatmaps: 7.349e-04 (7.361e-04)	Stage0-push: 2.537e-04 (1.865e-04)	Stage1-push: 0.000e+00 (0.000e+00)	Stage0-pull: 2.276e-05 (1.782e-05)	Stage1-pull: 0.000e+00 (0.000e+00)	
2023-04-27 18:45:35,114 Epoch: [4][3300/4008]	Time: 0.327s (0.297s)	Speed: 49.0 samples/s	Data: 0.165s (0.122s)	Stage0-heatmaps: 2.024e-03 (2.406e-03)	Stage1-heatmaps: 6.326e-04 (7.360e-04)	Stage0-push: 1.821e-04 (1.864e-04)	Stage1-push: 0.000e+00 (0.000e+00)	Stage0-pull: 2.493e-05 (1.785e-05)	Stage1-pull: 0.000e+00 (0.000e+00)	
2023-04-27 18:46:03,355 Epoch: [4][3400/4008]	Time: 0.294s (0.297s)	Speed: 54.4 samples/s	Data: 0.181s (0.122s)	Stage0-heatmaps: 2.404e-03 (2.407e-03)	Stage1-heatmaps: 7.689e-04 (7.362e-04)	Stage0-push: 2.356e-04 (1.865e-04)	Stage1-push: 0.000e+00 (0.000e+00)	Stage0-pull: 2.777e-05 (1.785e-05)	Stage1-pull: 0.000e+00 (0.000e+00)	
2023-04-27 18:46:31,969 Epoch: [4][3500/4008]	Time: 0.337s (0.296s)	Speed: 47.5 samples/s	Data: 0.218s (0.122s)	Stage0-heatmaps: 2.823e-03 (2.405e-03)	Stage1-heatmaps: 8.961e-04 (7.356e-04)	Stage0-push: 1.953e-04 (1.864e-04)	Stage1-push: 0.000e+00 (0.000e+00)	Stage0-pull: 5.847e-05 (1.788e-05)	Stage1-pull: 0.000e+00 (0.000e+00)	
2023-04-27 18:47:01,793 Epoch: [4][3600/4008]	Time: 0.385s (0.296s)	Speed: 41.5 samples/s	Data: 0.272s (0.122s)	Stage0-heatmaps: 2.284e-03 (2.401e-03)	Stage1-heatmaps: 7.471e-04 (7.342e-04)	Stage0-push: 1.892e-04 (1.864e-04)	Stage1-push: 0.000e+00 (0.000e+00)	Stage0-pull: 2.173e-05 (1.786e-05)	Stage1-pull: 0.000e+00 (0.000e+00)	
2023-04-27 18:47:30,756 Epoch: [4][3700/4008]	Time: 0.299s (0.296s)	Speed: 53.5 samples/s	Data: 0.149s (0.121s)	Stage0-heatmaps: 2.413e-03 (2.400e-03)	Stage1-heatmaps: 7.713e-04 (7.341e-04)	Stage0-push: 2.718e-04 (1.864e-04)	Stage1-push: 0.000e+00 (0.000e+00)	Stage0-pull: 1.018e-05 (1.787e-05)	Stage1-pull: 0.000e+00 (0.000e+00)	
2023-04-27 18:47:57,874 Epoch: [4][3800/4008]	Time: 0.219s (0.295s)	Speed: 73.0 samples/s	Data: 0.098s (0.121s)	Stage0-heatmaps: 2.215e-03 (2.399e-03)	Stage1-heatmaps: 6.841e-04 (7.337e-04)	Stage0-push: 1.813e-04 (1.864e-04)	Stage1-push: 0.000e+00 (0.000e+00)	Stage0-pull: 1.435e-05 (1.787e-05)	Stage1-pull: 0.000e+00 (0.000e+00)	
2023-04-27 18:48:28,498 Epoch: [4][3900/4008]	Time: 0.183s (0.296s)	Speed: 87.5 samples/s	Data: 0.001s (0.121s)	Stage0-heatmaps: 2.611e-03 (2.397e-03)	Stage1-heatmaps: 8.052e-04 (7.332e-04)	Stage0-push: 1.596e-04 (1.864e-04)	Stage1-push: 0.000e+00 (0.000e+00)	Stage0-pull: 2.148e-05 (1.790e-05)	Stage1-pull: 0.000e+00 (0.000e+00)	
2023-04-27 18:48:56,873 Epoch: [4][4000/4008]	Time: 0.165s (0.295s)	Speed: 97.2 samples/s	Data: 0.006s (0.121s)	Stage0-heatmaps: 1.916e-03 (2.395e-03)	Stage1-heatmaps: 5.478e-04 (7.327e-04)	Stage0-push: 1.964e-04 (1.864e-04)	Stage1-push: 0.000e+00 (0.000e+00)	Stage0-pull: 1.746e-05 (1.789e-05)	Stage1-pull: 0.000e+00 (0.000e+00)	
2023-04-27 18:49:08,542 => saving checkpoint to output/coco_kpt/pose_transmobilenet/mobile
2023-04-27 18:49:32,940 Epoch: [5][0/4008]	Time: 23.966s (23.966s)	Speed: 0.7 samples/s	Data: 23.821s (23.821s)	Stage0-heatmaps: 2.523e-03 (2.523e-03)	Stage1-heatmaps: 7.686e-04 (7.686e-04)	Stage0-push: 2.048e-04 (2.048e-04)	Stage1-push: 0.000e+00 (0.000e+00)	Stage0-pull: 1.808e-05 (1.808e-05)	Stage1-pull: 0.000e+00 (0.000e+00)	
2023-04-27 18:50:00,935 Epoch: [5][100/4008]	Time: 0.189s (0.514s)	Speed: 84.7 samples/s	Data: 0.000s (0.345s)	Stage0-heatmaps: 2.396e-03 (2.281e-03)	Stage1-heatmaps: 7.264e-04 (7.010e-04)	Stage0-push: 1.154e-04 (1.791e-04)	Stage1-push: 0.000e+00 (0.000e+00)	Stage0-pull: 1.142e-05 (1.842e-05)	Stage1-pull: 0.000e+00 (0.000e+00)	
2023-04-27 18:50:30,736 Epoch: [5][200/4008]	Time: 0.686s (0.407s)	Speed: 23.3 samples/s	Data: 0.461s (0.224s)	Stage0-heatmaps: 2.096e-03 (2.296e-03)	Stage1-heatmaps: 6.320e-04 (7.064e-04)	Stage0-push: 1.659e-04 (1.847e-04)	Stage1-push: 0.000e+00 (0.000e+00)	Stage0-pull: 1.351e-05 (1.810e-05)	Stage1-pull: 0.000e+00 (0.000e+00)	
2023-04-27 18:50:59,324 Epoch: [5][300/4008]	Time: 0.201s (0.367s)	Speed: 79.4 samples/s	Data: 0.000s (0.185s)	Stage0-heatmaps: 2.275e-03 (2.311e-03)	Stage1-heatmaps: 6.892e-04 (7.091e-04)	Stage0-push: 1.522e-04 (1.824e-04)	Stage1-push: 0.000e+00 (0.000e+00)	Stage0-pull: 1.590e-05 (1.813e-05)	Stage1-pull: 0.000e+00 (0.000e+00)	
2023-04-27 18:51:28,464 Epoch: [5][400/4008]	Time: 0.226s (0.348s)	Speed: 70.9 samples/s	Data: 0.004s (0.167s)	Stage0-heatmaps: 1.904e-03 (2.318e-03)	Stage1-heatmaps: 5.436e-04 (7.110e-04)	Stage0-push: 1.944e-04 (1.823e-04)	Stage1-push: 0.000e+00 (0.000e+00)	Stage0-pull: 1.816e-05 (1.825e-05)	Stage1-pull: 0.000e+00 (0.000e+00)	
2023-04-27 18:51:57,733 Epoch: [5][500/4008]	Time: 0.232s (0.337s)	Speed: 69.1 samples/s	Data: 0.095s (0.157s)	Stage0-heatmaps: 2.423e-03 (2.309e-03)	Stage1-heatmaps: 7.741e-04 (7.081e-04)	Stage0-push: 2.314e-04 (1.827e-04)	Stage1-push: 0.000e+00 (0.000e+00)	Stage0-pull: 1.255e-05 (1.841e-05)	Stage1-pull: 0.000e+00 (0.000e+00)	
2023-04-27 18:52:27,394 Epoch: [5][600/4008]	Time: 0.435s (0.330s)	Speed: 36.8 samples/s	Data: 0.263s (0.150s)	Stage0-heatmaps: 1.845e-03 (2.301e-03)	Stage1-heatmaps: 5.332e-04 (7.051e-04)	Stage0-push: 1.836e-04 (1.821e-04)	Stage1-push: 0.000e+00 (0.000e+00)	Stage0-pull: 1.998e-05 (1.854e-05)	Stage1-pull: 0.000e+00 (0.000e+00)	
2023-04-27 18:52:59,544 Epoch: [5][700/4008]	Time: 0.326s (0.329s)	Speed: 49.1 samples/s	Data: 0.214s (0.147s)	Stage0-heatmaps: 2.192e-03 (2.328e-03)	Stage1-heatmaps: 7.269e-04 (7.132e-04)	Stage0-push: 2.783e-04 (1.840e-04)	Stage1-push: 0.000e+00 (0.000e+00)	Stage0-pull: 2.097e-05 (1.843e-05)	Stage1-pull: 0.000e+00 (0.000e+00)	
2023-04-27 18:53:28,668 Epoch: [5][800/4008]	Time: 0.329s (0.324s)	Speed: 48.7 samples/s	Data: 0.194s (0.142s)	Stage0-heatmaps: 2.378e-03 (2.334e-03)	Stage1-heatmaps: 7.166e-04 (7.147e-04)	Stage0-push: 2.124e-04 (1.843e-04)	Stage1-push: 0.000e+00 (0.000e+00)	Stage0-pull: 1.740e-05 (1.846e-05)	Stage1-pull: 0.000e+00 (0.000e+00)	
2023-04-27 18:53:57,663 Epoch: [5][900/4008]	Time: 0.228s (0.320s)	Speed: 70.2 samples/s	Data: 0.116s (0.139s)	Stage0-heatmaps: 2.020e-03 (2.330e-03)	Stage1-heatmaps: 6.106e-04 (7.142e-04)	Stage0-push: 1.644e-04 (1.846e-04)	Stage1-push: 0.000e+00 (0.000e+00)	Stage0-pull: 2.641e-05 (1.843e-05)	Stage1-pull: 0.000e+00 (0.000e+00)	
2023-04-27 18:54:26,186 Epoch: [5][1000/4008]	Time: 0.522s (0.317s)	Speed: 30.7 samples/s	Data: 0.393s (0.136s)	Stage0-heatmaps: 2.199e-03 (2.336e-03)	Stage1-heatmaps: 7.054e-04 (7.165e-04)	Stage0-push: 1.893e-04 (1.855e-04)	Stage1-push: 0.000e+00 (0.000e+00)	Stage0-pull: 1.269e-05 (1.851e-05)	Stage1-pull: 0.000e+00 (0.000e+00)	
2023-04-27 18:54:53,503 Epoch: [5][1100/4008]	Time: 0.312s (0.313s)	Speed: 51.2 samples/s	Data: 0.114s (0.133s)	Stage0-heatmaps: 2.194e-03 (2.340e-03)	Stage1-heatmaps: 6.077e-04 (7.186e-04)	Stage0-push: 1.423e-04 (1.853e-04)	Stage1-push: 0.000e+00 (0.000e+00)	Stage0-pull: 1.309e-05 (1.851e-05)	Stage1-pull: 0.000e+00 (0.000e+00)	
2023-04-27 18:55:22,385 Epoch: [5][1200/4008]	Time: 0.222s (0.311s)	Speed: 72.0 samples/s	Data: 0.002s (0.132s)	Stage0-heatmaps: 2.931e-03 (2.337e-03)	Stage1-heatmaps: 9.433e-04 (7.173e-04)	Stage0-push: 2.003e-04 (1.855e-04)	Stage1-push: 0.000e+00 (0.000e+00)	Stage0-pull: 2.137e-05 (1.851e-05)	Stage1-pull: 0.000e+00 (0.000e+00)	
2023-04-27 18:55:51,634 Epoch: [5][1300/4008]	Time: 0.224s (0.309s)	Speed: 71.5 samples/s	Data: 0.000s (0.130s)	Stage0-heatmaps: 3.441e-03 (2.334e-03)	Stage1-heatmaps: 1.169e-03 (7.170e-04)	Stage0-push: 2.905e-04 (1.850e-04)	Stage1-push: 0.000e+00 (0.000e+00)	Stage0-pull: 1.946e-05 (1.839e-05)	Stage1-pull: 0.000e+00 (0.000e+00)	
2023-04-27 18:56:20,959 Epoch: [5][1400/4008]	Time: 0.257s (0.308s)	Speed: 62.3 samples/s	Data: 0.000s (0.129s)	Stage0-heatmaps: 1.855e-03 (2.327e-03)	Stage1-heatmaps: 5.306e-04 (7.153e-04)	Stage0-push: 1.112e-04 (1.845e-04)	Stage1-push: 0.000e+00 (0.000e+00)	Stage0-pull: 8.676e-06 (1.830e-05)	Stage1-pull: 0.000e+00 (0.000e+00)	
2023-04-27 18:56:50,553 Epoch: [5][1500/4008]	Time: 0.256s (0.308s)	Speed: 62.6 samples/s	Data: 0.000s (0.128s)	Stage0-heatmaps: 2.173e-03 (2.319e-03)	Stage1-heatmaps: 6.443e-04 (7.126e-04)	Stage0-push: 1.282e-04 (1.841e-04)	Stage1-push: 0.000e+00 (0.000e+00)	Stage0-pull: 1.117e-05 (1.821e-05)	Stage1-pull: 0.000e+00 (0.000e+00)	
2023-04-27 18:57:22,552 Epoch: [5][1600/4008]	Time: 0.239s (0.308s)	Speed: 66.9 samples/s	Data: 0.000s (0.129s)	Stage0-heatmaps: 2.241e-03 (2.318e-03)	Stage1-heatmaps: 7.027e-04 (7.126e-04)	Stage0-push: 1.284e-04 (1.839e-04)	Stage1-push: 0.000e+00 (0.000e+00)	Stage0-pull: 1.627e-05 (1.828e-05)	Stage1-pull: 0.000e+00 (0.000e+00)	
2023-04-27 18:57:52,270 Epoch: [5][1700/4008]	Time: 0.247s (0.308s)	Speed: 64.8 samples/s	Data: 0.000s (0.129s)	Stage0-heatmaps: 4.006e-03 (2.324e-03)	Stage1-heatmaps: 1.282e-03 (7.146e-04)	Stage0-push: 2.574e-04 (1.842e-04)	Stage1-push: 0.000e+00 (0.000e+00)	Stage0-pull: 1.973e-05 (1.831e-05)	Stage1-pull: 0.000e+00 (0.000e+00)	
2023-04-27 18:58:20,711 Epoch: [5][1800/4008]	Time: 0.217s (0.306s)	Speed: 73.7 samples/s	Data: 0.000s (0.128s)	Stage0-heatmaps: 2.141e-03 (2.318e-03)	Stage1-heatmaps: 6.422e-04 (7.125e-04)	Stage0-push: 2.328e-04 (1.839e-04)	Stage1-push: 0.000e+00 (0.000e+00)	Stage0-pull: 2.295e-05 (1.823e-05)	Stage1-pull: 0.000e+00 (0.000e+00)	
2023-04-27 18:58:48,162 Epoch: [5][1900/4008]	Time: 0.406s (0.305s)	Speed: 39.4 samples/s	Data: 0.172s (0.127s)	Stage0-heatmaps: 1.632e-03 (2.312e-03)	Stage1-heatmaps: 4.994e-04 (7.103e-04)	Stage0-push: 1.281e-04 (1.835e-04)	Stage1-push: 0.000e+00 (0.000e+00)	Stage0-pull: 2.475e-05 (1.819e-05)	Stage1-pull: 0.000e+00 (0.000e+00)	
2023-04-27 18:59:16,703 Epoch: [5][2000/4008]	Time: 0.200s (0.304s)	Speed: 79.9 samples/s	Data: 0.077s (0.126s)	Stage0-heatmaps: 3.192e-03 (2.317e-03)	Stage1-heatmaps: 1.001e-03 (7.118e-04)	Stage0-push: 2.240e-04 (1.838e-04)	Stage1-push: 0.000e+00 (0.000e+00)	Stage0-pull: 1.673e-05 (1.825e-05)	Stage1-pull: 0.000e+00 (0.000e+00)	
2023-04-27 18:59:46,327 Epoch: [5][2100/4008]	Time: 0.212s (0.303s)	Speed: 75.5 samples/s	Data: 0.061s (0.126s)	Stage0-heatmaps: 3.186e-03 (2.317e-03)	Stage1-heatmaps: 9.971e-04 (7.119e-04)	Stage0-push: 2.661e-04 (1.838e-04)	Stage1-push: 0.000e+00 (0.000e+00)	Stage0-pull: 1.287e-05 (1.826e-05)	Stage1-pull: 0.000e+00 (0.000e+00)	
2023-04-27 19:00:14,898 Epoch: [5][2200/4008]	Time: 0.270s (0.303s)	Speed: 59.2 samples/s	Data: 0.128s (0.126s)	Stage0-heatmaps: 1.406e-03 (2.318e-03)	Stage1-heatmaps: 3.667e-04 (7.123e-04)	Stage0-push: 8.707e-05 (1.838e-04)	Stage1-push: 0.000e+00 (0.000e+00)	Stage0-pull: 1.268e-05 (1.832e-05)	Stage1-pull: 0.000e+00 (0.000e+00)	
2023-04-27 19:00:43,997 Epoch: [5][2300/4008]	Time: 0.268s (0.302s)	Speed: 59.7 samples/s	Data: 0.139s (0.126s)	Stage0-heatmaps: 1.583e-03 (2.317e-03)	Stage1-heatmaps: 4.966e-04 (7.120e-04)	Stage0-push: 9.279e-05 (1.840e-04)	Stage1-push: 0.000e+00 (0.000e+00)	Stage0-pull: 2.522e-05 (1.836e-05)	Stage1-pull: 0.000e+00 (0.000e+00)	
2023-04-27 19:01:13,281 Epoch: [5][2400/4008]	Time: 0.274s (0.302s)	Speed: 58.3 samples/s	Data: 0.165s (0.126s)	Stage0-heatmaps: 2.295e-03 (2.314e-03)	Stage1-heatmaps: 7.344e-04 (7.114e-04)	Stage0-push: 1.411e-04 (1.836e-04)	Stage1-push: 0.000e+00 (0.000e+00)	Stage0-pull: 1.750e-05 (1.837e-05)	Stage1-pull: 0.000e+00 (0.000e+00)	
2023-04-27 19:01:45,333 Epoch: [5][2500/4008]	Time: 0.281s (0.302s)	Speed: 57.0 samples/s	Data: 0.156s (0.127s)	Stage0-heatmaps: 3.112e-03 (2.318e-03)	Stage1-heatmaps: 1.031e-03 (7.127e-04)	Stage0-push: 1.370e-04 (1.840e-04)	Stage1-push: 0.000e+00 (0.000e+00)	Stage0-pull: 2.684e-05 (1.842e-05)	Stage1-pull: 0.000e+00 (0.000e+00)	
2023-04-27 19:02:14,003 Epoch: [5][2600/4008]	Time: 0.497s (0.302s)	Speed: 32.2 samples/s	Data: 0.305s (0.126s)	Stage0-heatmaps: 1.957e-03 (2.320e-03)	Stage1-heatmaps: 5.448e-04 (7.136e-04)	Stage0-push: 1.374e-04 (1.841e-04)	Stage1-push: 0.000e+00 (0.000e+00)	Stage0-pull: 1.386e-05 (1.846e-05)	Stage1-pull: 0.000e+00 (0.000e+00)	
2023-04-27 19:02:42,486 Epoch: [5][2700/4008]	Time: 0.363s (0.301s)	Speed: 44.1 samples/s	Data: 0.183s (0.126s)	Stage0-heatmaps: 2.276e-03 (2.323e-03)	Stage1-heatmaps: 6.353e-04 (7.147e-04)	Stage0-push: 1.939e-04 (1.843e-04)	Stage1-push: 0.000e+00 (0.000e+00)	Stage0-pull: 1.666e-05 (1.853e-05)	Stage1-pull: 0.000e+00 (0.000e+00)	
2023-04-27 19:03:11,474 Epoch: [5][2800/4008]	Time: 0.395s (0.301s)	Speed: 40.5 samples/s	Data: 0.175s (0.125s)	Stage0-heatmaps: 3.320e-03 (2.321e-03)	Stage1-heatmaps: 1.149e-03 (7.143e-04)	Stage0-push: 2.797e-04 (1.845e-04)	Stage1-push: 0.000e+00 (0.000e+00)	Stage0-pull: 2.203e-05 (1.857e-05)	Stage1-pull: 0.000e+00 (0.000e+00)	
2023-04-27 19:03:40,725 Epoch: [5][2900/4008]	Time: 0.336s (0.300s)	Speed: 47.6 samples/s	Data: 0.223s (0.125s)	Stage0-heatmaps: 2.879e-03 (2.319e-03)	Stage1-heatmaps: 8.580e-04 (7.135e-04)	Stage0-push: 2.885e-04 (1.845e-04)	Stage1-push: 0.000e+00 (0.000e+00)	Stage0-pull: 1.749e-05 (1.860e-05)	Stage1-pull: 0.000e+00 (0.000e+00)	
2023-04-27 19:04:10,464 Epoch: [5][3000/4008]	Time: 0.317s (0.300s)	Speed: 50.5 samples/s	Data: 0.155s (0.125s)	Stage0-heatmaps: 2.332e-03 (2.321e-03)	Stage1-heatmaps: 7.023e-04 (7.142e-04)	Stage0-push: 1.756e-04 (1.845e-04)	Stage1-push: 0.000e+00 (0.000e+00)	Stage0-pull: 2.948e-05 (1.863e-05)	Stage1-pull: 0.000e+00 (0.000e+00)	
2023-04-27 19:04:39,806 Epoch: [5][3100/4008]	Time: 0.298s (0.300s)	Speed: 53.7 samples/s	Data: 0.153s (0.124s)	Stage0-heatmaps: 2.513e-03 (2.323e-03)	Stage1-heatmaps: 7.812e-04 (7.150e-04)	Stage0-push: 1.742e-04 (1.846e-04)	Stage1-push: 0.000e+00 (0.000e+00)	Stage0-pull: 2.055e-05 (1.867e-05)	Stage1-pull: 0.000e+00 (0.000e+00)	
2023-04-27 19:05:08,786 Epoch: [5][3200/4008]	Time: 0.255s (0.300s)	Speed: 62.8 samples/s	Data: 0.144s (0.124s)	Stage0-heatmaps: 2.685e-03 (2.322e-03)	Stage1-heatmaps: 8.469e-04 (7.148e-04)	Stage0-push: 2.084e-04 (1.848e-04)	Stage1-push: 0.000e+00 (0.000e+00)	Stage0-pull: 2.159e-05 (1.872e-05)	Stage1-pull: 0.000e+00 (0.000e+00)	
2023-04-27 19:05:37,917 Epoch: [5][3300/4008]	Time: 0.353s (0.300s)	Speed: 45.3 samples/s	Data: 0.240s (0.124s)	Stage0-heatmaps: 1.909e-03 (2.323e-03)	Stage1-heatmaps: 5.804e-04 (7.149e-04)	Stage0-push: 1.443e-04 (1.847e-04)	Stage1-push: 0.000e+00 (0.000e+00)	Stage0-pull: 1.742e-05 (1.875e-05)	Stage1-pull: 0.000e+00 (0.000e+00)	
2023-04-27 19:06:09,116 Epoch: [5][3400/4008]	Time: 0.362s (0.300s)	Speed: 44.2 samples/s	Data: 0.228s (0.124s)	Stage0-heatmaps: 2.328e-03 (2.324e-03)	Stage1-heatmaps: 7.481e-04 (7.154e-04)	Stage0-push: 1.987e-04 (1.848e-04)	Stage1-push: 0.000e+00 (0.000e+00)	Stage0-pull: 1.073e-05 (1.875e-05)	Stage1-pull: 0.000e+00 (0.000e+00)	
2023-04-27 19:06:38,799 Epoch: [5][3500/4008]	Time: 0.383s (0.300s)	Speed: 41.8 samples/s	Data: 0.273s (0.124s)	Stage0-heatmaps: 2.768e-03 (2.322e-03)	Stage1-heatmaps: 8.333e-04 (7.149e-04)	Stage0-push: 1.730e-04 (1.846e-04)	Stage1-push: 0.000e+00 (0.000e+00)	Stage0-pull: 3.899e-05 (1.877e-05)	Stage1-pull: 0.000e+00 (0.000e+00)	
2023-04-27 19:07:08,220 Epoch: [5][3600/4008]	Time: 0.548s (0.300s)	Speed: 29.2 samples/s	Data: 0.320s (0.124s)	Stage0-heatmaps: 2.166e-03 (2.318e-03)	Stage1-heatmaps: 6.827e-04 (7.137e-04)	Stage0-push: 1.472e-04 (1.846e-04)	Stage1-push: 0.000e+00 (0.000e+00)	Stage0-pull: 1.688e-05 (1.876e-05)	Stage1-pull: 0.000e+00 (0.000e+00)	
2023-04-27 19:07:37,126 Epoch: [5][3700/4008]	Time: 0.489s (0.299s)	Speed: 32.7 samples/s	Data: 0.237s (0.123s)	Stage0-heatmaps: 2.599e-03 (2.319e-03)	Stage1-heatmaps: 8.451e-04 (7.138e-04)	Stage0-push: 2.451e-04 (1.847e-04)	Stage1-push: 0.000e+00 (0.000e+00)	Stage0-pull: 1.709e-05 (1.875e-05)	Stage1-pull: 0.000e+00 (0.000e+00)	
2023-04-27 19:08:04,833 Epoch: [5][3800/4008]	Time: 0.214s (0.299s)	Speed: 74.6 samples/s	Data: 0.000s (0.123s)	Stage0-heatmaps: 2.454e-03 (2.318e-03)	Stage1-heatmaps: 7.477e-04 (7.136e-04)	Stage0-push: 1.857e-04 (1.847e-04)	Stage1-push: 0.000e+00 (0.000e+00)	Stage0-pull: 1.455e-05 (1.874e-05)	Stage1-pull: 0.000e+00 (0.000e+00)	
2023-04-27 19:08:34,528 Epoch: [5][3900/4008]	Time: 0.160s (0.299s)	Speed: 99.8 samples/s	Data: 0.004s (0.123s)	Stage0-heatmaps: 2.551e-03 (2.317e-03)	Stage1-heatmaps: 7.850e-04 (7.132e-04)	Stage0-push: 1.474e-04 (1.846e-04)	Stage1-push: 0.000e+00 (0.000e+00)	Stage0-pull: 1.972e-05 (1.888e-05)	Stage1-pull: 0.000e+00 (0.000e+00)	
2023-04-27 19:09:04,516 Epoch: [5][4000/4008]	Time: 0.205s (0.299s)	Speed: 78.0 samples/s	Data: 0.004s (0.123s)	Stage0-heatmaps: 2.005e-03 (2.319e-03)	Stage1-heatmaps: 5.934e-04 (7.135e-04)	Stage0-push: 1.498e-04 (1.847e-04)	Stage1-push: 0.000e+00 (0.000e+00)	Stage0-pull: 1.090e-05 (1.891e-05)	Stage1-pull: 0.000e+00 (0.000e+00)	
2023-04-27 19:09:16,178 => saving checkpoint to output/coco_kpt/pose_transmobilenet/mobile
2023-04-27 19:09:41,523 Epoch: [6][0/4008]	Time: 24.923s (24.923s)	Speed: 0.6 samples/s	Data: 24.767s (24.767s)	Stage0-heatmaps: 2.295e-03 (2.295e-03)	Stage1-heatmaps: 6.743e-04 (6.743e-04)	Stage0-push: 2.086e-04 (2.086e-04)	Stage1-push: 0.000e+00 (0.000e+00)	Stage0-pull: 1.632e-05 (1.632e-05)	Stage1-pull: 0.000e+00 (0.000e+00)	
2023-04-27 19:10:11,317 Epoch: [6][100/4008]	Time: 0.282s (0.542s)	Speed: 56.8 samples/s	Data: 0.169s (0.369s)	Stage0-heatmaps: 2.297e-03 (2.250e-03)	Stage1-heatmaps: 7.262e-04 (6.918e-04)	Stage0-push: 1.041e-04 (1.759e-04)	Stage1-push: 0.000e+00 (0.000e+00)	Stage0-pull: 1.267e-05 (1.670e-05)	Stage1-pull: 0.000e+00 (0.000e+00)	
2023-04-27 19:10:43,269 Epoch: [6][200/4008]	Time: 0.309s (0.431s)	Speed: 51.8 samples/s	Data: 0.196s (0.252s)	Stage0-heatmaps: 2.106e-03 (2.250e-03)	Stage1-heatmaps: 6.365e-04 (6.950e-04)	Stage0-push: 1.752e-04 (1.823e-04)	Stage1-push: 0.000e+00 (0.000e+00)	Stage0-pull: 1.156e-05 (1.702e-05)	Stage1-pull: 0.000e+00 (0.000e+00)	
2023-04-27 19:11:12,881 Epoch: [6][300/4008]	Time: 0.350s (0.386s)	Speed: 45.7 samples/s	Data: 0.209s (0.207s)	Stage0-heatmaps: 2.378e-03 (2.253e-03)	Stage1-heatmaps: 7.239e-04 (6.947e-04)	Stage0-push: 1.941e-04 (1.812e-04)	Stage1-push: 0.000e+00 (0.000e+00)	Stage0-pull: 1.080e-05 (1.714e-05)	Stage1-pull: 0.000e+00 (0.000e+00)	
2023-04-27 19:11:41,606 Epoch: [6][400/4008]	Time: 0.152s (0.362s)	Speed: 105.4 samples/s	Data: 0.006s (0.184s)	Stage0-heatmaps: 1.908e-03 (2.251e-03)	Stage1-heatmaps: 5.435e-04 (6.936e-04)	Stage0-push: 2.258e-04 (1.819e-04)	Stage1-push: 0.000e+00 (0.000e+00)	Stage0-pull: 1.344e-05 (1.729e-05)	Stage1-pull: 0.000e+00 (0.000e+00)	
2023-04-27 19:12:10,918 Epoch: [6][500/4008]	Time: 0.406s (0.348s)	Speed: 39.4 samples/s	Data: 0.262s (0.171s)	Stage0-heatmaps: 2.303e-03 (2.238e-03)	Stage1-heatmaps: 7.125e-04 (6.894e-04)	Stage0-push: 2.268e-04 (1.817e-04)	Stage1-push: 0.000e+00 (0.000e+00)	Stage0-pull: 1.300e-05 (1.733e-05)	Stage1-pull: 0.000e+00 (0.000e+00)	
2023-04-27 19:12:40,223 Epoch: [6][600/4008]	Time: 0.443s (0.339s)	Speed: 36.1 samples/s	Data: 0.334s (0.162s)	Stage0-heatmaps: 1.800e-03 (2.234e-03)	Stage1-heatmaps: 5.117e-04 (6.881e-04)	Stage0-push: 1.645e-04 (1.810e-04)	Stage1-push: 0.000e+00 (0.000e+00)	Stage0-pull: 1.560e-05 (1.756e-05)	Stage1-pull: 0.000e+00 (0.000e+00)	
2023-04-27 19:13:09,588 Epoch: [6][700/4008]	Time: 0.243s (0.332s)	Speed: 65.8 samples/s	Data: 0.000s (0.155s)	Stage0-heatmaps: 2.381e-03 (2.257e-03)	Stage1-heatmaps: 7.681e-04 (6.960e-04)	Stage0-push: 2.875e-04 (1.823e-04)	Stage1-push: 0.000e+00 (0.000e+00)	Stage0-pull: 1.141e-05 (1.769e-05)	Stage1-pull: 0.000e+00 (0.000e+00)	
2023-04-27 19:13:39,092 Epoch: [6][800/4008]	Time: 0.233s (0.328s)	Speed: 68.7 samples/s	Data: 0.001s (0.150s)	Stage0-heatmaps: 2.490e-03 (2.262e-03)	Stage1-heatmaps: 7.690e-04 (6.978e-04)	Stage0-push: 1.660e-04 (1.824e-04)	Stage1-push: 0.000e+00 (0.000e+00)	Stage0-pull: 2.301e-05 (1.778e-05)	Stage1-pull: 0.000e+00 (0.000e+00)	
2023-04-27 19:14:08,465 Epoch: [6][900/4008]	Time: 0.241s (0.324s)	Speed: 66.4 samples/s	Data: 0.000s (0.146s)	Stage0-heatmaps: 2.181e-03 (2.258e-03)	Stage1-heatmaps: 6.571e-04 (6.970e-04)	Stage0-push: 1.697e-04 (1.821e-04)	Stage1-push: 0.000e+00 (0.000e+00)	Stage0-pull: 1.574e-05 (1.799e-05)	Stage1-pull: 0.000e+00 (0.000e+00)	
2023-04-27 19:14:39,975 Epoch: [6][1000/4008]	Time: 0.236s (0.323s)	Speed: 67.7 samples/s	Data: 0.000s (0.145s)	Stage0-heatmaps: 1.968e-03 (2.268e-03)	Stage1-heatmaps: 6.693e-04 (7.003e-04)	Stage0-push: 1.951e-04 (1.831e-04)	Stage1-push: 0.000e+00 (0.000e+00)	Stage0-pull: 1.645e-05 (1.813e-05)	Stage1-pull: 0.000e+00 (0.000e+00)	
2023-04-27 19:15:09,280 Epoch: [6][1100/4008]	Time: 0.219s (0.320s)	Speed: 73.0 samples/s	Data: 0.000s (0.142s)	Stage0-heatmaps: 1.977e-03 (2.272e-03)	Stage1-heatmaps: 5.802e-04 (7.020e-04)	Stage0-push: 1.781e-04 (1.830e-04)	Stage1-push: 0.000e+00 (0.000e+00)	Stage0-pull: 9.657e-06 (1.816e-05)	Stage1-pull: 0.000e+00 (0.000e+00)	
2023-04-27 19:15:39,549 Epoch: [6][1200/4008]	Time: 0.181s (0.319s)	Speed: 88.2 samples/s	Data: 0.000s (0.140s)	Stage0-heatmaps: 4.094e-03 (2.272e-03)	Stage1-heatmaps: 1.241e-03 (7.016e-04)	Stage0-push: 2.120e-04 (1.831e-04)	Stage1-push: 0.000e+00 (0.000e+00)	Stage0-pull: 2.174e-05 (1.815e-05)	Stage1-pull: 0.000e+00 (0.000e+00)	
2023-04-27 19:16:09,033 Epoch: [6][1300/4008]	Time: 0.353s (0.317s)	Speed: 45.4 samples/s	Data: 0.238s (0.139s)	Stage0-heatmaps: 3.058e-03 (2.271e-03)	Stage1-heatmaps: 1.087e-03 (7.017e-04)	Stage0-push: 2.422e-04 (1.825e-04)	Stage1-push: 0.000e+00 (0.000e+00)	Stage0-pull: 2.282e-05 (1.810e-05)	Stage1-pull: 0.000e+00 (0.000e+00)	
2023-04-27 19:16:38,692 Epoch: [6][1400/4008]	Time: 0.297s (0.316s)	Speed: 53.9 samples/s	Data: 0.130s (0.137s)	Stage0-heatmaps: 1.798e-03 (2.267e-03)	Stage1-heatmaps: 5.185e-04 (7.005e-04)	Stage0-push: 1.053e-04 (1.824e-04)	Stage1-push: 0.000e+00 (0.000e+00)	Stage0-pull: 1.236e-05 (1.810e-05)	Stage1-pull: 0.000e+00 (0.000e+00)	
2023-04-27 19:17:07,334 Epoch: [6][1500/4008]	Time: 0.228s (0.314s)	Speed: 70.0 samples/s	Data: 0.116s (0.136s)	Stage0-heatmaps: 1.866e-03 (2.259e-03)	Stage1-heatmaps: 5.471e-04 (6.976e-04)	Stage0-push: 1.217e-04 (1.818e-04)	Stage1-push: 0.000e+00 (0.000e+00)	Stage0-pull: 1.444e-05 (1.797e-05)	Stage1-pull: 0.000e+00 (0.000e+00)	
2023-04-27 19:17:35,956 Epoch: [6][1600/4008]	Time: 0.260s (0.312s)	Speed: 61.6 samples/s	Data: 0.096s (0.135s)	Stage0-heatmaps: 2.215e-03 (2.259e-03)	Stage1-heatmaps: 7.306e-04 (6.979e-04)	Stage0-push: 1.356e-04 (1.816e-04)	Stage1-push: 0.000e+00 (0.000e+00)	Stage0-pull: 1.594e-05 (1.801e-05)	Stage1-pull: 0.000e+00 (0.000e+00)	
2023-04-27 19:18:04,912 Epoch: [6][1700/4008]	Time: 0.737s (0.311s)	Speed: 21.7 samples/s	Data: 0.474s (0.134s)	Stage0-heatmaps: 3.547e-03 (2.265e-03)	Stage1-heatmaps: 1.180e-03 (7.002e-04)	Stage0-push: 2.399e-04 (1.817e-04)	Stage1-push: 0.000e+00 (0.000e+00)	Stage0-pull: 1.901e-05 (1.816e-05)	Stage1-pull: 0.000e+00 (0.000e+00)	
2023-04-27 19:18:32,622 Epoch: [6][1800/4008]	Time: 0.308s (0.309s)	Speed: 51.9 samples/s	Data: 0.193s (0.132s)	Stage0-heatmaps: 2.334e-03 (2.261e-03)	Stage1-heatmaps: 6.895e-04 (6.984e-04)	Stage0-push: 3.345e-04 (1.814e-04)	Stage1-push: 0.000e+00 (0.000e+00)	Stage0-pull: 1.628e-05 (1.816e-05)	Stage1-pull: 0.000e+00 (0.000e+00)	
2023-04-27 19:19:03,704 Epoch: [6][1900/4008]	Time: 0.281s (0.309s)	Speed: 57.0 samples/s	Data: 0.150s (0.132s)	Stage0-heatmaps: 1.417e-03 (2.256e-03)	Stage1-heatmaps: 4.377e-04 (6.966e-04)	Stage0-push: 9.076e-05 (1.810e-04)	Stage1-push: 0.000e+00 (0.000e+00)	Stage0-pull: 4.856e-05 (1.821e-05)	Stage1-pull: 0.000e+00 (0.000e+00)	
2023-04-27 19:19:33,183 Epoch: [6][2000/4008]	Time: 0.257s (0.308s)	Speed: 62.2 samples/s	Data: 0.146s (0.131s)	Stage0-heatmaps: 2.804e-03 (2.259e-03)	Stage1-heatmaps: 8.902e-04 (6.974e-04)	Stage0-push: 2.088e-04 (1.812e-04)	Stage1-push: 0.000e+00 (0.000e+00)	Stage0-pull: 2.508e-05 (1.823e-05)	Stage1-pull: 0.000e+00 (0.000e+00)	
2023-04-27 19:20:02,380 Epoch: [6][2100/4008]	Time: 0.301s (0.307s)	Speed: 53.1 samples/s	Data: 0.163s (0.131s)	Stage0-heatmaps: 3.483e-03 (2.259e-03)	Stage1-heatmaps: 1.062e-03 (6.974e-04)	Stage0-push: 2.597e-04 (1.814e-04)	Stage1-push: 0.000e+00 (0.000e+00)	Stage0-pull: 1.380e-05 (1.830e-05)	Stage1-pull: 0.000e+00 (0.000e+00)	
2023-04-27 19:20:32,314 Epoch: [6][2200/4008]	Time: 0.314s (0.307s)	Speed: 50.9 samples/s	Data: 0.187s (0.130s)	Stage0-heatmaps: 1.223e-03 (2.259e-03)	Stage1-heatmaps: 3.361e-04 (6.977e-04)	Stage0-push: 8.463e-05 (1.815e-04)	Stage1-push: 0.000e+00 (0.000e+00)	Stage0-pull: 1.813e-05 (1.835e-05)	Stage1-pull: 0.000e+00 (0.000e+00)	
2023-04-27 19:21:01,486 Epoch: [6][2300/4008]	Time: 0.255s (0.306s)	Speed: 62.7 samples/s	Data: 0.139s (0.129s)	Stage0-heatmaps: 1.771e-03 (2.259e-03)	Stage1-heatmaps: 5.885e-04 (6.976e-04)	Stage0-push: 6.835e-05 (1.819e-04)	Stage1-push: 0.000e+00 (0.000e+00)	Stage0-pull: 1.785e-05 (1.840e-05)	Stage1-pull: 0.000e+00 (0.000e+00)	
2023-04-27 19:21:31,104 Epoch: [6][2400/4008]	Time: 0.177s (0.306s)	Speed: 90.6 samples/s	Data: 0.000s (0.129s)	Stage0-heatmaps: 2.622e-03 (2.258e-03)	Stage1-heatmaps: 8.062e-04 (6.973e-04)	Stage0-push: 1.324e-04 (1.816e-04)	Stage1-push: 0.000e+00 (0.000e+00)	Stage0-pull: 2.032e-05 (1.847e-05)	Stage1-pull: 0.000e+00 (0.000e+00)	
2023-04-27 19:22:00,126 Epoch: [6][2500/4008]	Time: 0.212s (0.305s)	Speed: 75.6 samples/s	Data: 0.000s (0.128s)	Stage0-heatmaps: 3.252e-03 (2.264e-03)	Stage1-heatmaps: 1.073e-03 (6.992e-04)	Stage0-push: 1.626e-04 (1.820e-04)	Stage1-push: 0.000e+00 (0.000e+00)	Stage0-pull: 2.410e-05 (1.854e-05)	Stage1-pull: 0.000e+00 (0.000e+00)	
2023-04-27 19:22:28,657 Epoch: [6][2600/4008]	Time: 0.306s (0.305s)	Speed: 52.4 samples/s	Data: 0.084s (0.128s)	Stage0-heatmaps: 2.102e-03 (2.267e-03)	Stage1-heatmaps: 6.212e-04 (7.006e-04)	Stage0-push: 1.334e-04 (1.821e-04)	Stage1-push: 0.000e+00 (0.000e+00)	Stage0-pull: 1.637e-05 (1.860e-05)	Stage1-pull: 0.000e+00 (0.000e+00)	
2023-04-27 19:22:57,037 Epoch: [6][2700/4008]	Time: 0.197s (0.304s)	Speed: 81.4 samples/s	Data: 0.000s (0.127s)	Stage0-heatmaps: 2.268e-03 (2.270e-03)	Stage1-heatmaps: 6.343e-04 (7.019e-04)	Stage0-push: 2.000e-04 (1.823e-04)	Stage1-push: 0.000e+00 (0.000e+00)	Stage0-pull: 1.250e-05 (1.870e-05)	Stage1-pull: 0.000e+00 (0.000e+00)	
2023-04-27 19:23:28,231 Epoch: [6][2800/4008]	Time: 0.208s (0.304s)	Speed: 77.0 samples/s	Data: 0.000s (0.127s)	Stage0-heatmaps: 4.070e-03 (2.270e-03)	Stage1-heatmaps: 1.322e-03 (7.018e-04)	Stage0-push: 2.710e-04 (1.826e-04)	Stage1-push: 0.000e+00 (0.000e+00)	Stage0-pull: 2.259e-05 (1.870e-05)	Stage1-pull: 0.000e+00 (0.000e+00)	
2023-04-27 19:23:57,119 Epoch: [6][2900/4008]	Time: 0.191s (0.304s)	Speed: 83.6 samples/s	Data: 0.000s (0.127s)	Stage0-heatmaps: 2.847e-03 (2.268e-03)	Stage1-heatmaps: 8.423e-04 (7.011e-04)	Stage0-push: 3.029e-04 (1.826e-04)	Stage1-push: 0.000e+00 (0.000e+00)	Stage0-pull: 2.097e-05 (1.872e-05)	Stage1-pull: 0.000e+00 (0.000e+00)	
2023-04-27 19:24:26,615 Epoch: [6][3000/4008]	Time: 0.180s (0.303s)	Speed: 88.9 samples/s	Data: 0.000s (0.126s)	Stage0-heatmaps: 2.508e-03 (2.271e-03)	Stage1-heatmaps: 7.649e-04 (7.021e-04)	Stage0-push: 1.643e-04 (1.826e-04)	Stage1-push: 0.000e+00 (0.000e+00)	Stage0-pull: 2.482e-05 (1.877e-05)	Stage1-pull: 0.000e+00 (0.000e+00)	
2023-04-27 19:24:56,328 Epoch: [6][3100/4008]	Time: 0.224s (0.303s)	Speed: 71.4 samples/s	Data: 0.003s (0.126s)	Stage0-heatmaps: 2.464e-03 (2.274e-03)	Stage1-heatmaps: 7.734e-04 (7.031e-04)	Stage0-push: 1.653e-04 (1.827e-04)	Stage1-push: 0.000e+00 (0.000e+00)	Stage0-pull: 1.864e-05 (1.884e-05)	Stage1-pull: 0.000e+00 (0.000e+00)	
2023-04-27 19:25:25,840 Epoch: [6][3200/4008]	Time: 0.235s (0.303s)	Speed: 68.2 samples/s	Data: 0.117s (0.126s)	Stage0-heatmaps: 1.896e-03 (2.273e-03)	Stage1-heatmaps: 5.891e-04 (7.026e-04)	Stage0-push: 2.186e-04 (1.827e-04)	Stage1-push: 0.000e+00 (0.000e+00)	Stage0-pull: 2.330e-05 (1.887e-05)	Stage1-pull: 0.000e+00 (0.000e+00)	
2023-04-27 19:25:55,692 Epoch: [6][3300/4008]	Time: 0.207s (0.303s)	Speed: 77.2 samples/s	Data: 0.000s (0.126s)	Stage0-heatmaps: 1.738e-03 (2.273e-03)	Stage1-heatmaps: 5.168e-04 (7.025e-04)	Stage0-push: 1.565e-04 (1.826e-04)	Stage1-push: 0.000e+00 (0.000e+00)	Stage0-pull: 1.799e-05 (1.892e-05)	Stage1-pull: 0.000e+00 (0.000e+00)	
2023-04-27 19:26:25,111 Epoch: [6][3400/4008]	Time: 0.344s (0.302s)	Speed: 46.5 samples/s	Data: 0.218s (0.126s)	Stage0-heatmaps: 2.149e-03 (2.275e-03)	Stage1-heatmaps: 7.105e-04 (7.033e-04)	Stage0-push: 2.238e-04 (1.826e-04)	Stage1-push: 0.000e+00 (0.000e+00)	Stage0-pull: 2.224e-05 (1.895e-05)	Stage1-pull: 0.000e+00 (0.000e+00)	
2023-04-27 19:26:54,188 Epoch: [6][3500/4008]	Time: 0.694s (0.302s)	Speed: 23.1 samples/s	Data: 0.515s (0.126s)	Stage0-heatmaps: 2.701e-03 (2.274e-03)	Stage1-heatmaps: 8.602e-04 (7.029e-04)	Stage0-push: 2.076e-04 (1.825e-04)	Stage1-push: 0.000e+00 (0.000e+00)	Stage0-pull: 4.130e-05 (1.901e-05)	Stage1-pull: 0.000e+00 (0.000e+00)	
2023-04-27 19:27:25,249 Epoch: [6][3600/4008]	Time: 0.421s (0.302s)	Speed: 38.0 samples/s	Data: 0.181s (0.126s)	Stage0-heatmaps: 2.191e-03 (2.270e-03)	Stage1-heatmaps: 7.095e-04 (7.016e-04)	Stage0-push: 1.639e-04 (1.824e-04)	Stage1-push: 0.000e+00 (0.000e+00)	Stage0-pull: 3.004e-05 (1.900e-05)	Stage1-pull: 0.000e+00 (0.000e+00)	
2023-04-27 19:27:54,425 Epoch: [6][3700/4008]	Time: 0.617s (0.302s)	Speed: 25.9 samples/s	Data: 0.397s (0.125s)	Stage0-heatmaps: 2.557e-03 (2.270e-03)	Stage1-heatmaps: 8.370e-04 (7.016e-04)	Stage0-push: 2.534e-04 (1.826e-04)	Stage1-push: 0.000e+00 (0.000e+00)	Stage0-pull: 1.707e-05 (1.900e-05)	Stage1-pull: 0.000e+00 (0.000e+00)	
2023-04-27 19:28:23,634 Epoch: [6][3800/4008]	Time: 0.709s (0.302s)	Speed: 22.6 samples/s	Data: 0.423s (0.125s)	Stage0-heatmaps: 2.309e-03 (2.269e-03)	Stage1-heatmaps: 7.424e-04 (7.015e-04)	Stage0-push: 1.697e-04 (1.826e-04)	Stage1-push: 0.000e+00 (0.000e+00)	Stage0-pull: 2.098e-05 (1.901e-05)	Stage1-pull: 0.000e+00 (0.000e+00)	
2023-04-27 19:28:51,995 Epoch: [6][3900/4008]	Time: 0.274s (0.301s)	Speed: 58.4 samples/s	Data: 0.161s (0.125s)	Stage0-heatmaps: 2.187e-03 (2.268e-03)	Stage1-heatmaps: 7.030e-04 (7.010e-04)	Stage0-push: 1.435e-04 (1.825e-04)	Stage1-push: 0.000e+00 (0.000e+00)	Stage0-pull: 1.375e-05 (1.904e-05)	Stage1-pull: 0.000e+00 (0.000e+00)	
2023-04-27 19:29:21,201 Epoch: [6][4000/4008]	Time: 0.292s (0.301s)	Speed: 54.9 samples/s	Data: 0.154s (0.125s)	Stage0-heatmaps: 1.913e-03 (2.268e-03)	Stage1-heatmaps: 5.686e-04 (7.011e-04)	Stage0-push: 1.835e-04 (1.824e-04)	Stage1-push: 0.000e+00 (0.000e+00)	Stage0-pull: 1.921e-05 (1.906e-05)	Stage1-pull: 0.000e+00 (0.000e+00)	
2023-04-27 19:29:32,649 => saving checkpoint to output/coco_kpt/pose_transmobilenet/mobile
2023-04-27 19:29:58,196 Epoch: [7][0/4008]	Time: 25.099s (25.099s)	Speed: 0.6 samples/s	Data: 24.940s (24.940s)	Stage0-heatmaps: 2.147e-03 (2.147e-03)	Stage1-heatmaps: 6.480e-04 (6.480e-04)	Stage0-push: 1.946e-04 (1.946e-04)	Stage1-push: 0.000e+00 (0.000e+00)	Stage0-pull: 2.270e-05 (2.270e-05)	Stage1-pull: 0.000e+00 (0.000e+00)	
2023-04-27 19:30:27,176 Epoch: [7][100/4008]	Time: 0.253s (0.535s)	Speed: 63.2 samples/s	Data: 0.143s (0.374s)	Stage0-heatmaps: 2.218e-03 (2.172e-03)	Stage1-heatmaps: 7.179e-04 (6.738e-04)	Stage0-push: 9.852e-05 (1.694e-04)	Stage1-push: 0.000e+00 (0.000e+00)	Stage0-pull: 2.167e-05 (2.038e-05)	Stage1-pull: 0.000e+00 (0.000e+00)	
2023-04-27 19:30:55,835 Epoch: [7][200/4008]	Time: 0.598s (0.412s)	Speed: 26.8 samples/s	Data: 0.392s (0.244s)	Stage0-heatmaps: 2.162e-03 (2.194e-03)	Stage1-heatmaps: 6.653e-04 (6.815e-04)	Stage0-push: 1.578e-04 (1.769e-04)	Stage1-push: 0.000e+00 (0.000e+00)	Stage0-pull: 1.565e-05 (1.984e-05)	Stage1-pull: 0.000e+00 (0.000e+00)	
2023-04-27 19:31:24,054 Epoch: [7][300/4008]	Time: 0.665s (0.369s)	Speed: 24.1 samples/s	Data: 0.473s (0.198s)	Stage0-heatmaps: 2.244e-03 (2.200e-03)	Stage1-heatmaps: 6.632e-04 (6.807e-04)	Stage0-push: 1.581e-04 (1.759e-04)	Stage1-push: 0.000e+00 (0.000e+00)	Stage0-pull: 1.371e-05 (1.949e-05)	Stage1-pull: 0.000e+00 (0.000e+00)	
2023-04-27 19:31:54,457 Epoch: [7][400/4008]	Time: 0.270s (0.353s)	Speed: 59.3 samples/s	Data: 0.151s (0.178s)	Stage0-heatmaps: 1.936e-03 (2.201e-03)	Stage1-heatmaps: 5.684e-04 (6.815e-04)	Stage0-push: 2.056e-04 (1.761e-04)	Stage1-push: 0.000e+00 (0.000e+00)	Stage0-pull: 1.879e-05 (1.992e-05)	Stage1-pull: 0.000e+00 (0.000e+00)	
2023-04-27 19:32:23,435 Epoch: [7][500/4008]	Time: 0.234s (0.340s)	Speed: 68.2 samples/s	Data: 0.125s (0.165s)	Stage0-heatmaps: 2.370e-03 (2.195e-03)	Stage1-heatmaps: 7.329e-04 (6.782e-04)	Stage0-push: 2.230e-04 (1.766e-04)	Stage1-push: 0.000e+00 (0.000e+00)	Stage0-pull: 1.142e-05 (1.981e-05)	Stage1-pull: 0.000e+00 (0.000e+00)	
2023-04-27 19:32:52,323 Epoch: [7][600/4008]	Time: 0.295s (0.331s)	Speed: 54.3 samples/s	Data: 0.181s (0.156s)	Stage0-heatmaps: 1.720e-03 (2.187e-03)	Stage1-heatmaps: 4.816e-04 (6.754e-04)	Stage0-push: 1.264e-04 (1.763e-04)	Stage1-push: 0.000e+00 (0.000e+00)	Stage0-pull: 1.443e-05 (1.975e-05)	Stage1-pull: 0.000e+00 (0.000e+00)	
2023-04-27 19:33:21,633 Epoch: [7][700/4008]	Time: 0.365s (0.326s)	Speed: 43.9 samples/s	Data: 0.231s (0.150s)	Stage0-heatmaps: 2.385e-03 (2.209e-03)	Stage1-heatmaps: 7.932e-04 (6.836e-04)	Stage0-push: 2.680e-04 (1.776e-04)	Stage1-push: 0.000e+00 (0.000e+00)	Stage0-pull: 1.651e-05 (1.994e-05)	Stage1-pull: 0.000e+00 (0.000e+00)	
2023-04-27 19:33:50,313 Epoch: [7][800/4008]	Time: 0.301s (0.321s)	Speed: 53.2 samples/s	Data: 0.166s (0.146s)	Stage0-heatmaps: 2.512e-03 (2.215e-03)	Stage1-heatmaps: 7.620e-04 (6.858e-04)	Stage0-push: 2.001e-04 (1.778e-04)	Stage1-push: 0.000e+00 (0.000e+00)	Stage0-pull: 2.262e-05 (2.007e-05)	Stage1-pull: 0.000e+00 (0.000e+00)	
2023-04-27 19:34:19,251 Epoch: [7][900/4008]	Time: 0.195s (0.318s)	Speed: 82.1 samples/s	Data: 0.058s (0.142s)	Stage0-heatmaps: 2.235e-03 (2.216e-03)	Stage1-heatmaps: 6.267e-04 (6.855e-04)	Stage0-push: 1.727e-04 (1.780e-04)	Stage1-push: 0.000e+00 (0.000e+00)	Stage0-pull: 2.316e-05 (2.008e-05)	Stage1-pull: 0.000e+00 (0.000e+00)	
2023-04-27 19:34:48,327 Epoch: [7][1000/4008]	Time: 0.600s (0.315s)	Speed: 26.6 samples/s	Data: 0.430s (0.139s)	Stage0-heatmaps: 2.108e-03 (2.223e-03)	Stage1-heatmaps: 6.932e-04 (6.880e-04)	Stage0-push: 1.986e-04 (1.788e-04)	Stage1-push: 0.000e+00 (0.000e+00)	Stage0-pull: 1.358e-05 (2.016e-05)	Stage1-pull: 0.000e+00 (0.000e+00)	
2023-04-27 19:35:16,549 Epoch: [7][1100/4008]	Time: 0.658s (0.312s)	Speed: 24.3 samples/s	Data: 0.404s (0.136s)	Stage0-heatmaps: 2.037e-03 (2.227e-03)	Stage1-heatmaps: 5.632e-04 (6.901e-04)	Stage0-push: 1.750e-04 (1.789e-04)	Stage1-push: 0.000e+00 (0.000e+00)	Stage0-pull: 1.294e-05 (2.022e-05)	Stage1-pull: 0.000e+00 (0.000e+00)	
2023-04-27 19:35:47,451 Epoch: [7][1200/4008]	Time: 0.551s (0.312s)	Speed: 29.0 samples/s	Data: 0.376s (0.135s)	Stage0-heatmaps: 3.815e-03 (2.226e-03)	Stage1-heatmaps: 1.196e-03 (6.896e-04)	Stage0-push: 1.777e-04 (1.788e-04)	Stage1-push: 0.000e+00 (0.000e+00)	Stage0-pull: 2.220e-05 (2.024e-05)	Stage1-pull: 0.000e+00 (0.000e+00)	
2023-04-27 19:36:15,448 Epoch: [7][1300/4008]	Time: 0.311s (0.309s)	Speed: 51.4 samples/s	Data: 0.172s (0.133s)	Stage0-heatmaps: 2.601e-03 (2.225e-03)	Stage1-heatmaps: 8.946e-04 (6.898e-04)	Stage0-push: 2.392e-04 (1.788e-04)	Stage1-push: 0.000e+00 (0.000e+00)	Stage0-pull: 2.204e-05 (2.015e-05)	Stage1-pull: 0.000e+00 (0.000e+00)	
2023-04-27 19:36:43,991 Epoch: [7][1400/4008]	Time: 0.208s (0.308s)	Speed: 77.0 samples/s	Data: 0.020s (0.132s)	Stage0-heatmaps: 1.721e-03 (2.222e-03)	Stage1-heatmaps: 4.990e-04 (6.885e-04)	Stage0-push: 9.922e-05 (1.790e-04)	Stage1-push: 0.000e+00 (0.000e+00)	Stage0-pull: 1.196e-05 (2.004e-05)	Stage1-pull: 0.000e+00 (0.000e+00)	
2023-04-27 19:37:12,393 Epoch: [7][1500/4008]	Time: 0.236s (0.306s)	Speed: 67.7 samples/s	Data: 0.118s (0.132s)	Stage0-heatmaps: 1.819e-03 (2.216e-03)	Stage1-heatmaps: 5.202e-04 (6.862e-04)	Stage0-push: 1.369e-04 (1.789e-04)	Stage1-push: 0.000e+00 (0.000e+00)	Stage0-pull: 1.254e-05 (1.985e-05)	Stage1-pull: 0.000e+00 (0.000e+00)	
2023-04-27 19:37:41,223 Epoch: [7][1600/4008]	Time: 0.238s (0.305s)	Speed: 67.2 samples/s	Data: 0.111s (0.131s)	Stage0-heatmaps: 2.199e-03 (2.218e-03)	Stage1-heatmaps: 7.277e-04 (6.871e-04)	Stage0-push: 1.277e-04 (1.790e-04)	Stage1-push: 0.000e+00 (0.000e+00)	Stage0-pull: 1.819e-05 (1.982e-05)	Stage1-pull: 0.000e+00 (0.000e+00)	
2023-04-27 19:38:10,111 Epoch: [7][1700/4008]	Time: 0.288s (0.304s)	Speed: 55.6 samples/s	Data: 0.174s (0.131s)	Stage0-heatmaps: 4.002e-03 (2.224e-03)	Stage1-heatmaps: 1.370e-03 (6.890e-04)	Stage0-push: 2.336e-04 (1.792e-04)	Stage1-push: 0.000e+00 (0.000e+00)	Stage0-pull: 2.920e-05 (1.990e-05)	Stage1-pull: 0.000e+00 (0.000e+00)	
2023-04-27 19:38:37,639 Epoch: [7][1800/4008]	Time: 0.481s (0.302s)	Speed: 33.2 samples/s	Data: 0.287s (0.130s)	Stage0-heatmaps: 2.356e-03 (2.220e-03)	Stage1-heatmaps: 6.937e-04 (6.877e-04)	Stage0-push: 2.600e-04 (1.793e-04)	Stage1-push: 0.000e+00 (0.000e+00)	Stage0-pull: 2.393e-05 (1.980e-05)	Stage1-pull: 0.000e+00 (0.000e+00)	
2023-04-27 19:39:06,062 Epoch: [7][1900/4008]	Time: 0.470s (0.301s)	Speed: 34.0 samples/s	Data: 0.290s (0.128s)	Stage0-heatmaps: 1.593e-03 (2.216e-03)	Stage1-heatmaps: 4.895e-04 (6.863e-04)	Stage0-push: 1.457e-04 (1.790e-04)	Stage1-push: 0.000e+00 (0.000e+00)	Stage0-pull: 3.778e-05 (1.976e-05)	Stage1-pull: 0.000e+00 (0.000e+00)	
2023-04-27 19:39:35,084 Epoch: [7][2000/4008]	Time: 0.301s (0.301s)	Speed: 53.2 samples/s	Data: 0.190s (0.128s)	Stage0-heatmaps: 2.631e-03 (2.218e-03)	Stage1-heatmaps: 8.365e-04 (6.870e-04)	Stage0-push: 1.666e-04 (1.792e-04)	Stage1-push: 0.000e+00 (0.000e+00)	Stage0-pull: 2.554e-05 (1.972e-05)	Stage1-pull: 0.000e+00 (0.000e+00)	
2023-04-27 19:40:06,008 Epoch: [7][2100/4008]	Time: 0.318s (0.301s)	Speed: 50.3 samples/s	Data: 0.196s (0.127s)	Stage0-heatmaps: 3.216e-03 (2.219e-03)	Stage1-heatmaps: 9.860e-04 (6.872e-04)	Stage0-push: 2.541e-04 (1.792e-04)	Stage1-push: 0.000e+00 (0.000e+00)	Stage0-pull: 1.489e-05 (1.976e-05)	Stage1-pull: 0.000e+00 (0.000e+00)	
2023-04-27 19:40:35,011 Epoch: [7][2200/4008]	Time: 0.275s (0.301s)	Speed: 58.2 samples/s	Data: 0.163s (0.127s)	Stage0-heatmaps: 1.421e-03 (2.221e-03)	Stage1-heatmaps: 3.952e-04 (6.876e-04)	Stage0-push: 9.143e-05 (1.794e-04)	Stage1-push: 0.000e+00 (0.000e+00)	Stage0-pull: 1.190e-05 (1.975e-05)	Stage1-pull: 0.000e+00 (0.000e+00)	
2023-04-27 19:41:04,259 Epoch: [7][2300/4008]	Time: 0.285s (0.300s)	Speed: 56.2 samples/s	Data: 0.169s (0.126s)	Stage0-heatmaps: 1.955e-03 (2.220e-03)	Stage1-heatmaps: 6.031e-04 (6.874e-04)	Stage0-push: 1.349e-04 (1.797e-04)	Stage1-push: 0.000e+00 (0.000e+00)	Stage0-pull: 2.571e-05 (1.970e-05)	Stage1-pull: 0.000e+00 (0.000e+00)	
2023-04-27 19:41:33,748 Epoch: [7][2400/4008]	Time: 0.209s (0.300s)	Speed: 76.7 samples/s	Data: 0.000s (0.126s)	Stage0-heatmaps: 2.057e-03 (2.218e-03)	Stage1-heatmaps: 6.890e-04 (6.869e-04)	Stage0-push: 1.030e-04 (1.794e-04)	Stage1-push: 0.000e+00 (0.000e+00)	Stage0-pull: 2.488e-05 (1.969e-05)	Stage1-pull: 0.000e+00 (0.000e+00)	
2023-04-27 19:42:03,617 Epoch: [7][2500/4008]	Time: 0.168s (0.300s)	Speed: 95.0 samples/s	Data: 0.000s (0.125s)	Stage0-heatmaps: 2.845e-03 (2.223e-03)	Stage1-heatmaps: 9.157e-04 (6.886e-04)	Stage0-push: 1.769e-04 (1.799e-04)	Stage1-push: 0.000e+00 (0.000e+00)	Stage0-pull: 1.791e-05 (1.969e-05)	Stage1-pull: 0.000e+00 (0.000e+00)	
2023-04-27 19:42:33,697 Epoch: [7][2600/4008]	Time: 0.305s (0.300s)	Speed: 52.5 samples/s	Data: 0.169s (0.125s)	Stage0-heatmaps: 2.215e-03 (2.225e-03)	Stage1-heatmaps: 6.387e-04 (6.894e-04)	Stage0-push: 1.507e-04 (1.801e-04)	Stage1-push: 0.000e+00 (0.000e+00)	Stage0-pull: 1.153e-05 (1.972e-05)	Stage1-pull: 0.000e+00 (0.000e+00)	
2023-04-27 19:43:04,123 Epoch: [7][2700/4008]	Time: 0.331s (0.300s)	Speed: 48.3 samples/s	Data: 0.204s (0.125s)	Stage0-heatmaps: 2.271e-03 (2.228e-03)	Stage1-heatmaps: 6.460e-04 (6.905e-04)	Stage0-push: 1.965e-04 (1.803e-04)	Stage1-push: 0.000e+00 (0.000e+00)	Stage0-pull: 2.522e-05 (1.976e-05)	Stage1-pull: 0.000e+00 (0.000e+00)	
2023-04-27 19:43:33,914 Epoch: [7][2800/4008]	Time: 0.321s (0.300s)	Speed: 49.8 samples/s	Data: 0.195s (0.125s)	Stage0-heatmaps: 3.430e-03 (2.228e-03)	Stage1-heatmaps: 1.145e-03 (6.905e-04)	Stage0-push: 2.455e-04 (1.805e-04)	Stage1-push: 0.000e+00 (0.000e+00)	Stage0-pull: 2.161e-05 (1.979e-05)	Stage1-pull: 0.000e+00 (0.000e+00)	
2023-04-27 19:44:05,062 Epoch: [7][2900/4008]	Time: 0.364s (0.301s)	Speed: 43.9 samples/s	Data: 0.225s (0.125s)	Stage0-heatmaps: 2.681e-03 (2.226e-03)	Stage1-heatmaps: 7.608e-04 (6.898e-04)	Stage0-push: 2.833e-04 (1.805e-04)	Stage1-push: 0.000e+00 (0.000e+00)	Stage0-pull: 1.174e-05 (1.978e-05)	Stage1-pull: 0.000e+00 (0.000e+00)	
2023-04-27 19:44:34,709 Epoch: [7][3000/4008]	Time: 0.235s (0.300s)	Speed: 68.2 samples/s	Data: 0.003s (0.124s)	Stage0-heatmaps: 2.408e-03 (2.229e-03)	Stage1-heatmaps: 7.332e-04 (6.907e-04)	Stage0-push: 1.582e-04 (1.805e-04)	Stage1-push: 0.000e+00 (0.000e+00)	Stage0-pull: 2.870e-05 (1.985e-05)	Stage1-pull: 0.000e+00 (0.000e+00)	
2023-04-27 19:45:04,235 Epoch: [7][3100/4008]	Time: 0.473s (0.300s)	Speed: 33.8 samples/s	Data: 0.273s (0.124s)	Stage0-heatmaps: 2.350e-03 (2.232e-03)	Stage1-heatmaps: 7.488e-04 (6.919e-04)	Stage0-push: 1.832e-04 (1.807e-04)	Stage1-push: 0.000e+00 (0.000e+00)	Stage0-pull: 2.078e-05 (1.993e-05)	Stage1-pull: 0.000e+00 (0.000e+00)	
2023-04-27 19:45:33,901 Epoch: [7][3200/4008]	Time: 0.602s (0.300s)	Speed: 26.6 samples/s	Data: 0.325s (0.124s)	Stage0-heatmaps: 2.165e-03 (2.231e-03)	Stage1-heatmaps: 6.311e-04 (6.913e-04)	Stage0-push: 2.183e-04 (1.809e-04)	Stage1-push: 0.000e+00 (0.000e+00)	Stage0-pull: 2.241e-05 (1.991e-05)	Stage1-pull: 0.000e+00 (0.000e+00)	
2023-04-27 19:46:02,700 Epoch: [7][3300/4008]	Time: 0.728s (0.300s)	Speed: 22.0 samples/s	Data: 0.497s (0.124s)	Stage0-heatmaps: 2.023e-03 (2.232e-03)	Stage1-heatmaps: 6.013e-04 (6.915e-04)	Stage0-push: 2.078e-04 (1.808e-04)	Stage1-push: 0.000e+00 (0.000e+00)	Stage0-pull: 1.919e-05 (1.995e-05)	Stage1-pull: 0.000e+00 (0.000e+00)	
2023-04-27 19:46:31,757 Epoch: [7][3400/4008]	Time: 0.610s (0.300s)	Speed: 26.2 samples/s	Data: 0.397s (0.123s)	Stage0-heatmaps: 2.173e-03 (2.234e-03)	Stage1-heatmaps: 7.194e-04 (6.925e-04)	Stage0-push: 2.279e-04 (1.809e-04)	Stage1-push: 0.000e+00 (0.000e+00)	Stage0-pull: 2.091e-05 (1.997e-05)	Stage1-pull: 0.000e+00 (0.000e+00)	
2023-04-27 19:47:00,651 Epoch: [7][3500/4008]	Time: 0.620s (0.299s)	Speed: 25.8 samples/s	Data: 0.445s (0.123s)	Stage0-heatmaps: 2.660e-03 (2.233e-03)	Stage1-heatmaps: 8.336e-04 (6.920e-04)	Stage0-push: 1.664e-04 (1.808e-04)	Stage1-push: 0.000e+00 (0.000e+00)	Stage0-pull: 3.202e-05 (1.998e-05)	Stage1-pull: 0.000e+00 (0.000e+00)	
2023-04-27 19:47:29,631 Epoch: [7][3600/4008]	Time: 0.501s (0.299s)	Speed: 31.9 samples/s	Data: 0.303s (0.123s)	Stage0-heatmaps: 2.038e-03 (2.230e-03)	Stage1-heatmaps: 6.370e-04 (6.909e-04)	Stage0-push: 1.749e-04 (1.808e-04)	Stage1-push: 0.000e+00 (0.000e+00)	Stage0-pull: 2.114e-05 (1.994e-05)	Stage1-pull: 0.000e+00 (0.000e+00)	
2023-04-27 19:47:58,213 Epoch: [7][3700/4008]	Time: 0.463s (0.299s)	Speed: 34.6 samples/s	Data: 0.277s (0.122s)	Stage0-heatmaps: 2.322e-03 (2.230e-03)	Stage1-heatmaps: 7.233e-04 (6.908e-04)	Stage0-push: 2.757e-04 (1.809e-04)	Stage1-push: 0.000e+00 (0.000e+00)	Stage0-pull: 1.440e-05 (1.991e-05)	Stage1-pull: 0.000e+00 (0.000e+00)	
2023-04-27 19:48:29,432 Epoch: [7][3800/4008]	Time: 0.590s (0.299s)	Speed: 27.1 samples/s	Data: 0.371s (0.122s)	Stage0-heatmaps: 2.259e-03 (2.229e-03)	Stage1-heatmaps: 7.197e-04 (6.904e-04)	Stage0-push: 1.819e-04 (1.810e-04)	Stage1-push: 0.000e+00 (0.000e+00)	Stage0-pull: 1.810e-05 (1.985e-05)	Stage1-pull: 0.000e+00 (0.000e+00)	
2023-04-27 19:48:57,991 Epoch: [7][3900/4008]	Time: 0.421s (0.299s)	Speed: 38.0 samples/s	Data: 0.195s (0.122s)	Stage0-heatmaps: 2.247e-03 (2.228e-03)	Stage1-heatmaps: 7.453e-04 (6.901e-04)	Stage0-push: 1.383e-04 (1.810e-04)	Stage1-push: 0.000e+00 (0.000e+00)	Stage0-pull: 2.997e-05 (1.983e-05)	Stage1-pull: 0.000e+00 (0.000e+00)	
2023-04-27 19:49:26,275 Epoch: [7][4000/4008]	Time: 0.457s (0.298s)	Speed: 35.0 samples/s	Data: 0.277s (0.122s)	Stage0-heatmaps: 1.614e-03 (2.227e-03)	Stage1-heatmaps: 4.861e-04 (6.898e-04)	Stage0-push: 1.486e-04 (1.811e-04)	Stage1-push: 0.000e+00 (0.000e+00)	Stage0-pull: 1.953e-05 (1.981e-05)	Stage1-pull: 0.000e+00 (0.000e+00)	
2023-04-27 19:49:37,232 => saving checkpoint to output/coco_kpt/pose_transmobilenet/mobile
